#! /c/Source/iverilog-install/bin/vvp
:ivl_version "12.0 (devel)" "(s20150603-1110-g18392a46)";
:ivl_delay_selection "TYPICAL";
:vpi_time_precision - 12;
:vpi_module "D:\PROGRA~2\iverilog\lib\ivl\system.vpi";
:vpi_module "D:\PROGRA~2\iverilog\lib\ivl\vhdl_sys.vpi";
:vpi_module "D:\PROGRA~2\iverilog\lib\ivl\vhdl_textio.vpi";
:vpi_module "D:\PROGRA~2\iverilog\lib\ivl\v2005_math.vpi";
:vpi_module "D:\PROGRA~2\iverilog\lib\ivl\va_math.vpi";
S_0000012ce6fa0490 .scope module, "tb_async_to_sync_fifo" "tb_async_to_sync_fifo" 2 4;
 .timescale -12 -12;
P_0000012ce6f9ef40 .param/l "ADDR_WIDTH" 0 2 8, +C4<00000000000000000000000000000010>;
P_0000012ce6f9ef78 .param/l "DATA_WIDTH" 0 2 6, +C4<00000000000000000000000000001000>;
P_0000012ce6f9efb0 .param/l "FIFO_DEPTH" 0 2 7, +C4<00000000000000000000000000000100>;
v0000012ce700b6e0_0 .var "async_din", 7 0;
v0000012ce700c680_0 .var "async_wr_req", 0 0;
v0000012ce700b780_0 .var "clk_cache", 0 0;
v0000012ce700b1e0_0 .net "dout", 7 0, L_0000012ce6fb56e0;  1 drivers
v0000012ce700c720_0 .net "empty", 0 0, L_0000012ce700c7c0;  1 drivers
v0000012ce700b820_0 .net "full", 0 0, L_0000012ce6fb51a0;  1 drivers
v0000012ce700b320_0 .var/i "idx", 31 0;
v0000012ce700b8c0_0 .var "rd_en", 0 0;
v0000012ce700b460_0 .var "rst_n", 0 0;
S_0000012ce6faf570 .scope module, "uut" "async_to_sync_fifo_ctrl" 2 24, 3 1 0, S_0000012ce6fa0490;
 .timescale 0 0;
    .port_info 0 /INPUT 1 "async_wr_req";
    .port_info 1 /INPUT 8 "async_din";
    .port_info 2 /INPUT 1 "clk_cache";
    .port_info 3 /INPUT 1 "rst_n";
    .port_info 4 /INPUT 1 "rd_en";
    .port_info 5 /OUTPUT 8 "dout";
    .port_info 6 /OUTPUT 1 "empty";
    .port_info 7 /OUTPUT 1 "full";
P_0000012ce6fa0620 .param/l "ADDR_WIDTH" 0 3 4, +C4<00000000000000000000000000000010>;
P_0000012ce6fa0658 .param/l "DATA_WIDTH" 0 3 2, +C4<00000000000000000000000000001000>;
P_0000012ce6fa0690 .param/l "FIFO_DEPTH" 0 3 3, +C4<00000000000000000000000000000100>;
L_0000012ce6fb5980 .functor AND 1, L_0000012ce700baa0, L_0000012ce700b960, C4<1>, C4<1>;
L_0000012ce6fb5ad0 .functor AND 1, L_0000012ce6fb5980, L_0000012ce700c180, C4<1>, C4<1>;
L_0000012ce6fb56e0 .functor BUFZ 8, L_0000012ce700c040, C4<00000000>, C4<00000000>, C4<00000000>;
L_0000012ce6fb52f0 .functor XOR 1, L_0000012ce700c220, L_0000012ce700be60, C4<0>, C4<0>;
L_0000012ce6fb51a0 .functor AND 1, L_0000012ce6fb52f0, L_0000012ce700bb40, C4<1>, C4<1>;
v0000012ce6f9c420_0 .net *"_ivl_1", 0 0, L_0000012ce700baa0;  1 drivers
v0000012ce6f9c600_0 .net *"_ivl_12", 7 0, L_0000012ce700c040;  1 drivers
v0000012ce6f9c4c0_0 .net *"_ivl_15", 1 0, L_0000012ce700ba00;  1 drivers
v0000012ce6f9bd40_0 .net *"_ivl_16", 3 0, L_0000012ce700cf40;  1 drivers
L_0000012ce700dc88 .functor BUFT 1, C4<00>, C4<0>, C4<0>, C4<0>;
v0000012ce6f9c6a0_0 .net *"_ivl_19", 1 0, L_0000012ce700dc88;  1 drivers
v0000012ce6f9c880_0 .net *"_ivl_25", 0 0, L_0000012ce700c220;  1 drivers
v0000012ce6f9be80_0 .net *"_ivl_27", 0 0, L_0000012ce700be60;  1 drivers
v0000012ce6f9cc40_0 .net *"_ivl_28", 0 0, L_0000012ce6fb52f0;  1 drivers
v0000012ce6f9bde0_0 .net *"_ivl_3", 0 0, L_0000012ce700c0e0;  1 drivers
v0000012ce6f9c7e0_0 .net *"_ivl_31", 1 0, L_0000012ce700c2c0;  1 drivers
v0000012ce6f9c1a0_0 .net *"_ivl_33", 1 0, L_0000012ce700c860;  1 drivers
v0000012ce6f9c240_0 .net *"_ivl_34", 0 0, L_0000012ce700bb40;  1 drivers
v0000012ce6f9bf20_0 .net *"_ivl_5", 0 0, L_0000012ce700b960;  1 drivers
v0000012ce6f9bfc0_0 .net *"_ivl_7", 0 0, L_0000012ce6fb5980;  1 drivers
v0000012ce6f9c920_0 .net *"_ivl_9", 0 0, L_0000012ce700c180;  1 drivers
v0000012ce6f9c9c0_0 .net "async_din", 7 0, v0000012ce700b6e0_0;  1 drivers
v0000012ce6f9c100_0 .net "async_wr_req", 0 0, v0000012ce700c680_0;  1 drivers
v0000012ce6f9ca60_0 .net "clk_cache", 0 0, v0000012ce700b780_0;  1 drivers
v0000012ce6f9cb00_0 .var "din_reg", 7 0;
v0000012ce6f9c2e0_0 .net "dout", 7 0, L_0000012ce6fb56e0;  alias, 1 drivers
v0000012ce6f9cba0_0 .net "empty", 0 0, L_0000012ce700c7c0;  alias, 1 drivers
v0000012ce700ca40 .array "fifo_ram", 0 3, 7 0;
v0000012ce700cd60_0 .net "full", 0 0, L_0000012ce6fb51a0;  alias, 1 drivers
v0000012ce700b640_0 .var/i "i", 31 0;
v0000012ce700cea0_0 .net "rd_en", 0 0, v0000012ce700b8c0_0;  1 drivers
v0000012ce700bdc0_0 .var "rd_ptr", 2 0;
v0000012ce700bf00_0 .net "rst_n", 0 0, v0000012ce700b460_0;  1 drivers
v0000012ce700c540_0 .net "wr_en", 0 0, L_0000012ce6fb5ad0;  1 drivers
v0000012ce700b140_0 .var "wr_ptr", 2 0;
v0000012ce700c900_0 .var "wr_req_sync", 2 0;
E_0000012ce6f9ad60/0 .event negedge, v0000012ce700bf00_0;
E_0000012ce6f9ad60/1 .event posedge, v0000012ce6f9ca60_0;
E_0000012ce6f9ad60 .event/or E_0000012ce6f9ad60/0, E_0000012ce6f9ad60/1;
L_0000012ce700baa0 .part v0000012ce700c900_0, 1, 1;
L_0000012ce700c0e0 .part v0000012ce700c900_0, 2, 1;
L_0000012ce700b960 .reduce/nor L_0000012ce700c0e0;
L_0000012ce700c180 .reduce/nor L_0000012ce6fb51a0;
L_0000012ce700c040 .array/port v0000012ce700ca40, L_0000012ce700cf40;
L_0000012ce700ba00 .part v0000012ce700bdc0_0, 0, 2;
L_0000012ce700cf40 .concat [ 2 2 0 0], L_0000012ce700ba00, L_0000012ce700dc88;
L_0000012ce700c7c0 .cmp/eq 3, v0000012ce700b140_0, v0000012ce700bdc0_0;
L_0000012ce700c220 .part v0000012ce700b140_0, 2, 1;
L_0000012ce700be60 .part v0000012ce700bdc0_0, 2, 1;
L_0000012ce700c2c0 .part v0000012ce700b140_0, 0, 2;
L_0000012ce700c860 .part v0000012ce700bdc0_0, 0, 2;
L_0000012ce700bb40 .cmp/eq 2, L_0000012ce700c2c0, L_0000012ce700c860;
    .scope S_0000012ce6faf570;
T_0 ;
    %wait E_0000012ce6f9ad60;
    %load/vec4 v0000012ce700bf00_0;
    %nor/r;
    %flag_set/vec4 8;
    %jmp/0xz  T_0.0, 8;
    %pushi/vec4 0, 0, 3;
    %assign/vec4 v0000012ce700c900_0, 0;
    %jmp T_0.1;
T_0.0 ;
    %load/vec4 v0000012ce700c900_0;
    %parti/s 2, 0, 2;
    %load/vec4 v0000012ce6f9c100_0;
    %concat/vec4; draw_concat_vec4
    %assign/vec4 v0000012ce700c900_0, 0;
T_0.1 ;
    %jmp T_0;
    .thread T_0;
    .scope S_0000012ce6faf570;
T_1 ;
    %wait E_0000012ce6f9ad60;
    %load/vec4 v0000012ce700bf00_0;
    %nor/r;
    %flag_set/vec4 8;
    %jmp/0xz  T_1.0, 8;
    %pushi/vec4 0, 0, 8;
    %assign/vec4 v0000012ce6f9cb00_0, 0;
    %jmp T_1.1;
T_1.0 ;
    %load/vec4 v0000012ce6f9c100_0;
    %flag_set/vec4 8;
    %jmp/0xz  T_1.2, 8;
    %load/vec4 v0000012ce6f9c9c0_0;
    %assign/vec4 v0000012ce6f9cb00_0, 0;
T_1.2 ;
T_1.1 ;
    %jmp T_1;
    .thread T_1;
    .scope S_0000012ce6faf570;
T_2 ;
    %wait E_0000012ce6f9ad60;
    %load/vec4 v0000012ce700bf00_0;
    %nor/r;
    %flag_set/vec4 8;
    %jmp/0xz  T_2.0, 8;
    %pushi/vec4 0, 0, 3;
    %assign/vec4 v0000012ce700b140_0, 0;
    %jmp T_2.1;
T_2.0 ;
    %load/vec4 v0000012ce700c540_0;
    %flag_set/vec4 8;
    %jmp/0xz  T_2.2, 8;
    %load/vec4 v0000012ce6f9cb00_0;
    %load/vec4 v0000012ce700b140_0;
    %parti/s 2, 0, 2;
    %pad/u 4;
    %ix/vec4 3;
    %ix/load 4, 0, 0; Constant delay
    %assign/vec4/a/d v0000012ce700ca40, 0, 4;
    %load/vec4 v0000012ce700b140_0;
    %addi 1, 0, 3;
    %assign/vec4 v0000012ce700b140_0, 0;
T_2.2 ;
T_2.1 ;
    %jmp T_2;
    .thread T_2;
    .scope S_0000012ce6faf570;
T_3 ;
    %wait E_0000012ce6f9ad60;
    %load/vec4 v0000012ce700bf00_0;
    %nor/r;
    %flag_set/vec4 8;
    %jmp/0xz  T_3.0, 8;
    %pushi/vec4 0, 0, 3;
    %assign/vec4 v0000012ce700bdc0_0, 0;
    %jmp T_3.1;
T_3.0 ;
    %load/vec4 v0000012ce700cea0_0;
    %load/vec4 v0000012ce6f9cba0_0;
    %nor/r;
    %and;
    %flag_set/vec4 8;
    %jmp/0xz  T_3.2, 8;
    %load/vec4 v0000012ce700bdc0_0;
    %addi 1, 0, 3;
    %assign/vec4 v0000012ce700bdc0_0, 0;
T_3.2 ;
T_3.1 ;
    %jmp T_3;
    .thread T_3;
    .scope S_0000012ce6faf570;
T_4 ;
    %pushi/vec4 0, 0, 32;
    %store/vec4 v0000012ce700b640_0, 0, 32;
T_4.0 ;
    %load/vec4 v0000012ce700b640_0;
    %cmpi/s 4, 0, 32;
    %jmp/0xz T_4.1, 5;
    %pushi/vec4 0, 0, 8;
    %ix/getv/s 4, v0000012ce700b640_0;
    %store/vec4a v0000012ce700ca40, 4, 0;
    %load/vec4 v0000012ce700b640_0;
    %addi 1, 0, 32;
    %store/vec4 v0000012ce700b640_0, 0, 32;
    %jmp T_4.0;
T_4.1 ;
    %end;
    .thread T_4;
    .scope S_0000012ce6fa0490;
T_5 ;
    %delay 5000, 0;
    %load/vec4 v0000012ce700b780_0;
    %inv;
    %store/vec4 v0000012ce700b780_0, 0, 1;
    %jmp T_5;
    .thread T_5;
    .scope S_0000012ce6fa0490;
T_6 ;
    %vpi_call 2 38 "$dumpfile", "tb_FIFO_cache.vcd" {0 0 0};
    %vpi_call 2 39 "$dumpvars", 32'sb00000000000000000000000000000000, S_0000012ce6faf570 {0 0 0};
    %pushi/vec4 0, 0, 32;
    %store/vec4 v0000012ce700b320_0, 0, 32;
T_6.0 ;
    %load/vec4 v0000012ce700b320_0;
    %cmpi/s 4, 0, 32;
    %jmp/0xz T_6.1, 5;
    %vpi_call 2 41 "$dumpvars", 32'sb00000000000000000000000000000000, &A<v0000012ce700ca40, v0000012ce700b320_0 > {0 0 0};
    %load/vec4 v0000012ce700b320_0;
    %addi 1, 0, 32;
    %store/vec4 v0000012ce700b320_0, 0, 32;
    %jmp T_6.0;
T_6.1 ;
    %pushi/vec4 0, 0, 1;
    %store/vec4 v0000012ce700b780_0, 0, 1;
    %pushi/vec4 0, 0, 1;
    %store/vec4 v0000012ce700b460_0, 0, 1;
    %pushi/vec4 0, 0, 1;
    %store/vec4 v0000012ce700c680_0, 0, 1;
    %pushi/vec4 0, 0, 8;
    %store/vec4 v0000012ce700b6e0_0, 0, 8;
    %pushi/vec4 0, 0, 1;
    %store/vec4 v0000012ce700b8c0_0, 0, 1;
    %delay 20000, 0;
    %pushi/vec4 1, 0, 1;
    %store/vec4 v0000012ce700b460_0, 0, 1;
    %delay 10000, 0;
    %pushi/vec4 170, 0, 8;
    %store/vec4 v0000012ce700b6e0_0, 0, 8;
    %pushi/vec4 1, 0, 1;
    %store/vec4 v0000012ce700c680_0, 0, 1;
    %vpi_call 2 55 "$display", "[%0t ps] >> 5bit written successfully", $time {0 0 0};
    %delay 20000, 0;
    %pushi/vec4 0, 0, 1;
    %store/vec4 v0000012ce700c680_0, 0, 1;
    %delay 10000, 0;
    %vpi_call 2 61 "$display", "[%0t ps] >> 5ps", $time {0 0 0};
    %vpi_call 2 105 "$finish" {0 0 0};
    %end;
    .thread T_6;
# The file index is used to find the file name in the following table.
:file_names 4;
    "N/A";
    "<interactive>";
    "tb_FIFO_cache.v";
    "FIFO_cache.v";
