#! /c/Source/iverilog-install/bin/vvp
:ivl_version "12.0 (devel)" "(s20150603-1110-g18392a46)";
:ivl_delay_selection "TYPICAL";
:vpi_time_precision + 0;
:vpi_module "C:\iverilog\lib\ivl\system.vpi";
:vpi_module "C:\iverilog\lib\ivl\vhdl_sys.vpi";
:vpi_module "C:\iverilog\lib\ivl\vhdl_textio.vpi";
:vpi_module "C:\iverilog\lib\ivl\v2005_math.vpi";
:vpi_module "C:\iverilog\lib\ivl\va_math.vpi";
:vpi_module "C:\iverilog\lib\ivl\v2009.vpi";
S_00000248f6901940 .scope package, "$unit" "$unit" 2 1;
 .timescale 0 0;
S_00000248f690eb00 .scope module, "ddr3_frame" "ddr3_frame" 3 1;
 .timescale 0 0;
    .port_info 0 /INPUT 1 "pix_clk";
    .port_info 1 /INPUT 1 "mem_clk";
    .port_info 2 /INPUT 1 "rst_n";
    .port_info 3 /INPUT 1 "ddr_ready";
    .port_info 4 /INPUT 1 "frame_swap";
    .port_info 5 /INPUT 12 "pixel_x";
    .port_info 6 /INPUT 12 "pixel_y";
    .port_info 7 /INPUT 1 "scan_de";
    .port_info 8 /INPUT 1 "wr_req";
    .port_info 9 /INPUT 12 "wr_x";
    .port_info 10 /INPUT 12 "wr_y";
    .port_info 11 /INPUT 24 "wr_data";
    .port_info 12 /OUTPUT 1 "wr_ready";
    .port_info 13 /OUTPUT 32 "display_base";
    .port_info 14 /OUTPUT 32 "draw_base";
    .port_info 15 /OUTPUT 1 "mem_arvalid";
    .port_info 16 /INPUT 1 "mem_arready";
    .port_info 17 /OUTPUT 28 "mem_araddr";
    .port_info 18 /OUTPUT 8 "mem_arlen";
    .port_info 19 /INPUT 1 "mem_rvalid";
    .port_info 20 /OUTPUT 1 "mem_rready";
    .port_info 21 /INPUT 32 "mem_rdata";
    .port_info 22 /OUTPUT 1 "mem_awvalid";
    .port_info 23 /INPUT 1 "mem_awready";
    .port_info 24 /OUTPUT 28 "mem_awaddr";
    .port_info 25 /OUTPUT 4 "mem_wstrb";
    .port_info 26 /OUTPUT 1 "mem_wvalid";
    .port_info 27 /INPUT 1 "mem_wready";
    .port_info 28 /OUTPUT 32 "mem_wdata";
    .port_info 29 /INPUT 1 "mem_bvalid";
    .port_info 30 /OUTPUT 1 "mem_bready";
    .port_info 31 /OUTPUT 24 "pixel_data";
P_00000248f6946b70 .param/l "BURST_MAX" 1 3 49, +C4<00000000000000000000000100000000>;
P_00000248f6946ba8 .param/l "FRAME0_BASE" 0 3 4, C4<00000000000000000000000000000000>;
P_00000248f6946be0 .param/l "FRAME1_BASE" 0 3 5, C4<00000000100000000000000000000000>;
P_00000248f6946c18 .param/l "FRAME_H" 0 3 3, +C4<00000000000000000000010000111000>;
P_00000248f6946c50 .param/l "FRAME_W" 0 3 2, +C4<00000000000000000000011110000000>;
L_00000248f6900de0 .functor BUFZ 32, v00000248f69a0a80_0, C4<00000000000000000000000000000000>, C4<00000000000000000000000000000000>, C4<00000000000000000000000000000000>;
L_00000248f6900f30 .functor BUFZ 32, v00000248f699f540_0, C4<00000000000000000000000000000000>, C4<00000000000000000000000000000000>, C4<00000000000000000000000000000000>;
v00000248f699f680_0 .var "active_y", 11 0;
v00000248f69a04e0_0 .var "active_y_meta", 11 0;
v00000248f69a0940_0 .var "active_y_pix", 11 0;
v00000248f69a08a0_0 .var "ar_addr", 27 0;
v00000248f69a0580_0 .var "beat_cnt", 7 0;
v00000248f699f4a0_0 .var "beat_total", 7 0;
o00000248f694e2a8 .functor BUFZ 1, C4<z>; HiZ drive
v00000248f69a0440_0 .net "ddr_ready", 0 0, o00000248f694e2a8;  0 drivers
v00000248f69a0da0_0 .net "display_base", 31 0, L_00000248f6900de0;  1 drivers
v00000248f69a0a80_0 .var "display_base_reg", 31 0;
v00000248f69a0120_0 .net "draw_base", 31 0, L_00000248f6900f30;  1 drivers
v00000248f699f540_0 .var "draw_base_reg", 31 0;
o00000248f694e398 .functor BUFZ 1, C4<z>; HiZ drive
v00000248f699ef00_0 .net "frame_swap", 0 0, o00000248f694e398;  0 drivers
v00000248f699fae0_0 .var "frame_swap_mem", 0 0;
v00000248f699fcc0_0 .var "frame_swap_sync1", 0 0;
v00000248f69a0800_0 .var "frame_swap_sync2", 0 0;
v00000248f699fb80_0 .var "frame_swap_sync2_d", 0 0;
v00000248f699fd60 .array "line_buf", 1919 0, 23 0;
v00000248f699f040_0 .var "line_done_pix", 0 0;
v00000248f699f0e0_0 .var "line_done_sync1", 0 0;
v00000248f699efa0_0 .var "line_done_sync2", 0 0;
v00000248f69a0760_0 .var "line_ready", 0 0;
v00000248f699f360_0 .var "line_ready_meta", 0 0;
v00000248f699fc20_0 .var "line_ready_pix", 0 0;
v00000248f699f400_0 .var "mem_araddr", 27 0;
v00000248f699f900_0 .var "mem_arlen", 7 0;
o00000248f694e608 .functor BUFZ 1, C4<z>; HiZ drive
v00000248f699f5e0_0 .net "mem_arready", 0 0, o00000248f694e608;  0 drivers
v00000248f69a09e0_0 .var "mem_arvalid", 0 0;
v00000248f69a0d00_0 .var "mem_awaddr", 27 0;
o00000248f694e698 .functor BUFZ 1, C4<z>; HiZ drive
v00000248f699fe00_0 .net "mem_awready", 0 0, o00000248f694e698;  0 drivers
v00000248f69a0620_0 .var "mem_awvalid", 0 0;
v00000248f699fea0_0 .var "mem_bready", 0 0;
o00000248f694e728 .functor BUFZ 1, C4<z>; HiZ drive
v00000248f699f180_0 .net "mem_bvalid", 0 0, o00000248f694e728;  0 drivers
o00000248f694e758 .functor BUFZ 1, C4<z>; HiZ drive
v00000248f699ff40_0 .net "mem_clk", 0 0, o00000248f694e758;  0 drivers
o00000248f694e788 .functor BUFZ 32, C4<zzzzzzzzzzzzzzzzzzzzzzzzzzzzzzzz>; HiZ drive
v00000248f699f7c0_0 .net "mem_rdata", 31 0, o00000248f694e788;  0 drivers
v00000248f699fa40_0 .var "mem_rready", 0 0;
o00000248f694e7e8 .functor BUFZ 1, C4<z>; HiZ drive
v00000248f699f860_0 .net "mem_rvalid", 0 0, o00000248f694e7e8;  0 drivers
v00000248f699f9a0_0 .var "mem_wdata", 31 0;
o00000248f694e848 .functor BUFZ 1, C4<z>; HiZ drive
v00000248f699ffe0_0 .net "mem_wready", 0 0, o00000248f694e848;  0 drivers
v00000248f69a0080_0 .var "mem_wstrb", 3 0;
v00000248f69a01c0_0 .var "mem_wvalid", 0 0;
o00000248f694e8d8 .functor BUFZ 1, C4<z>; HiZ drive
v00000248f69a0b20_0 .net "pix_clk", 0 0, o00000248f694e8d8;  0 drivers
v00000248f69a0260_0 .var "pixel_data", 23 0;
o00000248f694e938 .functor BUFZ 12, C4<zzzzzzzzzzzz>; HiZ drive
v00000248f699f220_0 .net "pixel_x", 11 0, o00000248f694e938;  0 drivers
o00000248f694e968 .functor BUFZ 12, C4<zzzzzzzzzzzz>; HiZ drive
v00000248f69a0300_0 .net "pixel_y", 11 0, o00000248f694e968;  0 drivers
o00000248f694e998 .functor BUFZ 1, C4<z>; HiZ drive
v00000248f69a06c0_0 .net "rst_n", 0 0, o00000248f694e998;  0 drivers
v00000248f69a03a0_0 .var "rstate", 1 0;
o00000248f694e9f8 .functor BUFZ 1, C4<z>; HiZ drive
v00000248f69a0bc0_0 .net "scan_de", 0 0, o00000248f694e9f8;  0 drivers
v00000248f699f2c0_0 .var "words_left", 11 0;
o00000248f694ea58 .functor BUFZ 24, C4<zzzzzzzzzzzzzzzzzzzzzzzz>; HiZ drive
v00000248f69a0c60_0 .net "wr_data", 23 0, o00000248f694ea58;  0 drivers
v00000248f69a9ec0_0 .var "wr_data_lat", 23 0;
v00000248f69aa6e0_0 .var "wr_ready", 0 0;
o00000248f694eae8 .functor BUFZ 1, C4<z>; HiZ drive
v00000248f69a9c40_0 .net "wr_req", 0 0, o00000248f694eae8;  0 drivers
o00000248f694eb18 .functor BUFZ 12, C4<zzzzzzzzzzzz>; HiZ drive
v00000248f69a9a60_0 .net "wr_x", 11 0, o00000248f694eb18;  0 drivers
v00000248f69a9d80_0 .var "wr_x_cnt", 11 0;
v00000248f69aaf00_0 .var "wr_x_lat", 11 0;
o00000248f694eba8 .functor BUFZ 12, C4<zzzzzzzzzzzz>; HiZ drive
v00000248f69aa460_0 .net "wr_y", 11 0, o00000248f694eba8;  0 drivers
v00000248f69aa640_0 .var "wr_y_lat", 11 0;
v00000248f69aa780_0 .var "wstate", 1 0;
E_00000248f693fdc0/0 .event negedge, v00000248f69a06c0_0;
E_00000248f693fdc0/1 .event posedge, v00000248f69a0b20_0;
E_00000248f693fdc0 .event/or E_00000248f693fdc0/0, E_00000248f693fdc0/1;
E_00000248f693f8c0/0 .event negedge, v00000248f69a06c0_0;
E_00000248f693f8c0/1 .event posedge, v00000248f699ff40_0;
E_00000248f693f8c0 .event/or E_00000248f693f8c0/0, E_00000248f693f8c0/1;
S_00000248f694dea0 .scope autofunction.vec4.s28, "line_start_addr" "line_start_addr" 3 85, 3 85 0, S_00000248f690eb00;
 .timescale 0 0;
v00000248f69458e0_0 .var "base", 31 0;
; Variable line_start_addr is vec4 return value of scope S_00000248f694dea0
v00000248f6945980_0 .var "y", 11 0;
TD_ddr3_frame.line_start_addr ;
    %load/vec4 v00000248f69458e0_0;
    %parti/s 28, 0, 2;
    %pad/u 32;
    %load/vec4 v00000248f6945980_0;
    %pad/u 32;
    %muli 1920, 0, 32;
    %ix/load 4, 2, 0;
    %flag_set/imm 4, 0;
    %shiftl 4;
    %add;
    %pad/u 28;
    %ret/vec4 0, 0, 28;  Assign to line_start_addr (store_vec4_to_lval)
    %end;
S_00000248f699ed20 .scope autofunction.vec4.s28, "pixel_addr" "pixel_addr" 3 89, 3 89 0, S_00000248f690eb00;
 .timescale 0 0;
v00000248f6945ac0_0 .var "base", 31 0;
; Variable pixel_addr is vec4 return value of scope S_00000248f699ed20
v00000248f6945ca0_0 .var "x", 11 0;
v00000248f699f720_0 .var "y", 11 0;
TD_ddr3_frame.pixel_addr ;
    %load/vec4 v00000248f6945ac0_0;
    %parti/s 28, 0, 2;
    %pad/u 32;
    %load/vec4 v00000248f699f720_0;
    %pad/u 32;
    %muli 1920, 0, 32;
    %load/vec4 v00000248f6945ca0_0;
    %pad/u 32;
    %add;
    %ix/load 4, 2, 0;
    %flag_set/imm 4, 0;
    %shiftl 4;
    %add;
    %pad/u 28;
    %ret/vec4 0, 0, 28;  Assign to pixel_addr (store_vec4_to_lval)
    %end;
S_00000248f69f6970 .scope module, "hdmi_api" "hdmi_api" 4 1;
 .timescale 0 0;
    .port_info 0 /INPUT 1 "clk";
    .port_info 1 /INPUT 1 "rst_n";
    .port_info 2 /INPUT 24 "data";
    .port_info 3 /OUTPUT 1 "hsync";
    .port_info 4 /OUTPUT 1 "vsync";
    .port_info 5 /OUTPUT 1 "de";
    .port_info 6 /OUTPUT 8 "r";
    .port_info 7 /OUTPUT 8 "g";
    .port_info 8 /OUTPUT 8 "b";
    .port_info 9 /OUTPUT 12 "pixel_x";
    .port_info 10 /OUTPUT 12 "pixel_y";
P_00000248f69f6b00 .param/l "H_ACTIVE" 0 4 2, +C4<00000000000000000000011110000000>;
P_00000248f69f6b38 .param/l "H_BP" 1 4 19, +C4<00000000000000000000000010010100>;
P_00000248f69f6b70 .param/l "H_FP" 1 4 17, +C4<00000000000000000000000001011000>;
P_00000248f69f6ba8 .param/l "H_SYNC" 1 4 18, +C4<00000000000000000000000000101100>;
P_00000248f69f6be0 .param/l "H_TOTAL" 1 4 20, +C4<00000000000000000000100010011000>;
P_00000248f69f6c18 .param/l "V_ACTIVE" 0 4 3, +C4<00000000000000000000010000111000>;
P_00000248f69f6c50 .param/l "V_BP" 1 4 23, +C4<00000000000000000000000000100100>;
P_00000248f69f6c88 .param/l "V_FP" 1 4 21, +C4<00000000000000000000000000000100>;
P_00000248f69f6cc0 .param/l "V_SYNC" 1 4 22, +C4<00000000000000000000000000000101>;
P_00000248f69f6cf8 .param/l "V_TOTAL" 1 4 24, +C4<00000000000000000000010001100101>;
L_00000248f6900bb0 .functor BUFZ 12, v00000248f69aa280_0, C4<000000000000>, C4<000000000000>, C4<000000000000>;
L_00000248f6900c20 .functor BUFZ 12, v00000248f69aa140_0, C4<000000000000>, C4<000000000000>, C4<000000000000>;
L_00000248f6901780 .functor AND 1, L_00000248f69aca40, L_00000248f69abe60, C4<1>, C4<1>;
L_00000248f69012b0 .functor AND 1, L_00000248f69abb40, L_00000248f69ab8c0, C4<1>, C4<1>;
L_00000248f6900e50 .functor NOT 1, L_00000248f69012b0, C4<0>, C4<0>, C4<0>;
L_00000248f6901400 .functor AND 1, L_00000248f69ab820, L_00000248f69abaa0, C4<1>, C4<1>;
L_00000248f6900980 .functor NOT 1, L_00000248f6901400, C4<0>, C4<0>, C4<0>;
v00000248f69aaa00_0 .net *"_ivl_10", 0 0, L_00000248f69aca40;  1 drivers
v00000248f69a92e0_0 .net *"_ivl_12", 31 0, L_00000248f69ace00;  1 drivers
L_00000248f6d40118 .functor BUFT 1, C4<00000000000000000000>, C4<0>, C4<0>, C4<0>;
v00000248f69aa320_0 .net *"_ivl_15", 19 0, L_00000248f6d40118;  1 drivers
L_00000248f6d40160 .functor BUFT 1, C4<00000000000000000000010000111000>, C4<0>, C4<0>, C4<0>;
v00000248f69aa500_0 .net/2u *"_ivl_16", 31 0, L_00000248f6d40160;  1 drivers
v00000248f69aabe0_0 .net *"_ivl_18", 0 0, L_00000248f69abe60;  1 drivers
v00000248f69aa820_0 .net *"_ivl_22", 31 0, L_00000248f69ac900;  1 drivers
L_00000248f6d401a8 .functor BUFT 1, C4<00000000000000000000>, C4<0>, C4<0>, C4<0>;
v00000248f69aa8c0_0 .net *"_ivl_25", 19 0, L_00000248f6d401a8;  1 drivers
L_00000248f6d401f0 .functor BUFT 1, C4<00000000000000000000011111011000>, C4<0>, C4<0>, C4<0>;
v00000248f69aa1e0_0 .net/2u *"_ivl_26", 31 0, L_00000248f6d401f0;  1 drivers
v00000248f69ab0e0_0 .net *"_ivl_28", 0 0, L_00000248f69abb40;  1 drivers
v00000248f69aadc0_0 .net *"_ivl_30", 31 0, L_00000248f69ac400;  1 drivers
L_00000248f6d40238 .functor BUFT 1, C4<00000000000000000000>, C4<0>, C4<0>, C4<0>;
v00000248f69a94c0_0 .net *"_ivl_33", 19 0, L_00000248f6d40238;  1 drivers
L_00000248f6d40280 .functor BUFT 1, C4<00000000000000000000100000000100>, C4<0>, C4<0>, C4<0>;
v00000248f69aa3c0_0 .net/2u *"_ivl_34", 31 0, L_00000248f6d40280;  1 drivers
v00000248f69aa960_0 .net *"_ivl_36", 0 0, L_00000248f69ab8c0;  1 drivers
v00000248f69aaaa0_0 .net *"_ivl_39", 0 0, L_00000248f69012b0;  1 drivers
v00000248f69a9ce0_0 .net *"_ivl_4", 31 0, L_00000248f69abf00;  1 drivers
v00000248f69aab40_0 .net *"_ivl_42", 31 0, L_00000248f69ab960;  1 drivers
L_00000248f6d402c8 .functor BUFT 1, C4<00000000000000000000>, C4<0>, C4<0>, C4<0>;
v00000248f69a9e20_0 .net *"_ivl_45", 19 0, L_00000248f6d402c8;  1 drivers
L_00000248f6d40310 .functor BUFT 1, C4<00000000000000000000010000111100>, C4<0>, C4<0>, C4<0>;
v00000248f69a9380_0 .net/2u *"_ivl_46", 31 0, L_00000248f6d40310;  1 drivers
v00000248f69aac80_0 .net *"_ivl_48", 0 0, L_00000248f69ab820;  1 drivers
v00000248f69a99c0_0 .net *"_ivl_50", 31 0, L_00000248f69ac9a0;  1 drivers
L_00000248f6d40358 .functor BUFT 1, C4<00000000000000000000>, C4<0>, C4<0>, C4<0>;
v00000248f69a9420_0 .net *"_ivl_53", 19 0, L_00000248f6d40358;  1 drivers
L_00000248f6d403a0 .functor BUFT 1, C4<00000000000000000000010001000001>, C4<0>, C4<0>, C4<0>;
v00000248f69aa5a0_0 .net/2u *"_ivl_54", 31 0, L_00000248f6d403a0;  1 drivers
v00000248f69a9f60_0 .net *"_ivl_56", 0 0, L_00000248f69abaa0;  1 drivers
v00000248f69aa000_0 .net *"_ivl_59", 0 0, L_00000248f6901400;  1 drivers
L_00000248f6d40088 .functor BUFT 1, C4<00000000000000000000>, C4<0>, C4<0>, C4<0>;
v00000248f69a9560_0 .net *"_ivl_7", 19 0, L_00000248f6d40088;  1 drivers
L_00000248f6d400d0 .functor BUFT 1, C4<00000000000000000000011110000000>, C4<0>, C4<0>, C4<0>;
v00000248f69a9880_0 .net/2u *"_ivl_8", 31 0, L_00000248f6d400d0;  1 drivers
v00000248f69a9600_0 .var "b", 7 0;
o00000248f694f748 .functor BUFZ 1, C4<z>; HiZ drive
v00000248f69aad20_0 .net "clk", 0 0, o00000248f694f748;  0 drivers
o00000248f694f778 .functor BUFZ 24, C4<zzzzzzzzzzzzzzzzzzzzzzzz>; HiZ drive
v00000248f69a9ba0_0 .net "data", 23 0, o00000248f694f778;  0 drivers
v00000248f69a9740_0 .var "de", 0 0;
v00000248f69aa0a0_0 .net "de_w", 0 0, L_00000248f6901780;  1 drivers
v00000248f69a9240_0 .var "g", 7 0;
v00000248f69aa280_0 .var "hcnt", 11 0;
v00000248f69a9b00_0 .var "hsync", 0 0;
v00000248f69aafa0_0 .net "hsync_w", 0 0, L_00000248f6900e50;  1 drivers
v00000248f69a96a0_0 .net "pixel_x", 11 0, L_00000248f6900bb0;  1 drivers
v00000248f69aae60_0 .net "pixel_y", 11 0, L_00000248f6900c20;  1 drivers
v00000248f69ab040_0 .var "r", 7 0;
o00000248f694f958 .functor BUFZ 1, C4<z>; HiZ drive
v00000248f69a97e0_0 .net "rst_n", 0 0, o00000248f694f958;  0 drivers
v00000248f69aa140_0 .var "vcnt", 11 0;
v00000248f69a9920_0 .var "vsync", 0 0;
v00000248f69ab640_0 .net "vsync_w", 0 0, L_00000248f6900980;  1 drivers
E_00000248f693f4c0/0 .event negedge, v00000248f69a97e0_0;
E_00000248f693f4c0/1 .event posedge, v00000248f69aad20_0;
E_00000248f693f4c0 .event/or E_00000248f693f4c0/0, E_00000248f693f4c0/1;
L_00000248f69abf00 .concat [ 12 20 0 0], v00000248f69aa280_0, L_00000248f6d40088;
L_00000248f69aca40 .cmp/gt 32, L_00000248f6d400d0, L_00000248f69abf00;
L_00000248f69ace00 .concat [ 12 20 0 0], v00000248f69aa140_0, L_00000248f6d40118;
L_00000248f69abe60 .cmp/gt 32, L_00000248f6d40160, L_00000248f69ace00;
L_00000248f69ac900 .concat [ 12 20 0 0], v00000248f69aa280_0, L_00000248f6d401a8;
L_00000248f69abb40 .cmp/ge 32, L_00000248f69ac900, L_00000248f6d401f0;
L_00000248f69ac400 .concat [ 12 20 0 0], v00000248f69aa280_0, L_00000248f6d40238;
L_00000248f69ab8c0 .cmp/gt 32, L_00000248f6d40280, L_00000248f69ac400;
L_00000248f69ab960 .concat [ 12 20 0 0], v00000248f69aa140_0, L_00000248f6d402c8;
L_00000248f69ab820 .cmp/ge 32, L_00000248f69ab960, L_00000248f6d40310;
L_00000248f69ac9a0 .concat [ 12 20 0 0], v00000248f69aa140_0, L_00000248f6d40358;
L_00000248f69abaa0 .cmp/gt 32, L_00000248f6d403a0, L_00000248f69ac9a0;
    .scope S_00000248f690eb00;
T_2 ;
    %wait E_00000248f693f8c0;
    %load/vec4 v00000248f69a06c0_0;
    %nor/r;
    %flag_set/vec4 8;
    %jmp/0xz  T_2.0, 8;
    %pushi/vec4 0, 0, 32;
    %assign/vec4 v00000248f69a0a80_0, 0;
    %pushi/vec4 8388608, 0, 32;
    %assign/vec4 v00000248f699f540_0, 0;
    %jmp T_2.1;
T_2.0 ;
    %load/vec4 v00000248f699fae0_0;
    %flag_set/vec4 8;
    %jmp/0xz  T_2.2, 8;
    %load/vec4 v00000248f699f540_0;
    %assign/vec4 v00000248f69a0a80_0, 0;
    %load/vec4 v00000248f69a0a80_0;
    %assign/vec4 v00000248f699f540_0, 0;
T_2.2 ;
T_2.1 ;
    %jmp T_2;
    .thread T_2;
    .scope S_00000248f690eb00;
T_3 ;
    %wait E_00000248f693f8c0;
    %load/vec4 v00000248f69a06c0_0;
    %nor/r;
    %flag_set/vec4 8;
    %jmp/0xz  T_3.0, 8;
    %pushi/vec4 0, 0, 1;
    %assign/vec4 v00000248f699fcc0_0, 0;
    %pushi/vec4 0, 0, 1;
    %assign/vec4 v00000248f69a0800_0, 0;
    %pushi/vec4 0, 0, 1;
    %assign/vec4 v00000248f699fae0_0, 0;
    %jmp T_3.1;
T_3.0 ;
    %load/vec4 v00000248f699ef00_0;
    %assign/vec4 v00000248f699fcc0_0, 0;
    %load/vec4 v00000248f699fcc0_0;
    %assign/vec4 v00000248f69a0800_0, 0;
    %load/vec4 v00000248f69a0800_0;
    %load/vec4 v00000248f699fb80_0;
    %nor/r;
    %and;
    %assign/vec4 v00000248f699fae0_0, 0;
    %load/vec4 v00000248f69a0800_0;
    %assign/vec4 v00000248f699fb80_0, 0;
T_3.1 ;
    %jmp T_3;
    .thread T_3;
    .scope S_00000248f690eb00;
T_4 ;
    %wait E_00000248f693f8c0;
    %load/vec4 v00000248f69a06c0_0;
    %nor/r;
    %flag_set/vec4 8;
    %jmp/0xz  T_4.0, 8;
    %pushi/vec4 0, 0, 2;
    %assign/vec4 v00000248f69a03a0_0, 0;
    %pushi/vec4 0, 0, 1;
    %assign/vec4 v00000248f69a09e0_0, 0;
    %pushi/vec4 0, 0, 28;
    %assign/vec4 v00000248f699f400_0, 0;
    %pushi/vec4 0, 0, 8;
    %assign/vec4 v00000248f699f900_0, 0;
    %pushi/vec4 0, 0, 1;
    %assign/vec4 v00000248f699fa40_0, 0;
    %pushi/vec4 0, 0, 12;
    %assign/vec4 v00000248f69a9d80_0, 0;
    %pushi/vec4 0, 0, 12;
    %assign/vec4 v00000248f699f2c0_0, 0;
    %pushi/vec4 0, 0, 28;
    %assign/vec4 v00000248f69a08a0_0, 0;
    %pushi/vec4 0, 0, 12;
    %assign/vec4 v00000248f699f680_0, 0;
    %pushi/vec4 0, 0, 1;
    %assign/vec4 v00000248f69a0760_0, 0;
    %pushi/vec4 0, 0, 8;
    %assign/vec4 v00000248f699f4a0_0, 0;
    %pushi/vec4 0, 0, 8;
    %assign/vec4 v00000248f69a0580_0, 0;
    %jmp T_4.1;
T_4.0 ;
    %load/vec4 v00000248f69a0440_0;
    %nor/r;
    %flag_set/vec4 8;
    %jmp/0xz  T_4.2, 8;
    %pushi/vec4 0, 0, 2;
    %assign/vec4 v00000248f69a03a0_0, 0;
    %pushi/vec4 0, 0, 1;
    %assign/vec4 v00000248f69a09e0_0, 0;
    %pushi/vec4 0, 0, 1;
    %assign/vec4 v00000248f699fa40_0, 0;
    %pushi/vec4 0, 0, 1;
    %assign/vec4 v00000248f69a0760_0, 0;
    %jmp T_4.3;
T_4.2 ;
    %load/vec4 v00000248f699efa0_0;
    %flag_set/vec4 8;
    %jmp/0xz  T_4.4, 8;
    %pushi/vec4 0, 0, 1;
    %assign/vec4 v00000248f69a0760_0, 0;
    %load/vec4 v00000248f699f680_0;
    %pad/u 32;
    %cmpi/e 1079, 0, 32;
    %jmp/0xz  T_4.6, 4;
    %pushi/vec4 0, 0, 12;
    %assign/vec4 v00000248f699f680_0, 0;
    %jmp T_4.7;
T_4.6 ;
    %load/vec4 v00000248f699f680_0;
    %addi 1, 0, 12;
    %assign/vec4 v00000248f699f680_0, 0;
T_4.7 ;
T_4.4 ;
    %load/vec4 v00000248f69a03a0_0;
    %dup/vec4;
    %pushi/vec4 0, 0, 2;
    %cmp/u;
    %jmp/1 T_4.8, 6;
    %dup/vec4;
    %pushi/vec4 1, 0, 2;
    %cmp/u;
    %jmp/1 T_4.9, 6;
    %dup/vec4;
    %pushi/vec4 2, 0, 2;
    %cmp/u;
    %jmp/1 T_4.10, 6;
    %pushi/vec4 0, 0, 2;
    %assign/vec4 v00000248f69a03a0_0, 0;
    %jmp T_4.12;
T_4.8 ;
    %pushi/vec4 0, 0, 1;
    %assign/vec4 v00000248f699fa40_0, 0;
    %load/vec4 v00000248f69a0760_0;
    %nor/r;
    %flag_set/vec4 8;
    %jmp/0xz  T_4.13, 8;
    %pushi/vec4 1920, 0, 12;
    %assign/vec4 v00000248f699f2c0_0, 0;
    %pushi/vec4 0, 0, 12;
    %assign/vec4 v00000248f69a9d80_0, 0;
    %alloc S_00000248f694dea0;
    %load/vec4 v00000248f69a0a80_0;
    %load/vec4 v00000248f699f680_0;
    %store/vec4 v00000248f6945980_0, 0, 12;
    %store/vec4 v00000248f69458e0_0, 0, 32;
    %callf/vec4 TD_ddr3_frame.line_start_addr, S_00000248f694dea0;
    %free S_00000248f694dea0;
    %assign/vec4 v00000248f69a08a0_0, 0;
    %pushi/vec4 1, 0, 2;
    %assign/vec4 v00000248f69a03a0_0, 0;
T_4.13 ;
    %jmp T_4.12;
T_4.9 ;
    %load/vec4 v00000248f69a09e0_0;
    %nor/r;
    %flag_set/vec4 8;
    %jmp/0xz  T_4.15, 8;
    %load/vec4 v00000248f699f2c0_0;
    %pad/u 32;
    %cmpi/u 256, 0, 32;
    %flag_or 5, 4; GT is !LE
    %flag_inv 5;
    %jmp/0xz  T_4.17, 5;
    %pushi/vec4 255, 0, 8;
    %assign/vec4 v00000248f699f900_0, 0;
    %pushi/vec4 255, 0, 8;
    %assign/vec4 v00000248f699f4a0_0, 0;
    %load/vec4 v00000248f699f2c0_0;
    %pad/u 32;
    %subi 256, 0, 32;
    %pad/u 12;
    %assign/vec4 v00000248f699f2c0_0, 0;
    %jmp T_4.18;
T_4.17 ;
    %load/vec4 v00000248f699f2c0_0;
    %pad/u 32;
    %cmpi/ne 0, 0, 32;
    %jmp/0xz  T_4.19, 4;
    %load/vec4 v00000248f699f2c0_0;
    %parti/s 8, 0, 2;
    %subi 1, 0, 8;
    %assign/vec4 v00000248f699f900_0, 0;
    %load/vec4 v00000248f699f2c0_0;
    %parti/s 8, 0, 2;
    %subi 1, 0, 8;
    %assign/vec4 v00000248f699f4a0_0, 0;
    %pushi/vec4 0, 0, 12;
    %assign/vec4 v00000248f699f2c0_0, 0;
T_4.19 ;
T_4.18 ;
    %load/vec4 v00000248f69a08a0_0;
    %assign/vec4 v00000248f699f400_0, 0;
    %pushi/vec4 1, 0, 1;
    %assign/vec4 v00000248f69a09e0_0, 0;
    %pushi/vec4 0, 0, 8;
    %assign/vec4 v00000248f69a0580_0, 0;
T_4.15 ;
    %load/vec4 v00000248f69a09e0_0;
    %load/vec4 v00000248f699f5e0_0;
    %and;
    %flag_set/vec4 8;
    %jmp/0xz  T_4.21, 8;
    %pushi/vec4 0, 0, 1;
    %assign/vec4 v00000248f69a09e0_0, 0;
    %load/vec4 v00000248f69a08a0_0;
    %load/vec4 v00000248f699f900_0;
    %pad/u 28;
    %addi 1, 0, 28;
    %ix/load 4, 2, 0;
    %flag_set/imm 4, 0;
    %shiftl 4;
    %add;
    %assign/vec4 v00000248f69a08a0_0, 0;
    %pushi/vec4 2, 0, 2;
    %assign/vec4 v00000248f69a03a0_0, 0;
    %pushi/vec4 1, 0, 1;
    %assign/vec4 v00000248f699fa40_0, 0;
T_4.21 ;
    %jmp T_4.12;
T_4.10 ;
    %load/vec4 v00000248f699f860_0;
    %load/vec4 v00000248f699fa40_0;
    %and;
    %flag_set/vec4 8;
    %jmp/0xz  T_4.23, 8;
    %load/vec4 v00000248f699f7c0_0;
    %parti/s 24, 0, 2;
    %ix/getv 3, v00000248f69a9d80_0;
    %ix/load 4, 0, 0; Constant delay
    %assign/vec4/a/d v00000248f699fd60, 0, 4;
    %load/vec4 v00000248f69a9d80_0;
    %addi 1, 0, 12;
    %assign/vec4 v00000248f69a9d80_0, 0;
    %load/vec4 v00000248f69a0580_0;
    %addi 1, 0, 8;
    %assign/vec4 v00000248f69a0580_0, 0;
    %load/vec4 v00000248f69a0580_0;
    %load/vec4 v00000248f699f4a0_0;
    %cmp/e;
    %jmp/0xz  T_4.25, 4;
    %pushi/vec4 0, 0, 1;
    %assign/vec4 v00000248f699fa40_0, 0;
    %load/vec4 v00000248f69a9d80_0;
    %pad/u 32;
    %cmpi/e 1919, 0, 32;
    %jmp/0xz  T_4.27, 4;
    %pushi/vec4 1, 0, 1;
    %assign/vec4 v00000248f69a0760_0, 0;
T_4.27 ;
    %load/vec4 v00000248f699f2c0_0;
    %pad/u 32;
    %pushi/vec4 0, 0, 32;
    %cmp/e;
    %flag_get/vec4 4;
    %load/vec4 v00000248f69a9d80_0;
    %pad/u 32;
    %pushi/vec4 1919, 0, 32;
    %cmp/e;
    %flag_get/vec4 4;
    %and;
    %flag_set/vec4 8;
    %jmp/0xz  T_4.29, 8;
    %pushi/vec4 0, 0, 2;
    %assign/vec4 v00000248f69a03a0_0, 0;
    %jmp T_4.30;
T_4.29 ;
    %pushi/vec4 1, 0, 2;
    %assign/vec4 v00000248f69a03a0_0, 0;
T_4.30 ;
T_4.25 ;
T_4.23 ;
    %jmp T_4.12;
T_4.12 ;
    %pop/vec4 1;
T_4.3 ;
T_4.1 ;
    %jmp T_4;
    .thread T_4;
    .scope S_00000248f690eb00;
T_5 ;
    %wait E_00000248f693f8c0;
    %load/vec4 v00000248f69a06c0_0;
    %nor/r;
    %flag_set/vec4 8;
    %jmp/0xz  T_5.0, 8;
    %pushi/vec4 0, 0, 2;
    %assign/vec4 v00000248f69aa780_0, 0;
    %pushi/vec4 0, 0, 1;
    %assign/vec4 v00000248f69a0620_0, 0;
    %pushi/vec4 0, 0, 28;
    %assign/vec4 v00000248f69a0d00_0, 0;
    %pushi/vec4 15, 0, 4;
    %assign/vec4 v00000248f69a0080_0, 0;
    %pushi/vec4 0, 0, 1;
    %assign/vec4 v00000248f69a01c0_0, 0;
    %pushi/vec4 0, 0, 32;
    %assign/vec4 v00000248f699f9a0_0, 0;
    %pushi/vec4 0, 0, 1;
    %assign/vec4 v00000248f699fea0_0, 0;
    %pushi/vec4 1, 0, 1;
    %assign/vec4 v00000248f69aa6e0_0, 0;
    %pushi/vec4 0, 0, 12;
    %assign/vec4 v00000248f69aaf00_0, 0;
    %pushi/vec4 0, 0, 12;
    %assign/vec4 v00000248f69aa640_0, 0;
    %pushi/vec4 0, 0, 24;
    %assign/vec4 v00000248f69a9ec0_0, 0;
    %jmp T_5.1;
T_5.0 ;
    %load/vec4 v00000248f69aa780_0;
    %dup/vec4;
    %pushi/vec4 0, 0, 2;
    %cmp/u;
    %jmp/1 T_5.2, 6;
    %dup/vec4;
    %pushi/vec4 1, 0, 2;
    %cmp/u;
    %jmp/1 T_5.3, 6;
    %pushi/vec4 0, 0, 2;
    %assign/vec4 v00000248f69aa780_0, 0;
    %jmp T_5.5;
T_5.2 ;
    %pushi/vec4 0, 0, 1;
    %assign/vec4 v00000248f69a0620_0, 0;
    %pushi/vec4 0, 0, 1;
    %assign/vec4 v00000248f69a01c0_0, 0;
    %pushi/vec4 0, 0, 1;
    %assign/vec4 v00000248f699fea0_0, 0;
    %pushi/vec4 1, 0, 1;
    %assign/vec4 v00000248f69aa6e0_0, 0;
    %load/vec4 v00000248f69a9c40_0;
    %load/vec4 v00000248f69aa6e0_0;
    %and;
    %flag_set/vec4 8;
    %jmp/0xz  T_5.6, 8;
    %load/vec4 v00000248f69a9a60_0;
    %assign/vec4 v00000248f69aaf00_0, 0;
    %load/vec4 v00000248f69aa460_0;
    %assign/vec4 v00000248f69aa640_0, 0;
    %load/vec4 v00000248f69a0c60_0;
    %assign/vec4 v00000248f69a9ec0_0, 0;
    %alloc S_00000248f699ed20;
    %load/vec4 v00000248f699f540_0;
    %load/vec4 v00000248f69a9a60_0;
    %load/vec4 v00000248f69aa460_0;
    %store/vec4 v00000248f699f720_0, 0, 12;
    %store/vec4 v00000248f6945ca0_0, 0, 12;
    %store/vec4 v00000248f6945ac0_0, 0, 32;
    %callf/vec4 TD_ddr3_frame.pixel_addr, S_00000248f699ed20;
    %free S_00000248f699ed20;
    %assign/vec4 v00000248f69a0d00_0, 0;
    %pushi/vec4 0, 0, 8;
    %load/vec4 v00000248f69a0c60_0;
    %concat/vec4; draw_concat_vec4
    %assign/vec4 v00000248f699f9a0_0, 0;
    %pushi/vec4 0, 0, 1;
    %assign/vec4 v00000248f69aa6e0_0, 0;
    %pushi/vec4 1, 0, 2;
    %assign/vec4 v00000248f69aa780_0, 0;
T_5.6 ;
    %jmp T_5.5;
T_5.3 ;
    %pushi/vec4 1, 0, 1;
    %assign/vec4 v00000248f69a0620_0, 0;
    %pushi/vec4 1, 0, 1;
    %assign/vec4 v00000248f69a01c0_0, 0;
    %pushi/vec4 1, 0, 1;
    %assign/vec4 v00000248f699fea0_0, 0;
    %load/vec4 v00000248f69a0620_0;
    %load/vec4 v00000248f699fe00_0;
    %and;
    %flag_set/vec4 8;
    %jmp/0xz  T_5.8, 8;
    %pushi/vec4 0, 0, 1;
    %assign/vec4 v00000248f69a0620_0, 0;
T_5.8 ;
    %load/vec4 v00000248f69a01c0_0;
    %load/vec4 v00000248f699ffe0_0;
    %and;
    %flag_set/vec4 8;
    %jmp/0xz  T_5.10, 8;
    %pushi/vec4 0, 0, 1;
    %assign/vec4 v00000248f69a01c0_0, 0;
T_5.10 ;
    %load/vec4 v00000248f699f180_0;
    %load/vec4 v00000248f699fea0_0;
    %and;
    %flag_set/vec4 8;
    %jmp/0xz  T_5.12, 8;
    %pushi/vec4 0, 0, 2;
    %assign/vec4 v00000248f69aa780_0, 0;
T_5.12 ;
    %jmp T_5.5;
T_5.5 ;
    %pop/vec4 1;
T_5.1 ;
    %jmp T_5;
    .thread T_5;
    .scope S_00000248f690eb00;
T_6 ;
    %wait E_00000248f693fdc0;
    %load/vec4 v00000248f69a06c0_0;
    %nor/r;
    %flag_set/vec4 8;
    %jmp/0xz  T_6.0, 8;
    %pushi/vec4 0, 0, 24;
    %assign/vec4 v00000248f69a0260_0, 0;
    %pushi/vec4 0, 0, 12;
    %assign/vec4 v00000248f69a04e0_0, 0;
    %pushi/vec4 0, 0, 12;
    %assign/vec4 v00000248f69a0940_0, 0;
    %pushi/vec4 0, 0, 1;
    %assign/vec4 v00000248f699f360_0, 0;
    %pushi/vec4 0, 0, 1;
    %assign/vec4 v00000248f699fc20_0, 0;
    %pushi/vec4 0, 0, 1;
    %assign/vec4 v00000248f699f040_0, 0;
    %pushi/vec4 0, 0, 1;
    %assign/vec4 v00000248f699f0e0_0, 0;
    %pushi/vec4 0, 0, 1;
    %assign/vec4 v00000248f699efa0_0, 0;
    %jmp T_6.1;
T_6.0 ;
    %pushi/vec4 0, 0, 1;
    %assign/vec4 v00000248f699f040_0, 0;
    %load/vec4 v00000248f699f040_0;
    %assign/vec4 v00000248f699f0e0_0, 0;
    %load/vec4 v00000248f699f0e0_0;
    %assign/vec4 v00000248f699efa0_0, 0;
    %load/vec4 v00000248f699f680_0;
    %assign/vec4 v00000248f69a04e0_0, 0;
    %load/vec4 v00000248f69a04e0_0;
    %assign/vec4 v00000248f69a0940_0, 0;
    %load/vec4 v00000248f69a0760_0;
    %assign/vec4 v00000248f699f360_0, 0;
    %load/vec4 v00000248f699f360_0;
    %assign/vec4 v00000248f699fc20_0, 0;
    %load/vec4 v00000248f69a0bc0_0;
    %load/vec4 v00000248f699fc20_0;
    %and;
    %load/vec4 v00000248f69a0300_0;
    %load/vec4 v00000248f69a0940_0;
    %cmp/e;
    %flag_get/vec4 4;
    %and;
    %flag_set/vec4 8;
    %jmp/0xz  T_6.2, 8;
    %ix/getv 4, v00000248f699f220_0;
    %load/vec4a v00000248f699fd60, 4;
    %assign/vec4 v00000248f69a0260_0, 0;
    %jmp T_6.3;
T_6.2 ;
    %pushi/vec4 0, 0, 24;
    %assign/vec4 v00000248f69a0260_0, 0;
T_6.3 ;
    %load/vec4 v00000248f69a0bc0_0;
    %load/vec4 v00000248f699f220_0;
    %pad/u 32;
    %pushi/vec4 1919, 0, 32;
    %cmp/e;
    %flag_get/vec4 4;
    %and;
    %load/vec4 v00000248f69a0300_0;
    %load/vec4 v00000248f69a0940_0;
    %cmp/e;
    %flag_get/vec4 4;
    %and;
    %flag_set/vec4 8;
    %jmp/0xz  T_6.4, 8;
    %pushi/vec4 1, 0, 1;
    %assign/vec4 v00000248f699f040_0, 0;
T_6.4 ;
T_6.1 ;
    %jmp T_6;
    .thread T_6;
    .scope S_00000248f69f6970;
T_7 ;
    %wait E_00000248f693f4c0;
    %load/vec4 v00000248f69a97e0_0;
    %nor/r;
    %flag_set/vec4 8;
    %jmp/0xz  T_7.0, 8;
    %pushi/vec4 0, 0, 12;
    %assign/vec4 v00000248f69aa280_0, 0;
    %pushi/vec4 0, 0, 12;
    %assign/vec4 v00000248f69aa140_0, 0;
    %jmp T_7.1;
T_7.0 ;
    %load/vec4 v00000248f69aa280_0;
    %pad/u 32;
    %cmpi/e 2199, 0, 32;
    %jmp/0xz  T_7.2, 4;
    %pushi/vec4 0, 0, 12;
    %assign/vec4 v00000248f69aa280_0, 0;
    %load/vec4 v00000248f69aa140_0;
    %pad/u 32;
    %cmpi/e 1124, 0, 32;
    %jmp/0xz  T_7.4, 4;
    %pushi/vec4 0, 0, 12;
    %assign/vec4 v00000248f69aa140_0, 0;
    %jmp T_7.5;
T_7.4 ;
    %load/vec4 v00000248f69aa140_0;
    %addi 1, 0, 12;
    %assign/vec4 v00000248f69aa140_0, 0;
T_7.5 ;
    %jmp T_7.3;
T_7.2 ;
    %load/vec4 v00000248f69aa280_0;
    %addi 1, 0, 12;
    %assign/vec4 v00000248f69aa280_0, 0;
T_7.3 ;
T_7.1 ;
    %jmp T_7;
    .thread T_7;
    .scope S_00000248f69f6970;
T_8 ;
    %wait E_00000248f693f4c0;
    %load/vec4 v00000248f69a97e0_0;
    %nor/r;
    %flag_set/vec4 8;
    %jmp/0xz  T_8.0, 8;
    %pushi/vec4 1, 0, 1;
    %assign/vec4 v00000248f69a9b00_0, 0;
    %pushi/vec4 1, 0, 1;
    %assign/vec4 v00000248f69a9920_0, 0;
    %pushi/vec4 0, 0, 1;
    %assign/vec4 v00000248f69a9740_0, 0;
    %pushi/vec4 0, 0, 8;
    %assign/vec4 v00000248f69ab040_0, 0;
    %pushi/vec4 0, 0, 8;
    %assign/vec4 v00000248f69a9240_0, 0;
    %pushi/vec4 0, 0, 8;
    %assign/vec4 v00000248f69a9600_0, 0;
    %jmp T_8.1;
T_8.0 ;
    %load/vec4 v00000248f69aafa0_0;
    %assign/vec4 v00000248f69a9b00_0, 0;
    %load/vec4 v00000248f69ab640_0;
    %assign/vec4 v00000248f69a9920_0, 0;
    %load/vec4 v00000248f69aa0a0_0;
    %assign/vec4 v00000248f69a9740_0, 0;
    %load/vec4 v00000248f69a9ba0_0;
    %parti/s 8, 16, 6;
    %assign/vec4 v00000248f69ab040_0, 0;
    %load/vec4 v00000248f69a9ba0_0;
    %parti/s 8, 8, 5;
    %assign/vec4 v00000248f69a9240_0, 0;
    %load/vec4 v00000248f69a9ba0_0;
    %parti/s 8, 0, 2;
    %assign/vec4 v00000248f69a9600_0, 0;
T_8.1 ;
    %jmp T_8;
    .thread T_8;
# The file index is used to find the file name in the following table.
:file_names 5;
    "N/A";
    "<interactive>";
    "-";
    "d:\Work\code\project\clocklessEx\GUI\ddr3_frame.v";
    "d:\Work\code\project\clocklessEx\GUI\HDMI_api.v";
