#! /c/Source/iverilog-install/bin/vvp
:ivl_version "12.0 (devel)" "(s20150603-1110-g18392a46)";
:ivl_delay_selection "TYPICAL";
:vpi_time_precision + 0;
:vpi_module "C:\iverilog\lib\ivl\system.vpi";
:vpi_module "C:\iverilog\lib\ivl\vhdl_sys.vpi";
:vpi_module "C:\iverilog\lib\ivl\vhdl_textio.vpi";
:vpi_module "C:\iverilog\lib\ivl\v2005_math.vpi";
:vpi_module "C:\iverilog\lib\ivl\va_math.vpi";
S_000001fd4bd56a80 .scope module, "hdmi_api" "hdmi_api" 2 1;
 .timescale 0 0;
    .port_info 0 /INPUT 1 "clk";
    .port_info 1 /INPUT 1 "rst_n";
    .port_info 2 /INPUT 24 "data";
    .port_info 3 /OUTPUT 1 "hsync";
    .port_info 4 /OUTPUT 1 "vsync";
    .port_info 5 /OUTPUT 1 "de";
    .port_info 6 /OUTPUT 8 "r";
    .port_info 7 /OUTPUT 8 "g";
    .port_info 8 /OUTPUT 8 "b";
P_000001fd4bd9f0c0 .param/l "H_ACTIVE" 1 2 12, +C4<00000000000000000000011110000000>;
P_000001fd4bd9f0f8 .param/l "H_BP" 1 2 15, +C4<00000000000000000000000010010100>;
P_000001fd4bd9f130 .param/l "H_FP" 1 2 13, +C4<00000000000000000000000001011000>;
P_000001fd4bd9f168 .param/l "H_SYNC" 1 2 14, +C4<00000000000000000000000000101100>;
P_000001fd4bd9f1a0 .param/l "H_TOTAL" 1 2 16, +C4<00000000000000000000100010011000>;
P_000001fd4bd9f1d8 .param/l "V_ACTIVE" 1 2 18, +C4<00000000000000000000010000111000>;
P_000001fd4bd9f210 .param/l "V_BP" 1 2 21, +C4<00000000000000000000000000100100>;
P_000001fd4bd9f248 .param/l "V_FP" 1 2 19, +C4<00000000000000000000000000000100>;
P_000001fd4bd9f280 .param/l "V_SYNC" 1 2 20, +C4<00000000000000000000000000000101>;
P_000001fd4bd9f2b8 .param/l "V_TOTAL" 1 2 22, +C4<00000000000000000000010001100101>;
L_000001fd4bd5b860 .functor AND 1, L_000001fd4bdff7a0, L_000001fd4be00560, C4<1>, C4<1>;
L_000001fd4bd5bcc0 .functor AND 1, L_000001fd4bdfe9e0, L_000001fd4bdfec60, C4<1>, C4<1>;
L_000001fd4bd5bc50 .functor NOT 1, L_000001fd4bd5bcc0, C4<0>, C4<0>, C4<0>;
L_000001fd4bd5b780 .functor AND 1, L_000001fd4be00240, L_000001fd4bdfeda0, C4<1>, C4<1>;
L_000001fd4bd5b8d0 .functor NOT 1, L_000001fd4bd5b780, C4<0>, C4<0>, C4<0>;
v000001fd4bd9a450_0 .net *"_ivl_0", 31 0, L_000001fd4be006a0;  1 drivers
L_000001fd4be008f8 .functor BUFT 1, C4<00000000000000000000>, C4<0>, C4<0>, C4<0>;
v000001fd4bd9a770_0 .net *"_ivl_11", 19 0, L_000001fd4be008f8;  1 drivers
L_000001fd4be00940 .functor BUFT 1, C4<00000000000000000000010000111000>, C4<0>, C4<0>, C4<0>;
v000001fd4bd9ae50_0 .net/2u *"_ivl_12", 31 0, L_000001fd4be00940;  1 drivers
v000001fd4bd9b170_0 .net *"_ivl_14", 0 0, L_000001fd4be00560;  1 drivers
v000001fd4bd9aef0_0 .net *"_ivl_18", 31 0, L_000001fd4be00100;  1 drivers
L_000001fd4be00988 .functor BUFT 1, C4<00000000000000000000>, C4<0>, C4<0>, C4<0>;
v000001fd4bd9b030_0 .net *"_ivl_21", 19 0, L_000001fd4be00988;  1 drivers
L_000001fd4be009d0 .functor BUFT 1, C4<00000000000000000000011111011000>, C4<0>, C4<0>, C4<0>;
v000001fd4bd9a6d0_0 .net/2u *"_ivl_22", 31 0, L_000001fd4be009d0;  1 drivers
v000001fd4bd9a810_0 .net *"_ivl_24", 0 0, L_000001fd4bdfe9e0;  1 drivers
v000001fd4bd9ab30_0 .net *"_ivl_26", 31 0, L_000001fd4bdff660;  1 drivers
L_000001fd4be00a18 .functor BUFT 1, C4<00000000000000000000>, C4<0>, C4<0>, C4<0>;
v000001fd4bd9a3b0_0 .net *"_ivl_29", 19 0, L_000001fd4be00a18;  1 drivers
L_000001fd4be00868 .functor BUFT 1, C4<00000000000000000000>, C4<0>, C4<0>, C4<0>;
v000001fd4bd9b0d0_0 .net *"_ivl_3", 19 0, L_000001fd4be00868;  1 drivers
L_000001fd4be00a60 .functor BUFT 1, C4<00000000000000000000100000000100>, C4<0>, C4<0>, C4<0>;
v000001fd4bd9a950_0 .net/2u *"_ivl_30", 31 0, L_000001fd4be00a60;  1 drivers
v000001fd4bd9b210_0 .net *"_ivl_32", 0 0, L_000001fd4bdfec60;  1 drivers
v000001fd4bd9a9f0_0 .net *"_ivl_35", 0 0, L_000001fd4bd5bcc0;  1 drivers
v000001fd4bd9a4f0_0 .net *"_ivl_38", 31 0, L_000001fd4be001a0;  1 drivers
L_000001fd4be008b0 .functor BUFT 1, C4<00000000000000000000011110000000>, C4<0>, C4<0>, C4<0>;
v000001fd4bd9a630_0 .net/2u *"_ivl_4", 31 0, L_000001fd4be008b0;  1 drivers
L_000001fd4be00aa8 .functor BUFT 1, C4<00000000000000000000>, C4<0>, C4<0>, C4<0>;
v000001fd4bd9aa90_0 .net *"_ivl_41", 19 0, L_000001fd4be00aa8;  1 drivers
L_000001fd4be00af0 .functor BUFT 1, C4<00000000000000000000010000111100>, C4<0>, C4<0>, C4<0>;
v000001fd4bd9abd0_0 .net/2u *"_ivl_42", 31 0, L_000001fd4be00af0;  1 drivers
v000001fd4bdff8e0_0 .net *"_ivl_44", 0 0, L_000001fd4be00240;  1 drivers
v000001fd4be004c0_0 .net *"_ivl_46", 31 0, L_000001fd4be00420;  1 drivers
L_000001fd4be00b38 .functor BUFT 1, C4<00000000000000000000>, C4<0>, C4<0>, C4<0>;
v000001fd4bdfe8a0_0 .net *"_ivl_49", 19 0, L_000001fd4be00b38;  1 drivers
L_000001fd4be00b80 .functor BUFT 1, C4<00000000000000000000010001000001>, C4<0>, C4<0>, C4<0>;
v000001fd4bdfee40_0 .net/2u *"_ivl_50", 31 0, L_000001fd4be00b80;  1 drivers
v000001fd4bdffc00_0 .net *"_ivl_52", 0 0, L_000001fd4bdfeda0;  1 drivers
v000001fd4bdffa20_0 .net *"_ivl_55", 0 0, L_000001fd4bd5b780;  1 drivers
v000001fd4bdff980_0 .net *"_ivl_6", 0 0, L_000001fd4bdff7a0;  1 drivers
v000001fd4bdffac0_0 .net *"_ivl_8", 31 0, L_000001fd4be00060;  1 drivers
v000001fd4bdff2a0_0 .var "b", 7 0;
o000001fd4bdaf478 .functor BUFZ 1, C4<z>; HiZ drive
v000001fd4bdffde0_0 .net "clk", 0 0, o000001fd4bdaf478;  0 drivers
o000001fd4bdaf4a8 .functor BUFZ 24, C4<zzzzzzzzzzzzzzzzzzzzzzzz>; HiZ drive
v000001fd4bdffca0_0 .net "data", 23 0, o000001fd4bdaf4a8;  0 drivers
v000001fd4bdff840_0 .var "de", 0 0;
v000001fd4bdffb60_0 .net "de_w", 0 0, L_000001fd4bd5b860;  1 drivers
v000001fd4be00380_0 .var "g", 7 0;
v000001fd4be002e0_0 .var "hcnt", 11 0;
v000001fd4bdff5c0_0 .var "hsync", 0 0;
v000001fd4bdffd40_0 .net "hsync_w", 0 0, L_000001fd4bd5bc50;  1 drivers
v000001fd4bdffe80_0 .var "r", 7 0;
o000001fd4bdaf628 .functor BUFZ 1, C4<z>; HiZ drive
v000001fd4bdff340_0 .net "rst_n", 0 0, o000001fd4bdaf628;  0 drivers
v000001fd4bdfff20_0 .var "vcnt", 11 0;
v000001fd4be00600_0 .var "vsync", 0 0;
v000001fd4bdfffc0_0 .net "vsync_w", 0 0, L_000001fd4bd5b8d0;  1 drivers
E_000001fd4bd9ebc0/0 .event negedge, v000001fd4bdff340_0;
E_000001fd4bd9ebc0/1 .event posedge, v000001fd4bdffde0_0;
E_000001fd4bd9ebc0 .event/or E_000001fd4bd9ebc0/0, E_000001fd4bd9ebc0/1;
L_000001fd4be006a0 .concat [ 12 20 0 0], v000001fd4be002e0_0, L_000001fd4be00868;
L_000001fd4bdff7a0 .cmp/gt 32, L_000001fd4be008b0, L_000001fd4be006a0;
L_000001fd4be00060 .concat [ 12 20 0 0], v000001fd4bdfff20_0, L_000001fd4be008f8;
L_000001fd4be00560 .cmp/gt 32, L_000001fd4be00940, L_000001fd4be00060;
L_000001fd4be00100 .concat [ 12 20 0 0], v000001fd4be002e0_0, L_000001fd4be00988;
L_000001fd4bdfe9e0 .cmp/ge 32, L_000001fd4be00100, L_000001fd4be009d0;
L_000001fd4bdff660 .concat [ 12 20 0 0], v000001fd4be002e0_0, L_000001fd4be00a18;
L_000001fd4bdfec60 .cmp/gt 32, L_000001fd4be00a60, L_000001fd4bdff660;
L_000001fd4be001a0 .concat [ 12 20 0 0], v000001fd4bdfff20_0, L_000001fd4be00aa8;
L_000001fd4be00240 .cmp/ge 32, L_000001fd4be001a0, L_000001fd4be00af0;
L_000001fd4be00420 .concat [ 12 20 0 0], v000001fd4bdfff20_0, L_000001fd4be00b38;
L_000001fd4bdfeda0 .cmp/gt 32, L_000001fd4be00b80, L_000001fd4be00420;
    .scope S_000001fd4bd56a80;
T_0 ;
    %wait E_000001fd4bd9ebc0;
    %load/vec4 v000001fd4bdff340_0;
    %nor/r;
    %flag_set/vec4 8;
    %jmp/0xz  T_0.0, 8;
    %pushi/vec4 0, 0, 12;
    %assign/vec4 v000001fd4be002e0_0, 0;
    %pushi/vec4 0, 0, 12;
    %assign/vec4 v000001fd4bdfff20_0, 0;
    %jmp T_0.1;
T_0.0 ;
    %load/vec4 v000001fd4be002e0_0;
    %pad/u 32;
    %cmpi/e 2199, 0, 32;
    %jmp/0xz  T_0.2, 4;
    %pushi/vec4 0, 0, 12;
    %assign/vec4 v000001fd4be002e0_0, 0;
    %load/vec4 v000001fd4bdfff20_0;
    %pad/u 32;
    %cmpi/e 1124, 0, 32;
    %jmp/0xz  T_0.4, 4;
    %pushi/vec4 0, 0, 12;
    %assign/vec4 v000001fd4bdfff20_0, 0;
    %jmp T_0.5;
T_0.4 ;
    %load/vec4 v000001fd4bdfff20_0;
    %addi 1, 0, 12;
    %assign/vec4 v000001fd4bdfff20_0, 0;
T_0.5 ;
    %jmp T_0.3;
T_0.2 ;
    %load/vec4 v000001fd4be002e0_0;
    %addi 1, 0, 12;
    %assign/vec4 v000001fd4be002e0_0, 0;
T_0.3 ;
T_0.1 ;
    %jmp T_0;
    .thread T_0;
    .scope S_000001fd4bd56a80;
T_1 ;
    %wait E_000001fd4bd9ebc0;
    %load/vec4 v000001fd4bdff340_0;
    %nor/r;
    %flag_set/vec4 8;
    %jmp/0xz  T_1.0, 8;
    %pushi/vec4 1, 0, 1;
    %assign/vec4 v000001fd4bdff5c0_0, 0;
    %pushi/vec4 1, 0, 1;
    %assign/vec4 v000001fd4be00600_0, 0;
    %pushi/vec4 0, 0, 1;
    %assign/vec4 v000001fd4bdff840_0, 0;
    %pushi/vec4 0, 0, 8;
    %assign/vec4 v000001fd4bdffe80_0, 0;
    %pushi/vec4 0, 0, 8;
    %assign/vec4 v000001fd4be00380_0, 0;
    %pushi/vec4 0, 0, 8;
    %assign/vec4 v000001fd4bdff2a0_0, 0;
    %jmp T_1.1;
T_1.0 ;
    %load/vec4 v000001fd4bdffd40_0;
    %assign/vec4 v000001fd4bdff5c0_0, 0;
    %load/vec4 v000001fd4bdfffc0_0;
    %assign/vec4 v000001fd4be00600_0, 0;
    %load/vec4 v000001fd4bdffb60_0;
    %assign/vec4 v000001fd4bdff840_0, 0;
    %load/vec4 v000001fd4bdffca0_0;
    %parti/s 8, 16, 6;
    %assign/vec4 v000001fd4bdffe80_0, 0;
    %load/vec4 v000001fd4bdffca0_0;
    %parti/s 8, 8, 5;
    %assign/vec4 v000001fd4be00380_0, 0;
    %load/vec4 v000001fd4bdffca0_0;
    %parti/s 8, 0, 2;
    %assign/vec4 v000001fd4bdff2a0_0, 0;
T_1.1 ;
    %jmp T_1;
    .thread T_1;
# The file index is used to find the file name in the following table.
:file_names 3;
    "N/A";
    "<interactive>";
    "d:\Work\code\project\clocklessEx\GUI\HDMI_api.v";
