#! /c/Source/iverilog-install/bin/vvp
:ivl_version "12.0 (devel)" "(s20150603-1110-g18392a46)";
:ivl_delay_selection "TYPICAL";
:vpi_time_precision + 0;
:vpi_module "C:\iverilog\lib\ivl\system.vpi";
:vpi_module "C:\iverilog\lib\ivl\vhdl_sys.vpi";
:vpi_module "C:\iverilog\lib\ivl\vhdl_textio.vpi";
:vpi_module "C:\iverilog\lib\ivl\v2005_math.vpi";
:vpi_module "C:\iverilog\lib\ivl\va_math.vpi";
:vpi_module "C:\iverilog\lib\ivl\v2009.vpi";
S_00000208bc43bdb0 .scope package, "$unit" "$unit" 2 1;
 .timescale 0 0;
S_00000208bc4849d0 .scope module, "axi_mem_stub" "axi_mem_stub" 3 1;
 .timescale 0 0;
    .port_info 0 /INPUT 1 "clk";
    .port_info 1 /INPUT 1 "rst_n";
    .port_info 2 /INPUT 1 "arvalid";
    .port_info 3 /OUTPUT 1 "arready";
    .port_info 4 /INPUT 28 "araddr";
    .port_info 5 /INPUT 8 "arlen";
    .port_info 6 /OUTPUT 1 "rvalid";
    .port_info 7 /INPUT 1 "rready";
    .port_info 8 /OUTPUT 32 "rdata";
    .port_info 9 /INPUT 1 "awvalid";
    .port_info 10 /OUTPUT 1 "awready";
    .port_info 11 /INPUT 28 "awaddr";
    .port_info 12 /INPUT 1 "wvalid";
    .port_info 13 /OUTPUT 1 "wready";
    .port_info 14 /INPUT 32 "wdata";
    .port_info 15 /INPUT 4 "wstrb";
    .port_info 16 /OUTPUT 1 "bvalid";
    .port_info 17 /INPUT 1 "bready";
P_00000208bc4c0640 .param/l "MEM_WORDS" 0 3 2, +C4<00000000000000010000000000000000>;
o00000208bc4cc0c8 .functor BUFZ 28, C4<zzzzzzzzzzzzzzzzzzzzzzzzzzzz>; HiZ drive
v00000208bc436f90_0 .net "araddr", 27 0, o00000208bc4cc0c8;  0 drivers
o00000208bc4cc0f8 .functor BUFZ 8, C4<zzzzzzzz>; HiZ drive
v00000208bc4b5d00_0 .net "arlen", 7 0, o00000208bc4cc0f8;  0 drivers
v00000208bc4b0680_0 .var "arready", 0 0;
o00000208bc4cc158 .functor BUFZ 1, C4<z>; HiZ drive
v00000208bc436b00_0 .net "arvalid", 0 0, o00000208bc4cc158;  0 drivers
o00000208bc4cc188 .functor BUFZ 28, C4<zzzzzzzzzzzzzzzzzzzzzzzzzzzz>; HiZ drive
v00000208bc436ba0_0 .net "awaddr", 27 0, o00000208bc4cc188;  0 drivers
v00000208bc436c40_0 .var "awready", 0 0;
o00000208bc4cc1e8 .functor BUFZ 1, C4<z>; HiZ drive
v00000208bc524f00_0 .net "awvalid", 0 0, o00000208bc4cc1e8;  0 drivers
o00000208bc4cc218 .functor BUFZ 1, C4<z>; HiZ drive
v00000208bc524780_0 .net "bready", 0 0, o00000208bc4cc218;  0 drivers
v00000208bc524fa0_0 .var "bvalid", 0 0;
o00000208bc4cc278 .functor BUFZ 1, C4<z>; HiZ drive
v00000208bc524dc0_0 .net "clk", 0 0, o00000208bc4cc278;  0 drivers
v00000208bc524b40 .array "mem", 65535 0, 31 0;
v00000208bc525400_0 .var "rd_active", 0 0;
v00000208bc524960_0 .var "rd_addr", 27 0;
v00000208bc525360_0 .var "rd_beats_left", 7 0;
v00000208bc524820_0 .var "rdata", 31 0;
o00000208bc4cc368 .functor BUFZ 1, C4<z>; HiZ drive
v00000208bc5254a0_0 .net "rready", 0 0, o00000208bc4cc368;  0 drivers
o00000208bc4cc398 .functor BUFZ 1, C4<z>; HiZ drive
v00000208bc524e60_0 .net "rst_n", 0 0, o00000208bc4cc398;  0 drivers
v00000208bc5248c0_0 .var "rvalid", 0 0;
o00000208bc4cc3f8 .functor BUFZ 32, C4<zzzzzzzzzzzzzzzzzzzzzzzzzzzzzzzz>; HiZ drive
v00000208bc524d20_0 .net "wdata", 31 0, o00000208bc4cc3f8;  0 drivers
v00000208bc524c80_0 .var "wready", 0 0;
o00000208bc4cc458 .functor BUFZ 4, C4<zzzz>; HiZ drive
v00000208bc524aa0_0 .net "wstrb", 3 0, o00000208bc4cc458;  0 drivers
o00000208bc4cc488 .functor BUFZ 1, C4<z>; HiZ drive
v00000208bc524a00_0 .net "wvalid", 0 0, o00000208bc4cc488;  0 drivers
E_00000208bc4c0740/0 .event negedge, v00000208bc524e60_0;
E_00000208bc4c0740/1 .event posedge, v00000208bc524dc0_0;
E_00000208bc4c0740 .event/or E_00000208bc4c0740/0, E_00000208bc4c0740/1;
S_00000208bc436970 .scope autofunction.vec4.s32, "word_index" "word_index" 3 34, 3 34 0, S_00000208bc4849d0;
 .timescale 0 0;
v00000208bc483d60_0 .var "byte_addr", 27 0;
; Variable word_index is vec4 return value of scope S_00000208bc436970
TD_axi_mem_stub.word_index ;
    %load/vec4 v00000208bc483d60_0;
    %parti/s 30, 2, 3;
    %pad/u 32;
    %pushi/vec4 65536, 0, 32;
    %mod;
    %ret/vec4 0, 0, 32;  Assign to word_index (store_vec4_to_lval)
    %end;
S_00000208bc4b02e0 .scope module, "ddr3_frame" "ddr3_frame" 4 1;
 .timescale 0 0;
    .port_info 0 /INPUT 1 "pix_clk";
    .port_info 1 /INPUT 1 "mem_clk";
    .port_info 2 /INPUT 1 "rst_n";
    .port_info 3 /INPUT 1 "ddr_ready";
    .port_info 4 /INPUT 1 "frame_swap";
    .port_info 5 /INPUT 12 "pixel_x";
    .port_info 6 /INPUT 12 "pixel_y";
    .port_info 7 /INPUT 1 "scan_de";
    .port_info 8 /INPUT 1 "wr_req";
    .port_info 9 /INPUT 12 "wr_x";
    .port_info 10 /INPUT 12 "wr_y";
    .port_info 11 /INPUT 24 "wr_data";
    .port_info 12 /OUTPUT 1 "wr_ready";
    .port_info 13 /OUTPUT 32 "display_base";
    .port_info 14 /OUTPUT 32 "draw_base";
    .port_info 15 /OUTPUT 1 "mem_arvalid";
    .port_info 16 /INPUT 1 "mem_arready";
    .port_info 17 /OUTPUT 28 "mem_araddr";
    .port_info 18 /OUTPUT 8 "mem_arlen";
    .port_info 19 /INPUT 1 "mem_rvalid";
    .port_info 20 /OUTPUT 1 "mem_rready";
    .port_info 21 /INPUT 32 "mem_rdata";
    .port_info 22 /OUTPUT 1 "mem_awvalid";
    .port_info 23 /INPUT 1 "mem_awready";
    .port_info 24 /OUTPUT 28 "mem_awaddr";
    .port_info 25 /OUTPUT 4 "mem_wstrb";
    .port_info 26 /OUTPUT 1 "mem_wvalid";
    .port_info 27 /INPUT 1 "mem_wready";
    .port_info 28 /OUTPUT 32 "mem_wdata";
    .port_info 29 /INPUT 1 "mem_bvalid";
    .port_info 30 /OUTPUT 1 "mem_bready";
    .port_info 31 /OUTPUT 24 "pixel_data";
P_00000208bc47d750 .param/l "BURST_MAX" 1 4 49, +C4<00000000000000000000000100000000>;
P_00000208bc47d788 .param/l "FRAME0_BASE" 0 4 4, C4<00000000000000000000000000000000>;
P_00000208bc47d7c0 .param/l "FRAME1_BASE" 0 4 5, C4<00000000100000000000000000000000>;
P_00000208bc47d7f8 .param/l "FRAME_H" 0 4 3, +C4<00000000000000000000010000111000>;
P_00000208bc47d830 .param/l "FRAME_W" 0 4 2, +C4<00000000000000000000011110000000>;
L_00000208bc4ba800 .functor BUFZ 32, v00000208bc5265e0_0, C4<00000000000000000000000000000000>, C4<00000000000000000000000000000000>, C4<00000000000000000000000000000000>;
L_00000208bc4b9fb0 .functor BUFZ 32, v00000208bc526220_0, C4<00000000000000000000000000000000>, C4<00000000000000000000000000000000>, C4<00000000000000000000000000000000>;
v00000208bc5245a0_0 .var "active_y", 11 0;
v00000208bc526cc0_0 .var "active_y_meta", 11 0;
v00000208bc526f40_0 .var "active_y_pix", 11 0;
v00000208bc5264a0_0 .var "ar_addr", 27 0;
v00000208bc527ee0_0 .var "beat_cnt", 7 0;
v00000208bc527760_0 .var "beat_total", 7 0;
o00000208bc4cca88 .functor BUFZ 1, C4<z>; HiZ drive
v00000208bc526fe0_0 .net "ddr_ready", 0 0, o00000208bc4cca88;  0 drivers
v00000208bc527800_0 .net "display_base", 31 0, L_00000208bc4ba800;  1 drivers
v00000208bc5265e0_0 .var "display_base_reg", 31 0;
v00000208bc527080_0 .net "draw_base", 31 0, L_00000208bc4b9fb0;  1 drivers
v00000208bc526220_0 .var "draw_base_reg", 31 0;
o00000208bc4ccb78 .functor BUFZ 1, C4<z>; HiZ drive
v00000208bc5267c0_0 .net "frame_swap", 0 0, o00000208bc4ccb78;  0 drivers
v00000208bc527120_0 .var "frame_swap_mem", 0 0;
v00000208bc5262c0_0 .var "frame_swap_sync1", 0 0;
v00000208bc527940_0 .var "frame_swap_sync2", 0 0;
v00000208bc526360_0 .var "frame_swap_sync2_d", 0 0;
v00000208bc526c20 .array "line_buf", 1919 0, 23 0;
v00000208bc526a40_0 .var "line_done_pix", 0 0;
v00000208bc527b20_0 .var "line_done_sync1", 0 0;
v00000208bc527260_0 .var "line_done_sync2", 0 0;
v00000208bc527bc0_0 .var "line_ready", 0 0;
v00000208bc5278a0_0 .var "line_ready_meta", 0 0;
v00000208bc527c60_0 .var "line_ready_pix", 0 0;
v00000208bc526860_0 .var "mem_araddr", 27 0;
v00000208bc5269a0_0 .var "mem_arlen", 7 0;
o00000208bc4ccde8 .functor BUFZ 1, C4<z>; HiZ drive
v00000208bc526b80_0 .net "mem_arready", 0 0, o00000208bc4ccde8;  0 drivers
v00000208bc526d60_0 .var "mem_arvalid", 0 0;
v00000208bc527440_0 .var "mem_awaddr", 27 0;
o00000208bc4cce78 .functor BUFZ 1, C4<z>; HiZ drive
v00000208bc5271c0_0 .net "mem_awready", 0 0, o00000208bc4cce78;  0 drivers
v00000208bc526720_0 .var "mem_awvalid", 0 0;
v00000208bc526400_0 .var "mem_bready", 0 0;
o00000208bc4ccf08 .functor BUFZ 1, C4<z>; HiZ drive
v00000208bc527580_0 .net "mem_bvalid", 0 0, o00000208bc4ccf08;  0 drivers
o00000208bc4ccf38 .functor BUFZ 1, C4<z>; HiZ drive
v00000208bc526e00_0 .net "mem_clk", 0 0, o00000208bc4ccf38;  0 drivers
o00000208bc4ccf68 .functor BUFZ 32, C4<zzzzzzzzzzzzzzzzzzzzzzzzzzzzzzzz>; HiZ drive
v00000208bc526ea0_0 .net "mem_rdata", 31 0, o00000208bc4ccf68;  0 drivers
v00000208bc526ae0_0 .var "mem_rready", 0 0;
o00000208bc4ccfc8 .functor BUFZ 1, C4<z>; HiZ drive
v00000208bc5274e0_0 .net "mem_rvalid", 0 0, o00000208bc4ccfc8;  0 drivers
v00000208bc5279e0_0 .var "mem_wdata", 31 0;
o00000208bc4cd028 .functor BUFZ 1, C4<z>; HiZ drive
v00000208bc526540_0 .net "mem_wready", 0 0, o00000208bc4cd028;  0 drivers
v00000208bc526680_0 .var "mem_wstrb", 3 0;
v00000208bc527300_0 .var "mem_wvalid", 0 0;
o00000208bc4cd0b8 .functor BUFZ 1, C4<z>; HiZ drive
v00000208bc526900_0 .net "pix_clk", 0 0, o00000208bc4cd0b8;  0 drivers
v00000208bc526180_0 .var "pixel_data", 23 0;
o00000208bc4cd118 .functor BUFZ 12, C4<zzzzzzzzzzzz>; HiZ drive
v00000208bc527da0_0 .net "pixel_x", 11 0, o00000208bc4cd118;  0 drivers
o00000208bc4cd148 .functor BUFZ 12, C4<zzzzzzzzzzzz>; HiZ drive
v00000208bc5273a0_0 .net "pixel_y", 11 0, o00000208bc4cd148;  0 drivers
o00000208bc4cd178 .functor BUFZ 1, C4<z>; HiZ drive
v00000208bc527620_0 .net "rst_n", 0 0, o00000208bc4cd178;  0 drivers
v00000208bc527d00_0 .var "rstate", 1 0;
o00000208bc4cd1d8 .functor BUFZ 1, C4<z>; HiZ drive
v00000208bc5276c0_0 .net "scan_de", 0 0, o00000208bc4cd1d8;  0 drivers
v00000208bc527f80_0 .var "words_left", 11 0;
o00000208bc4cd238 .functor BUFZ 24, C4<zzzzzzzzzzzzzzzzzzzzzzzz>; HiZ drive
v00000208bc527a80_0 .net "wr_data", 23 0, o00000208bc4cd238;  0 drivers
v00000208bc527e40_0 .var "wr_data_lat", 23 0;
v00000208bc5260e0_0 .var "wr_ready", 0 0;
o00000208bc4cd2c8 .functor BUFZ 1, C4<z>; HiZ drive
v00000208bc529f90_0 .net "wr_req", 0 0, o00000208bc4cd2c8;  0 drivers
o00000208bc4cd2f8 .functor BUFZ 12, C4<zzzzzzzzzzzz>; HiZ drive
v00000208bc529270_0 .net "wr_x", 11 0, o00000208bc4cd2f8;  0 drivers
v00000208bc528910_0 .var "wr_x_cnt", 11 0;
v00000208bc528e10_0 .var "wr_x_lat", 11 0;
o00000208bc4cd388 .functor BUFZ 12, C4<zzzzzzzzzzzz>; HiZ drive
v00000208bc529b30_0 .net "wr_y", 11 0, o00000208bc4cd388;  0 drivers
v00000208bc529130_0 .var "wr_y_lat", 11 0;
v00000208bc5289b0_0 .var "wstate", 1 0;
E_00000208bc4be500/0 .event negedge, v00000208bc527620_0;
E_00000208bc4be500/1 .event posedge, v00000208bc526900_0;
E_00000208bc4be500 .event/or E_00000208bc4be500/0, E_00000208bc4be500/1;
E_00000208bc4bedc0/0 .event negedge, v00000208bc527620_0;
E_00000208bc4bedc0/1 .event posedge, v00000208bc526e00_0;
E_00000208bc4bedc0 .event/or E_00000208bc4bedc0/0, E_00000208bc4bedc0/1;
S_00000208bc525d70 .scope autofunction.vec4.s28, "line_start_addr" "line_start_addr" 4 85, 4 85 0, S_00000208bc4b02e0;
 .timescale 0 0;
v00000208bc524640_0 .var "base", 31 0;
; Variable line_start_addr is vec4 return value of scope S_00000208bc525d70
v00000208bc5250e0_0 .var "y", 11 0;
TD_ddr3_frame.line_start_addr ;
    %load/vec4 v00000208bc524640_0;
    %parti/s 28, 0, 2;
    %pad/u 32;
    %load/vec4 v00000208bc5250e0_0;
    %pad/u 32;
    %muli 1920, 0, 32;
    %ix/load 4, 2, 0;
    %flag_set/imm 4, 0;
    %shiftl 4;
    %add;
    %pad/u 28;
    %ret/vec4 0, 0, 28;  Assign to line_start_addr (store_vec4_to_lval)
    %end;
S_00000208bc525f00 .scope autofunction.vec4.s28, "pixel_addr" "pixel_addr" 4 89, 4 89 0, S_00000208bc4b02e0;
 .timescale 0 0;
v00000208bc525180_0 .var "base", 31 0;
; Variable pixel_addr is vec4 return value of scope S_00000208bc525f00
v00000208bc5252c0_0 .var "x", 11 0;
v00000208bc5246e0_0 .var "y", 11 0;
TD_ddr3_frame.pixel_addr ;
    %load/vec4 v00000208bc525180_0;
    %parti/s 28, 0, 2;
    %pad/u 32;
    %load/vec4 v00000208bc5246e0_0;
    %pad/u 32;
    %muli 1920, 0, 32;
    %load/vec4 v00000208bc5252c0_0;
    %pad/u 32;
    %add;
    %ix/load 4, 2, 0;
    %flag_set/imm 4, 0;
    %shiftl 4;
    %add;
    %pad/u 28;
    %ret/vec4 0, 0, 28;  Assign to pixel_addr (store_vec4_to_lval)
    %end;
    .scope S_00000208bc4849d0;
T_3 ;
    %wait E_00000208bc4c0740;
    %load/vec4 v00000208bc524e60_0;
    %nor/r;
    %flag_set/vec4 8;
    %jmp/0xz  T_3.0, 8;
    %pushi/vec4 1, 0, 1;
    %assign/vec4 v00000208bc4b0680_0, 0;
    %pushi/vec4 1, 0, 1;
    %assign/vec4 v00000208bc436c40_0, 0;
    %pushi/vec4 1, 0, 1;
    %assign/vec4 v00000208bc524c80_0, 0;
    %pushi/vec4 0, 0, 1;
    %assign/vec4 v00000208bc5248c0_0, 0;
    %pushi/vec4 0, 0, 1;
    %assign/vec4 v00000208bc524fa0_0, 0;
    %pushi/vec4 0, 0, 1;
    %assign/vec4 v00000208bc525400_0, 0;
    %pushi/vec4 0, 0, 8;
    %assign/vec4 v00000208bc525360_0, 0;
    %jmp T_3.1;
T_3.0 ;
    %load/vec4 v00000208bc436b00_0;
    %load/vec4 v00000208bc4b0680_0;
    %and;
    %load/vec4 v00000208bc525400_0;
    %nor/r;
    %and;
    %flag_set/vec4 8;
    %jmp/0xz  T_3.2, 8;
    %pushi/vec4 1, 0, 1;
    %assign/vec4 v00000208bc525400_0, 0;
    %load/vec4 v00000208bc436f90_0;
    %assign/vec4 v00000208bc524960_0, 0;
    %load/vec4 v00000208bc4b5d00_0;
    %addi 1, 0, 8;
    %assign/vec4 v00000208bc525360_0, 0;
    %pushi/vec4 1, 0, 1;
    %assign/vec4 v00000208bc5248c0_0, 0;
    %alloc S_00000208bc436970;
    %load/vec4 v00000208bc436f90_0;
    %store/vec4 v00000208bc483d60_0, 0, 28;
    %callf/vec4 TD_axi_mem_stub.word_index, S_00000208bc436970;
    %free S_00000208bc436970;
    %ix/vec4 4;
    %load/vec4a v00000208bc524b40, 4;
    %assign/vec4 v00000208bc524820_0, 0;
    %jmp T_3.3;
T_3.2 ;
    %load/vec4 v00000208bc525400_0;
    %load/vec4 v00000208bc5248c0_0;
    %and;
    %load/vec4 v00000208bc5254a0_0;
    %and;
    %flag_set/vec4 8;
    %jmp/0xz  T_3.4, 8;
    %load/vec4 v00000208bc525360_0;
    %cmpi/e 1, 0, 8;
    %jmp/0xz  T_3.6, 4;
    %pushi/vec4 0, 0, 1;
    %assign/vec4 v00000208bc525400_0, 0;
    %pushi/vec4 0, 0, 1;
    %assign/vec4 v00000208bc5248c0_0, 0;
    %pushi/vec4 0, 0, 8;
    %assign/vec4 v00000208bc525360_0, 0;
    %jmp T_3.7;
T_3.6 ;
    %load/vec4 v00000208bc524960_0;
    %addi 4, 0, 28;
    %assign/vec4 v00000208bc524960_0, 0;
    %load/vec4 v00000208bc525360_0;
    %subi 1, 0, 8;
    %assign/vec4 v00000208bc525360_0, 0;
    %alloc S_00000208bc436970;
    %load/vec4 v00000208bc524960_0;
    %addi 4, 0, 28;
    %store/vec4 v00000208bc483d60_0, 0, 28;
    %callf/vec4 TD_axi_mem_stub.word_index, S_00000208bc436970;
    %free S_00000208bc436970;
    %ix/vec4 4;
    %load/vec4a v00000208bc524b40, 4;
    %assign/vec4 v00000208bc524820_0, 0;
T_3.7 ;
T_3.4 ;
T_3.3 ;
    %load/vec4 v00000208bc524f00_0;
    %load/vec4 v00000208bc436c40_0;
    %and;
    %load/vec4 v00000208bc524a00_0;
    %and;
    %load/vec4 v00000208bc524c80_0;
    %and;
    %flag_set/vec4 8;
    %jmp/0xz  T_3.8, 8;
    %load/vec4 v00000208bc524aa0_0;
    %parti/s 1, 0, 2;
    %flag_set/vec4 8;
    %jmp/0xz  T_3.10, 8;
    %load/vec4 v00000208bc524d20_0;
    %parti/s 8, 0, 2;
    %alloc S_00000208bc436970;
    %load/vec4 v00000208bc436ba0_0;
    %store/vec4 v00000208bc483d60_0, 0, 28;
    %callf/vec4 TD_axi_mem_stub.word_index, S_00000208bc436970;
    %free S_00000208bc436970;
    %ix/vec4 3;
    %ix/load 4, 0, 0; Constant delay
    %assign/vec4/a/d v00000208bc524b40, 0, 4;
T_3.10 ;
    %load/vec4 v00000208bc524aa0_0;
    %parti/s 1, 1, 2;
    %flag_set/vec4 8;
    %jmp/0xz  T_3.12, 8;
    %load/vec4 v00000208bc524d20_0;
    %parti/s 8, 8, 5;
    %alloc S_00000208bc436970;
    %load/vec4 v00000208bc436ba0_0;
    %store/vec4 v00000208bc483d60_0, 0, 28;
    %callf/vec4 TD_axi_mem_stub.word_index, S_00000208bc436970;
    %free S_00000208bc436970;
    %ix/vec4 3;
    %ix/load 4, 8, 0; part off
    %ix/load 5, 0, 0; Constant delay
    %assign/vec4/a/d v00000208bc524b40, 4, 5;
T_3.12 ;
    %load/vec4 v00000208bc524aa0_0;
    %parti/s 1, 2, 3;
    %flag_set/vec4 8;
    %jmp/0xz  T_3.14, 8;
    %load/vec4 v00000208bc524d20_0;
    %parti/s 8, 16, 6;
    %alloc S_00000208bc436970;
    %load/vec4 v00000208bc436ba0_0;
    %store/vec4 v00000208bc483d60_0, 0, 28;
    %callf/vec4 TD_axi_mem_stub.word_index, S_00000208bc436970;
    %free S_00000208bc436970;
    %ix/vec4 3;
    %ix/load 4, 16, 0; part off
    %ix/load 5, 0, 0; Constant delay
    %assign/vec4/a/d v00000208bc524b40, 4, 5;
T_3.14 ;
    %load/vec4 v00000208bc524aa0_0;
    %parti/s 1, 3, 3;
    %flag_set/vec4 8;
    %jmp/0xz  T_3.16, 8;
    %load/vec4 v00000208bc524d20_0;
    %parti/s 8, 24, 6;
    %alloc S_00000208bc436970;
    %load/vec4 v00000208bc436ba0_0;
    %store/vec4 v00000208bc483d60_0, 0, 28;
    %callf/vec4 TD_axi_mem_stub.word_index, S_00000208bc436970;
    %free S_00000208bc436970;
    %ix/vec4 3;
    %ix/load 4, 24, 0; part off
    %ix/load 5, 0, 0; Constant delay
    %assign/vec4/a/d v00000208bc524b40, 4, 5;
T_3.16 ;
    %pushi/vec4 1, 0, 1;
    %assign/vec4 v00000208bc524fa0_0, 0;
T_3.8 ;
    %load/vec4 v00000208bc524fa0_0;
    %load/vec4 v00000208bc524780_0;
    %and;
    %flag_set/vec4 8;
    %jmp/0xz  T_3.18, 8;
    %pushi/vec4 0, 0, 1;
    %assign/vec4 v00000208bc524fa0_0, 0;
T_3.18 ;
T_3.1 ;
    %jmp T_3;
    .thread T_3;
    .scope S_00000208bc4b02e0;
T_4 ;
    %wait E_00000208bc4bedc0;
    %load/vec4 v00000208bc527620_0;
    %nor/r;
    %flag_set/vec4 8;
    %jmp/0xz  T_4.0, 8;
    %pushi/vec4 0, 0, 32;
    %assign/vec4 v00000208bc5265e0_0, 0;
    %pushi/vec4 8388608, 0, 32;
    %assign/vec4 v00000208bc526220_0, 0;
    %jmp T_4.1;
T_4.0 ;
    %load/vec4 v00000208bc527120_0;
    %flag_set/vec4 8;
    %jmp/0xz  T_4.2, 8;
    %load/vec4 v00000208bc526220_0;
    %assign/vec4 v00000208bc5265e0_0, 0;
    %load/vec4 v00000208bc5265e0_0;
    %assign/vec4 v00000208bc526220_0, 0;
T_4.2 ;
T_4.1 ;
    %jmp T_4;
    .thread T_4;
    .scope S_00000208bc4b02e0;
T_5 ;
    %wait E_00000208bc4bedc0;
    %load/vec4 v00000208bc527620_0;
    %nor/r;
    %flag_set/vec4 8;
    %jmp/0xz  T_5.0, 8;
    %pushi/vec4 0, 0, 1;
    %assign/vec4 v00000208bc5262c0_0, 0;
    %pushi/vec4 0, 0, 1;
    %assign/vec4 v00000208bc527940_0, 0;
    %pushi/vec4 0, 0, 1;
    %assign/vec4 v00000208bc526360_0, 0;
    %pushi/vec4 0, 0, 1;
    %assign/vec4 v00000208bc527120_0, 0;
    %jmp T_5.1;
T_5.0 ;
    %load/vec4 v00000208bc5267c0_0;
    %assign/vec4 v00000208bc5262c0_0, 0;
    %load/vec4 v00000208bc5262c0_0;
    %assign/vec4 v00000208bc527940_0, 0;
    %load/vec4 v00000208bc527940_0;
    %load/vec4 v00000208bc526360_0;
    %nor/r;
    %and;
    %assign/vec4 v00000208bc527120_0, 0;
    %load/vec4 v00000208bc527940_0;
    %assign/vec4 v00000208bc526360_0, 0;
T_5.1 ;
    %jmp T_5;
    .thread T_5;
    .scope S_00000208bc4b02e0;
T_6 ;
    %wait E_00000208bc4bedc0;
    %load/vec4 v00000208bc527620_0;
    %nor/r;
    %flag_set/vec4 8;
    %jmp/0xz  T_6.0, 8;
    %pushi/vec4 0, 0, 2;
    %assign/vec4 v00000208bc527d00_0, 0;
    %pushi/vec4 0, 0, 1;
    %assign/vec4 v00000208bc526d60_0, 0;
    %pushi/vec4 0, 0, 28;
    %assign/vec4 v00000208bc526860_0, 0;
    %pushi/vec4 0, 0, 8;
    %assign/vec4 v00000208bc5269a0_0, 0;
    %pushi/vec4 0, 0, 1;
    %assign/vec4 v00000208bc526ae0_0, 0;
    %pushi/vec4 0, 0, 12;
    %assign/vec4 v00000208bc528910_0, 0;
    %pushi/vec4 0, 0, 12;
    %assign/vec4 v00000208bc527f80_0, 0;
    %pushi/vec4 0, 0, 28;
    %assign/vec4 v00000208bc5264a0_0, 0;
    %pushi/vec4 0, 0, 12;
    %assign/vec4 v00000208bc5245a0_0, 0;
    %pushi/vec4 0, 0, 1;
    %assign/vec4 v00000208bc527bc0_0, 0;
    %pushi/vec4 0, 0, 8;
    %assign/vec4 v00000208bc527760_0, 0;
    %pushi/vec4 0, 0, 8;
    %assign/vec4 v00000208bc527ee0_0, 0;
    %jmp T_6.1;
T_6.0 ;
    %load/vec4 v00000208bc526fe0_0;
    %nor/r;
    %flag_set/vec4 8;
    %jmp/0xz  T_6.2, 8;
    %pushi/vec4 0, 0, 2;
    %assign/vec4 v00000208bc527d00_0, 0;
    %pushi/vec4 0, 0, 1;
    %assign/vec4 v00000208bc526d60_0, 0;
    %pushi/vec4 0, 0, 1;
    %assign/vec4 v00000208bc526ae0_0, 0;
    %pushi/vec4 0, 0, 1;
    %assign/vec4 v00000208bc527bc0_0, 0;
    %jmp T_6.3;
T_6.2 ;
    %load/vec4 v00000208bc527260_0;
    %flag_set/vec4 8;
    %jmp/0xz  T_6.4, 8;
    %pushi/vec4 0, 0, 1;
    %assign/vec4 v00000208bc527bc0_0, 0;
    %load/vec4 v00000208bc5245a0_0;
    %pad/u 32;
    %cmpi/e 1079, 0, 32;
    %jmp/0xz  T_6.6, 4;
    %pushi/vec4 0, 0, 12;
    %assign/vec4 v00000208bc5245a0_0, 0;
    %jmp T_6.7;
T_6.6 ;
    %load/vec4 v00000208bc5245a0_0;
    %addi 1, 0, 12;
    %assign/vec4 v00000208bc5245a0_0, 0;
T_6.7 ;
T_6.4 ;
    %load/vec4 v00000208bc527d00_0;
    %dup/vec4;
    %pushi/vec4 0, 0, 2;
    %cmp/u;
    %jmp/1 T_6.8, 6;
    %dup/vec4;
    %pushi/vec4 1, 0, 2;
    %cmp/u;
    %jmp/1 T_6.9, 6;
    %dup/vec4;
    %pushi/vec4 2, 0, 2;
    %cmp/u;
    %jmp/1 T_6.10, 6;
    %pushi/vec4 0, 0, 2;
    %assign/vec4 v00000208bc527d00_0, 0;
    %jmp T_6.12;
T_6.8 ;
    %pushi/vec4 0, 0, 1;
    %assign/vec4 v00000208bc526ae0_0, 0;
    %load/vec4 v00000208bc527bc0_0;
    %nor/r;
    %flag_set/vec4 8;
    %jmp/0xz  T_6.13, 8;
    %pushi/vec4 1920, 0, 12;
    %assign/vec4 v00000208bc527f80_0, 0;
    %pushi/vec4 0, 0, 12;
    %assign/vec4 v00000208bc528910_0, 0;
    %alloc S_00000208bc525d70;
    %load/vec4 v00000208bc5265e0_0;
    %load/vec4 v00000208bc5245a0_0;
    %store/vec4 v00000208bc5250e0_0, 0, 12;
    %store/vec4 v00000208bc524640_0, 0, 32;
    %callf/vec4 TD_ddr3_frame.line_start_addr, S_00000208bc525d70;
    %free S_00000208bc525d70;
    %assign/vec4 v00000208bc5264a0_0, 0;
    %pushi/vec4 1, 0, 2;
    %assign/vec4 v00000208bc527d00_0, 0;
T_6.13 ;
    %jmp T_6.12;
T_6.9 ;
    %load/vec4 v00000208bc526d60_0;
    %nor/r;
    %flag_set/vec4 8;
    %jmp/0xz  T_6.15, 8;
    %load/vec4 v00000208bc527f80_0;
    %pad/u 32;
    %cmpi/u 256, 0, 32;
    %flag_or 5, 4; GT is !LE
    %flag_inv 5;
    %jmp/0xz  T_6.17, 5;
    %pushi/vec4 255, 0, 8;
    %assign/vec4 v00000208bc5269a0_0, 0;
    %pushi/vec4 255, 0, 8;
    %assign/vec4 v00000208bc527760_0, 0;
    %load/vec4 v00000208bc527f80_0;
    %pad/u 32;
    %subi 256, 0, 32;
    %pad/u 12;
    %assign/vec4 v00000208bc527f80_0, 0;
    %jmp T_6.18;
T_6.17 ;
    %load/vec4 v00000208bc527f80_0;
    %pad/u 32;
    %cmpi/ne 0, 0, 32;
    %jmp/0xz  T_6.19, 4;
    %load/vec4 v00000208bc527f80_0;
    %parti/s 8, 0, 2;
    %subi 1, 0, 8;
    %assign/vec4 v00000208bc5269a0_0, 0;
    %load/vec4 v00000208bc527f80_0;
    %parti/s 8, 0, 2;
    %subi 1, 0, 8;
    %assign/vec4 v00000208bc527760_0, 0;
    %pushi/vec4 0, 0, 12;
    %assign/vec4 v00000208bc527f80_0, 0;
T_6.19 ;
T_6.18 ;
    %load/vec4 v00000208bc5264a0_0;
    %assign/vec4 v00000208bc526860_0, 0;
    %pushi/vec4 1, 0, 1;
    %assign/vec4 v00000208bc526d60_0, 0;
    %pushi/vec4 0, 0, 8;
    %assign/vec4 v00000208bc527ee0_0, 0;
T_6.15 ;
    %load/vec4 v00000208bc526d60_0;
    %load/vec4 v00000208bc526b80_0;
    %and;
    %flag_set/vec4 8;
    %jmp/0xz  T_6.21, 8;
    %pushi/vec4 0, 0, 1;
    %assign/vec4 v00000208bc526d60_0, 0;
    %load/vec4 v00000208bc5264a0_0;
    %load/vec4 v00000208bc5269a0_0;
    %pad/u 28;
    %addi 1, 0, 28;
    %ix/load 4, 2, 0;
    %flag_set/imm 4, 0;
    %shiftl 4;
    %add;
    %assign/vec4 v00000208bc5264a0_0, 0;
    %pushi/vec4 2, 0, 2;
    %assign/vec4 v00000208bc527d00_0, 0;
    %pushi/vec4 1, 0, 1;
    %assign/vec4 v00000208bc526ae0_0, 0;
T_6.21 ;
    %jmp T_6.12;
T_6.10 ;
    %load/vec4 v00000208bc5274e0_0;
    %load/vec4 v00000208bc526ae0_0;
    %and;
    %flag_set/vec4 8;
    %jmp/0xz  T_6.23, 8;
    %load/vec4 v00000208bc526ea0_0;
    %parti/s 24, 0, 2;
    %ix/getv 3, v00000208bc528910_0;
    %ix/load 4, 0, 0; Constant delay
    %assign/vec4/a/d v00000208bc526c20, 0, 4;
    %load/vec4 v00000208bc528910_0;
    %addi 1, 0, 12;
    %assign/vec4 v00000208bc528910_0, 0;
    %load/vec4 v00000208bc527ee0_0;
    %addi 1, 0, 8;
    %assign/vec4 v00000208bc527ee0_0, 0;
    %load/vec4 v00000208bc527ee0_0;
    %load/vec4 v00000208bc527760_0;
    %cmp/e;
    %jmp/0xz  T_6.25, 4;
    %pushi/vec4 0, 0, 1;
    %assign/vec4 v00000208bc526ae0_0, 0;
    %load/vec4 v00000208bc528910_0;
    %pad/u 32;
    %cmpi/e 1919, 0, 32;
    %jmp/0xz  T_6.27, 4;
    %pushi/vec4 1, 0, 1;
    %assign/vec4 v00000208bc527bc0_0, 0;
T_6.27 ;
    %load/vec4 v00000208bc527f80_0;
    %pad/u 32;
    %pushi/vec4 0, 0, 32;
    %cmp/e;
    %flag_get/vec4 4;
    %load/vec4 v00000208bc528910_0;
    %pad/u 32;
    %pushi/vec4 1919, 0, 32;
    %cmp/e;
    %flag_get/vec4 4;
    %and;
    %flag_set/vec4 8;
    %jmp/0xz  T_6.29, 8;
    %pushi/vec4 0, 0, 2;
    %assign/vec4 v00000208bc527d00_0, 0;
    %jmp T_6.30;
T_6.29 ;
    %pushi/vec4 1, 0, 2;
    %assign/vec4 v00000208bc527d00_0, 0;
T_6.30 ;
T_6.25 ;
T_6.23 ;
    %jmp T_6.12;
T_6.12 ;
    %pop/vec4 1;
T_6.3 ;
T_6.1 ;
    %jmp T_6;
    .thread T_6;
    .scope S_00000208bc4b02e0;
T_7 ;
    %wait E_00000208bc4bedc0;
    %load/vec4 v00000208bc527620_0;
    %nor/r;
    %flag_set/vec4 8;
    %jmp/0xz  T_7.0, 8;
    %pushi/vec4 0, 0, 2;
    %assign/vec4 v00000208bc5289b0_0, 0;
    %pushi/vec4 0, 0, 1;
    %assign/vec4 v00000208bc526720_0, 0;
    %pushi/vec4 0, 0, 28;
    %assign/vec4 v00000208bc527440_0, 0;
    %pushi/vec4 15, 0, 4;
    %assign/vec4 v00000208bc526680_0, 0;
    %pushi/vec4 0, 0, 1;
    %assign/vec4 v00000208bc527300_0, 0;
    %pushi/vec4 0, 0, 32;
    %assign/vec4 v00000208bc5279e0_0, 0;
    %pushi/vec4 0, 0, 1;
    %assign/vec4 v00000208bc526400_0, 0;
    %pushi/vec4 1, 0, 1;
    %assign/vec4 v00000208bc5260e0_0, 0;
    %pushi/vec4 0, 0, 12;
    %assign/vec4 v00000208bc528e10_0, 0;
    %pushi/vec4 0, 0, 12;
    %assign/vec4 v00000208bc529130_0, 0;
    %pushi/vec4 0, 0, 24;
    %assign/vec4 v00000208bc527e40_0, 0;
    %jmp T_7.1;
T_7.0 ;
    %load/vec4 v00000208bc5289b0_0;
    %dup/vec4;
    %pushi/vec4 0, 0, 2;
    %cmp/u;
    %jmp/1 T_7.2, 6;
    %dup/vec4;
    %pushi/vec4 1, 0, 2;
    %cmp/u;
    %jmp/1 T_7.3, 6;
    %pushi/vec4 0, 0, 2;
    %assign/vec4 v00000208bc5289b0_0, 0;
    %jmp T_7.5;
T_7.2 ;
    %pushi/vec4 0, 0, 1;
    %assign/vec4 v00000208bc526720_0, 0;
    %pushi/vec4 0, 0, 1;
    %assign/vec4 v00000208bc527300_0, 0;
    %pushi/vec4 0, 0, 1;
    %assign/vec4 v00000208bc526400_0, 0;
    %pushi/vec4 1, 0, 1;
    %assign/vec4 v00000208bc5260e0_0, 0;
    %load/vec4 v00000208bc529f90_0;
    %load/vec4 v00000208bc5260e0_0;
    %and;
    %flag_set/vec4 8;
    %jmp/0xz  T_7.6, 8;
    %load/vec4 v00000208bc529270_0;
    %assign/vec4 v00000208bc528e10_0, 0;
    %load/vec4 v00000208bc529b30_0;
    %assign/vec4 v00000208bc529130_0, 0;
    %load/vec4 v00000208bc527a80_0;
    %assign/vec4 v00000208bc527e40_0, 0;
    %alloc S_00000208bc525f00;
    %load/vec4 v00000208bc526220_0;
    %load/vec4 v00000208bc529270_0;
    %load/vec4 v00000208bc529b30_0;
    %store/vec4 v00000208bc5246e0_0, 0, 12;
    %store/vec4 v00000208bc5252c0_0, 0, 12;
    %store/vec4 v00000208bc525180_0, 0, 32;
    %callf/vec4 TD_ddr3_frame.pixel_addr, S_00000208bc525f00;
    %free S_00000208bc525f00;
    %assign/vec4 v00000208bc527440_0, 0;
    %pushi/vec4 0, 0, 8;
    %load/vec4 v00000208bc527a80_0;
    %concat/vec4; draw_concat_vec4
    %assign/vec4 v00000208bc5279e0_0, 0;
    %pushi/vec4 0, 0, 1;
    %assign/vec4 v00000208bc5260e0_0, 0;
    %pushi/vec4 1, 0, 2;
    %assign/vec4 v00000208bc5289b0_0, 0;
T_7.6 ;
    %jmp T_7.5;
T_7.3 ;
    %pushi/vec4 1, 0, 1;
    %assign/vec4 v00000208bc526720_0, 0;
    %pushi/vec4 1, 0, 1;
    %assign/vec4 v00000208bc527300_0, 0;
    %pushi/vec4 1, 0, 1;
    %assign/vec4 v00000208bc526400_0, 0;
    %load/vec4 v00000208bc526720_0;
    %load/vec4 v00000208bc5271c0_0;
    %and;
    %flag_set/vec4 8;
    %jmp/0xz  T_7.8, 8;
    %pushi/vec4 0, 0, 1;
    %assign/vec4 v00000208bc526720_0, 0;
T_7.8 ;
    %load/vec4 v00000208bc527300_0;
    %load/vec4 v00000208bc526540_0;
    %and;
    %flag_set/vec4 8;
    %jmp/0xz  T_7.10, 8;
    %pushi/vec4 0, 0, 1;
    %assign/vec4 v00000208bc527300_0, 0;
T_7.10 ;
    %load/vec4 v00000208bc527580_0;
    %load/vec4 v00000208bc526400_0;
    %and;
    %flag_set/vec4 8;
    %jmp/0xz  T_7.12, 8;
    %pushi/vec4 0, 0, 2;
    %assign/vec4 v00000208bc5289b0_0, 0;
T_7.12 ;
    %jmp T_7.5;
T_7.5 ;
    %pop/vec4 1;
T_7.1 ;
    %jmp T_7;
    .thread T_7;
    .scope S_00000208bc4b02e0;
T_8 ;
    %wait E_00000208bc4be500;
    %load/vec4 v00000208bc527620_0;
    %nor/r;
    %flag_set/vec4 8;
    %jmp/0xz  T_8.0, 8;
    %pushi/vec4 0, 0, 24;
    %assign/vec4 v00000208bc526180_0, 0;
    %pushi/vec4 0, 0, 12;
    %assign/vec4 v00000208bc526cc0_0, 0;
    %pushi/vec4 0, 0, 12;
    %assign/vec4 v00000208bc526f40_0, 0;
    %pushi/vec4 0, 0, 1;
    %assign/vec4 v00000208bc5278a0_0, 0;
    %pushi/vec4 0, 0, 1;
    %assign/vec4 v00000208bc527c60_0, 0;
    %pushi/vec4 0, 0, 1;
    %assign/vec4 v00000208bc526a40_0, 0;
    %pushi/vec4 0, 0, 1;
    %assign/vec4 v00000208bc527b20_0, 0;
    %pushi/vec4 0, 0, 1;
    %assign/vec4 v00000208bc527260_0, 0;
    %jmp T_8.1;
T_8.0 ;
    %pushi/vec4 0, 0, 1;
    %assign/vec4 v00000208bc526a40_0, 0;
    %load/vec4 v00000208bc526a40_0;
    %assign/vec4 v00000208bc527b20_0, 0;
    %load/vec4 v00000208bc527b20_0;
    %assign/vec4 v00000208bc527260_0, 0;
    %load/vec4 v00000208bc5245a0_0;
    %assign/vec4 v00000208bc526cc0_0, 0;
    %load/vec4 v00000208bc526cc0_0;
    %assign/vec4 v00000208bc526f40_0, 0;
    %load/vec4 v00000208bc527bc0_0;
    %assign/vec4 v00000208bc5278a0_0, 0;
    %load/vec4 v00000208bc5278a0_0;
    %assign/vec4 v00000208bc527c60_0, 0;
    %load/vec4 v00000208bc5276c0_0;
    %load/vec4 v00000208bc527c60_0;
    %and;
    %load/vec4 v00000208bc5273a0_0;
    %load/vec4 v00000208bc526f40_0;
    %cmp/e;
    %flag_get/vec4 4;
    %and;
    %flag_set/vec4 8;
    %jmp/0xz  T_8.2, 8;
    %ix/getv 4, v00000208bc527da0_0;
    %load/vec4a v00000208bc526c20, 4;
    %assign/vec4 v00000208bc526180_0, 0;
    %jmp T_8.3;
T_8.2 ;
    %pushi/vec4 0, 0, 24;
    %assign/vec4 v00000208bc526180_0, 0;
T_8.3 ;
    %load/vec4 v00000208bc5276c0_0;
    %load/vec4 v00000208bc527da0_0;
    %pad/u 32;
    %pushi/vec4 1919, 0, 32;
    %cmp/e;
    %flag_get/vec4 4;
    %and;
    %load/vec4 v00000208bc5273a0_0;
    %load/vec4 v00000208bc526f40_0;
    %cmp/e;
    %flag_get/vec4 4;
    %and;
    %flag_set/vec4 8;
    %jmp/0xz  T_8.4, 8;
    %pushi/vec4 1, 0, 1;
    %assign/vec4 v00000208bc526a40_0, 0;
T_8.4 ;
T_8.1 ;
    %jmp T_8;
    .thread T_8;
# The file index is used to find the file name in the following table.
:file_names 5;
    "N/A";
    "<interactive>";
    "-";
    "d:\Work\code\project\clocklessEx\Memo\axi_mem_stub.v";
    "d:\Work\code\project\clocklessEx\GUI\ddr3_frame.v";
