#! /c/Source/iverilog-install/bin/vvp
:ivl_version "12.0 (devel)" "(s20150603-1110-g18392a46)";
:ivl_delay_selection "TYPICAL";
:vpi_time_precision - 9;
:vpi_module "C:\iverilog\lib\ivl\system.vpi";
:vpi_module "C:\iverilog\lib\ivl\vhdl_sys.vpi";
:vpi_module "C:\iverilog\lib\ivl\vhdl_textio.vpi";
:vpi_module "C:\iverilog\lib\ivl\v2005_math.vpi";
:vpi_module "C:\iverilog\lib\ivl\va_math.vpi";
S_0000021693ddeb70 .scope module, "tb_Process" "tb_Process" 2 2;
 .timescale -9 -9;
v0000021693e630e0_0 .var "data_in", 7 0;
v0000021693ddee90_0 .net "data_out", 7 0, L_0000021693ddef30;  1 drivers
S_0000021693dded00 .scope module, "cess" "Process" 2 7, 3 1 0, S_0000021693ddeb70;
 .timescale 0 0;
    .port_info 0 /INPUT 8 "data_in";
    .port_info 1 /OUTPUT 8 "data_out";
P_0000021693e63310 .param/l "DATA_DEPTH" 0 3 3, +C4<00000000000000000000000000010000>;
P_0000021693e63348 .param/l "DATA_WIDTH" 0 3 2, +C4<00000000000000000000000000001000>;
L_0000021693ddef30 .functor BUFZ 8, v0000021693e630e0_0, C4<00000000>, C4<00000000>, C4<00000000>;
v0000021693e63450_0 .net "data_in", 7 0, v0000021693e630e0_0;  1 drivers
v0000021693e960f0_0 .net "data_out", 7 0, L_0000021693ddef30;  alias, 1 drivers
    .scope S_0000021693ddeb70;
T_0 ;
    %vpi_call 2 13 "$dumpfile", "tb_Process.vcd" {0 0 0};
    %vpi_call 2 14 "$dumpvars", 32'sb00000000000000000000000000000000, S_0000021693ddeb70 {0 0 0};
    %delay 10, 0;
    %pushi/vec4 8, 0, 8;
    %cassign/vec4 v0000021693e630e0_0;
    %delay 10, 0;
    %vpi_call 2 19 "$finish" {0 0 0};
    %end;
    .thread T_0;
# The file index is used to find the file name in the following table.
:file_names 4;
    "N/A";
    "<interactive>";
    "tb_Process.v";
    "Process.v";
