#! /c/Source/iverilog-install/bin/vvp
:ivl_version "12.0 (devel)" "(s20150603-1110-g18392a46)";
:ivl_delay_selection "TYPICAL";
:vpi_time_precision - 9;
:vpi_module "C:\iverilog\lib\ivl\system.vpi";
:vpi_module "C:\iverilog\lib\ivl\vhdl_sys.vpi";
:vpi_module "C:\iverilog\lib\ivl\vhdl_textio.vpi";
:vpi_module "C:\iverilog\lib\ivl\v2005_math.vpi";
:vpi_module "C:\iverilog\lib\ivl\va_math.vpi";
S_0000024d71bf6210 .scope module, "tb_st_16bit_adder" "tb_st_16bit_adder" 2 2;
 .timescale -9 -9;
v0000024d71fa8ec0_0 .var "A", 15 0;
v0000024d71fa9be0_0 .var "B", 15 0;
v0000024d71faa900_0 .var "Cin", 0 0;
v0000024d71fa8b00_0 .net "Cout", 0 0, L_0000024d71fb99e0;  1 drivers
v0000024d71fa8380_0 .net "S", 15 0, L_0000024d71fb7960;  1 drivers
S_0000024d71b6fbd0 .scope module, "uut" "st_16bit_adder" 2 10, 3 1 0, S_0000024d71bf6210;
 .timescale -9 -9;
    .port_info 0 /INPUT 16 "A";
    .port_info 1 /INPUT 16 "B";
    .port_info 2 /INPUT 1 "Cin";
    .port_info 3 /OUTPUT 16 "S";
    .port_info 4 /OUTPUT 1 "Cout";
L_0000024d71beea50 .functor BUFZ 1, v0000024d71faa900_0, C4<0>, C4<0>, C4<0>;
L_0000024d71bee190 .functor AND 1, L_0000024d71fa8740, L_0000024d71fa9780, C4<1>, C4<1>;
L_0000024d71bee510 .functor OR 1, L_0000024d71faa9a0, L_0000024d71bee190, C4<0>, C4<0>;
L_0000024d71bee200 .functor AND 1, L_0000024d71fa8600, L_0000024d71faa180, C4<1>, C4<1>;
L_0000024d71bee740 .functor OR 1, L_0000024d71faa220, L_0000024d71bee200, C4<0>, C4<0>;
L_0000024d71bee6d0 .functor AND 1, L_0000024d71fa8ba0, L_0000024d71fa87e0, C4<1>, C4<1>;
L_0000024d71bee660 .functor AND 1, L_0000024d71bee6d0, L_0000024d71fa8880, C4<1>, C4<1>;
L_0000024d71bee5f0 .functor OR 1, L_0000024d71bee740, L_0000024d71bee660, C4<0>, C4<0>;
L_0000024d71bee2e0 .functor AND 1, L_0000024d71fa8a60, L_0000024d71fa98c0, C4<1>, C4<1>;
L_0000024d71bee7b0 .functor OR 1, L_0000024d71fa89c0, L_0000024d71bee2e0, C4<0>, C4<0>;
L_0000024d71bee270 .functor AND 1, L_0000024d71fa8c40, L_0000024d71fa8ce0, C4<1>, C4<1>;
L_0000024d71bee890 .functor AND 1, L_0000024d71bee270, L_0000024d71fa9960, C4<1>, C4<1>;
L_0000024d71fabf00 .functor OR 1, L_0000024d71bee7b0, L_0000024d71bee890, C4<0>, C4<0>;
L_0000024d71fab8e0 .functor AND 1, L_0000024d71fa90a0, L_0000024d71fa8d80, C4<1>, C4<1>;
L_0000024d71fab950 .functor AND 1, L_0000024d71fab8e0, L_0000024d71fa91e0, C4<1>, C4<1>;
L_0000024d71fac210 .functor AND 1, L_0000024d71fab950, L_0000024d71fa9a00, C4<1>, C4<1>;
L_0000024d71fabcd0 .functor OR 1, L_0000024d71fabf00, L_0000024d71fac210, C4<0>, C4<0>;
L_0000024d71fac670 .functor AND 1, L_0000024d71fa9c80, L_0000024d71fab080, C4<1>, C4<1>;
L_0000024d71fabd40 .functor OR 1, L_0000024d71fa9820, L_0000024d71fac670, C4<0>, C4<0>;
L_0000024d71fabdb0 .functor AND 1, L_0000024d71fab260, L_0000024d71faad60, C4<1>, C4<1>;
L_0000024d71fab790 .functor AND 1, L_0000024d71fabdb0, L_0000024d71fab1c0, C4<1>, C4<1>;
L_0000024d71fab800 .functor OR 1, L_0000024d71fabd40, L_0000024d71fab790, C4<0>, C4<0>;
L_0000024d71fab9c0 .functor AND 1, L_0000024d71faaf40, L_0000024d71fab120, C4<1>, C4<1>;
L_0000024d71fabf70 .functor AND 1, L_0000024d71fab9c0, L_0000024d71faac20, C4<1>, C4<1>;
L_0000024d71fab870 .functor AND 1, L_0000024d71fabf70, L_0000024d71faacc0, C4<1>, C4<1>;
L_0000024d71fac2f0 .functor OR 1, L_0000024d71fab800, L_0000024d71fab870, C4<0>, C4<0>;
L_0000024d71fabfe0 .functor AND 1, L_0000024d71faab80, L_0000024d71faae00, C4<1>, C4<1>;
L_0000024d71fac360 .functor AND 1, L_0000024d71fabfe0, L_0000024d71faafe0, C4<1>, C4<1>;
L_0000024d71fac050 .functor AND 1, L_0000024d71fac360, L_0000024d71faaea0, C4<1>, C4<1>;
L_0000024d71faba30 .functor AND 1, L_0000024d71fac050, L_0000024d71fa3420, C4<1>, C4<1>;
L_0000024d71fabe20 .functor OR 1, L_0000024d71fac2f0, L_0000024d71faba30, C4<0>, C4<0>;
v0000024d71fa6260_0 .net "A", 15 0, v0000024d71fa8ec0_0;  1 drivers
v0000024d71fa6e40_0 .net "B", 15 0, v0000024d71fa9be0_0;  1 drivers
v0000024d71fa8240_0 .net "C", 4 0, L_0000024d71fa9f00;  1 drivers
v0000024d71fa68a0_0 .net "Cin", 0 0, v0000024d71faa900_0;  1 drivers
v0000024d71fa5b80_0 .net "Cout", 0 0, L_0000024d71fb99e0;  alias, 1 drivers
v0000024d71fa7020_0 .net "Gg", 3 0, L_0000024d71fb9760;  1 drivers
v0000024d71fa66c0_0 .net "Pg", 3 0, L_0000024d71fb9d00;  1 drivers
v0000024d71fa7160_0 .net "S", 15 0, L_0000024d71fb7960;  alias, 1 drivers
v0000024d71fa7200_0 .net *"_ivl_100", 0 0, L_0000024d71fab1c0;  1 drivers
v0000024d71fa5cc0_0 .net *"_ivl_101", 0 0, L_0000024d71fab790;  1 drivers
v0000024d71fa5fe0_0 .net *"_ivl_103", 0 0, L_0000024d71fab800;  1 drivers
v0000024d71fa72a0_0 .net *"_ivl_106", 0 0, L_0000024d71faaf40;  1 drivers
v0000024d71fa5d60_0 .net *"_ivl_108", 0 0, L_0000024d71fab120;  1 drivers
v0000024d71fa6760_0 .net *"_ivl_109", 0 0, L_0000024d71fab9c0;  1 drivers
v0000024d71fa7de0_0 .net *"_ivl_11", 0 0, L_0000024d71fa9780;  1 drivers
v0000024d71fa6a80_0 .net *"_ivl_112", 0 0, L_0000024d71faac20;  1 drivers
v0000024d71fa6800_0 .net *"_ivl_113", 0 0, L_0000024d71fabf70;  1 drivers
v0000024d71fa6b20_0 .net *"_ivl_116", 0 0, L_0000024d71faacc0;  1 drivers
v0000024d71fa6d00_0 .net *"_ivl_117", 0 0, L_0000024d71fab870;  1 drivers
v0000024d71fa69e0_0 .net *"_ivl_119", 0 0, L_0000024d71fac2f0;  1 drivers
v0000024d71fa7c00_0 .net *"_ivl_12", 0 0, L_0000024d71bee190;  1 drivers
v0000024d71fa6c60_0 .net *"_ivl_122", 0 0, L_0000024d71faab80;  1 drivers
v0000024d71fa7ca0_0 .net *"_ivl_124", 0 0, L_0000024d71faae00;  1 drivers
v0000024d71fa6da0_0 .net *"_ivl_125", 0 0, L_0000024d71fabfe0;  1 drivers
v0000024d71fa7a20_0 .net *"_ivl_128", 0 0, L_0000024d71faafe0;  1 drivers
v0000024d71fa73e0_0 .net *"_ivl_129", 0 0, L_0000024d71fac360;  1 drivers
v0000024d71fa7480_0 .net *"_ivl_132", 0 0, L_0000024d71faaea0;  1 drivers
v0000024d71fa75c0_0 .net *"_ivl_133", 0 0, L_0000024d71fac050;  1 drivers
v0000024d71fa7660_0 .net *"_ivl_136", 0 0, L_0000024d71fa3420;  1 drivers
v0000024d71fa7700_0 .net *"_ivl_137", 0 0, L_0000024d71faba30;  1 drivers
v0000024d71fa7840_0 .net *"_ivl_139", 0 0, L_0000024d71fabe20;  1 drivers
v0000024d71fa78e0_0 .net *"_ivl_14", 0 0, L_0000024d71bee510;  1 drivers
v0000024d71fa7ac0_0 .net *"_ivl_19", 0 0, L_0000024d71faa220;  1 drivers
v0000024d71fa7b60_0 .net *"_ivl_21", 0 0, L_0000024d71fa8600;  1 drivers
v0000024d71fa7e80_0 .net *"_ivl_23", 0 0, L_0000024d71faa180;  1 drivers
v0000024d71fa7f20_0 .net *"_ivl_24", 0 0, L_0000024d71bee200;  1 drivers
v0000024d71fa9fa0_0 .net *"_ivl_26", 0 0, L_0000024d71bee740;  1 drivers
v0000024d71fa9aa0_0 .net *"_ivl_29", 0 0, L_0000024d71fa8ba0;  1 drivers
v0000024d71faa0e0_0 .net *"_ivl_3", 0 0, L_0000024d71beea50;  1 drivers
v0000024d71fa9320_0 .net *"_ivl_31", 0 0, L_0000024d71fa87e0;  1 drivers
v0000024d71fa9280_0 .net *"_ivl_32", 0 0, L_0000024d71bee6d0;  1 drivers
v0000024d71fa84c0_0 .net *"_ivl_35", 0 0, L_0000024d71fa8880;  1 drivers
v0000024d71faa360_0 .net *"_ivl_36", 0 0, L_0000024d71bee660;  1 drivers
v0000024d71fa93c0_0 .net *"_ivl_38", 0 0, L_0000024d71bee5f0;  1 drivers
v0000024d71faa5e0_0 .net *"_ivl_43", 0 0, L_0000024d71fa89c0;  1 drivers
v0000024d71faa720_0 .net *"_ivl_45", 0 0, L_0000024d71fa8a60;  1 drivers
v0000024d71fa9460_0 .net *"_ivl_47", 0 0, L_0000024d71fa98c0;  1 drivers
v0000024d71fa86a0_0 .net *"_ivl_48", 0 0, L_0000024d71bee2e0;  1 drivers
v0000024d71faa400_0 .net *"_ivl_50", 0 0, L_0000024d71bee7b0;  1 drivers
v0000024d71fa9b40_0 .net *"_ivl_53", 0 0, L_0000024d71fa8c40;  1 drivers
v0000024d71faaa40_0 .net *"_ivl_55", 0 0, L_0000024d71fa8ce0;  1 drivers
v0000024d71fa9500_0 .net *"_ivl_56", 0 0, L_0000024d71bee270;  1 drivers
v0000024d71fa8e20_0 .net *"_ivl_59", 0 0, L_0000024d71fa9960;  1 drivers
v0000024d71faa540_0 .net *"_ivl_60", 0 0, L_0000024d71bee890;  1 drivers
v0000024d71faa4a0_0 .net *"_ivl_62", 0 0, L_0000024d71fabf00;  1 drivers
v0000024d71fa95a0_0 .net *"_ivl_65", 0 0, L_0000024d71fa90a0;  1 drivers
v0000024d71fa9640_0 .net *"_ivl_67", 0 0, L_0000024d71fa8d80;  1 drivers
v0000024d71fa8420_0 .net *"_ivl_68", 0 0, L_0000024d71fab8e0;  1 drivers
v0000024d71fa9000_0 .net *"_ivl_7", 0 0, L_0000024d71faa9a0;  1 drivers
v0000024d71fa9d20_0 .net *"_ivl_71", 0 0, L_0000024d71fa91e0;  1 drivers
v0000024d71fa9dc0_0 .net *"_ivl_72", 0 0, L_0000024d71fab950;  1 drivers
v0000024d71faa040_0 .net *"_ivl_75", 0 0, L_0000024d71fa9a00;  1 drivers
v0000024d71fa8560_0 .net *"_ivl_76", 0 0, L_0000024d71fac210;  1 drivers
v0000024d71fa8f60_0 .net *"_ivl_78", 0 0, L_0000024d71fabcd0;  1 drivers
v0000024d71faa680_0 .net *"_ivl_84", 0 0, L_0000024d71fa9820;  1 drivers
v0000024d71fa8920_0 .net *"_ivl_86", 0 0, L_0000024d71fa9c80;  1 drivers
v0000024d71faa7c0_0 .net *"_ivl_88", 0 0, L_0000024d71fab080;  1 drivers
v0000024d71fa96e0_0 .net *"_ivl_89", 0 0, L_0000024d71fac670;  1 drivers
v0000024d71fa9e60_0 .net *"_ivl_9", 0 0, L_0000024d71fa8740;  1 drivers
v0000024d71fa9140_0 .net *"_ivl_91", 0 0, L_0000024d71fabd40;  1 drivers
v0000024d71faa860_0 .net *"_ivl_94", 0 0, L_0000024d71fab260;  1 drivers
v0000024d71faaae0_0 .net *"_ivl_96", 0 0, L_0000024d71faad60;  1 drivers
v0000024d71faa2c0_0 .net *"_ivl_97", 0 0, L_0000024d71fabdb0;  1 drivers
L_0000024d71faa9a0 .part L_0000024d71fb9760, 0, 1;
L_0000024d71fa8740 .part L_0000024d71fb9d00, 0, 1;
L_0000024d71fa9780 .part L_0000024d71fa9f00, 0, 1;
L_0000024d71faa220 .part L_0000024d71fb9760, 1, 1;
L_0000024d71fa8600 .part L_0000024d71fb9d00, 1, 1;
L_0000024d71faa180 .part L_0000024d71fb9760, 0, 1;
L_0000024d71fa8ba0 .part L_0000024d71fb9d00, 1, 1;
L_0000024d71fa87e0 .part L_0000024d71fb9d00, 0, 1;
L_0000024d71fa8880 .part L_0000024d71fa9f00, 0, 1;
L_0000024d71fa89c0 .part L_0000024d71fb9760, 2, 1;
L_0000024d71fa8a60 .part L_0000024d71fb9d00, 2, 1;
L_0000024d71fa98c0 .part L_0000024d71fb9760, 1, 1;
L_0000024d71fa8c40 .part L_0000024d71fb9d00, 2, 1;
L_0000024d71fa8ce0 .part L_0000024d71fb9d00, 1, 1;
L_0000024d71fa9960 .part L_0000024d71fb9760, 0, 1;
L_0000024d71fa90a0 .part L_0000024d71fb9d00, 2, 1;
L_0000024d71fa8d80 .part L_0000024d71fb9d00, 1, 1;
L_0000024d71fa91e0 .part L_0000024d71fb9d00, 0, 1;
L_0000024d71fa9a00 .part L_0000024d71fa9f00, 0, 1;
LS_0000024d71fa9f00_0_0 .concat8 [ 1 1 1 1], L_0000024d71beea50, L_0000024d71bee510, L_0000024d71bee5f0, L_0000024d71fabcd0;
LS_0000024d71fa9f00_0_4 .concat8 [ 1 0 0 0], L_0000024d71fabe20;
L_0000024d71fa9f00 .concat8 [ 4 1 0 0], LS_0000024d71fa9f00_0_0, LS_0000024d71fa9f00_0_4;
L_0000024d71fa9820 .part L_0000024d71fb9760, 3, 1;
L_0000024d71fa9c80 .part L_0000024d71fb9d00, 3, 1;
L_0000024d71fab080 .part L_0000024d71fb9760, 2, 1;
L_0000024d71fab260 .part L_0000024d71fb9d00, 3, 1;
L_0000024d71faad60 .part L_0000024d71fb9d00, 2, 1;
L_0000024d71fab1c0 .part L_0000024d71fb9760, 1, 1;
L_0000024d71faaf40 .part L_0000024d71fb9d00, 3, 1;
L_0000024d71fab120 .part L_0000024d71fb9d00, 2, 1;
L_0000024d71faac20 .part L_0000024d71fb9d00, 1, 1;
L_0000024d71faacc0 .part L_0000024d71fb9760, 0, 1;
L_0000024d71faab80 .part L_0000024d71fb9d00, 3, 1;
L_0000024d71faae00 .part L_0000024d71fb9d00, 2, 1;
L_0000024d71faafe0 .part L_0000024d71fb9d00, 1, 1;
L_0000024d71faaea0 .part L_0000024d71fb9d00, 0, 1;
L_0000024d71fa3420 .part L_0000024d71fa9f00, 0, 1;
L_0000024d71fa4aa0 .part v0000024d71fa8ec0_0, 0, 4;
L_0000024d71fa4820 .part v0000024d71fa9be0_0, 0, 4;
L_0000024d71fa5720 .part L_0000024d71fa9f00, 0, 1;
L_0000024d71fb4580 .part v0000024d71fa8ec0_0, 4, 4;
L_0000024d71fb2b40 .part v0000024d71fa9be0_0, 4, 4;
L_0000024d71fb4620 .part L_0000024d71fa9f00, 1, 1;
L_0000024d71fb52a0 .part v0000024d71fa8ec0_0, 8, 4;
L_0000024d71fb5d40 .part v0000024d71fa9be0_0, 8, 4;
L_0000024d71fb71e0 .part L_0000024d71fa9f00, 2, 1;
L_0000024d71fb9c60 .part v0000024d71fa8ec0_0, 12, 4;
L_0000024d71fb9300 .part v0000024d71fa9be0_0, 12, 4;
L_0000024d71fb78c0 .part L_0000024d71fa9f00, 3, 1;
L_0000024d71fb7960 .concat8 [ 4 4 4 4], L_0000024d71fb1620, L_0000024d71c1b3b0, L_0000024d71fbf690, L_0000024d71fbf0e0;
L_0000024d71fb9760 .concat8 [ 1 1 1 1], L_0000024d71fb17e0, L_0000024d71c1b810, L_0000024d71fbfaf0, L_0000024d71fbf2a0;
L_0000024d71fb9d00 .concat8 [ 1 1 1 1], L_0000024d71fb1850, L_0000024d71c1c5a0, L_0000024d71fbf380, L_0000024d71fc01f0;
L_0000024d71fb99e0 .part L_0000024d71fa9f00, 4, 1;
S_0000024d71b6fd60 .scope module, "block0" "st_4bit_adder" 3 18, 4 1 0, S_0000024d71b6fbd0;
 .timescale -9 -9;
    .port_info 0 /INPUT 4 "A";
    .port_info 1 /INPUT 4 "B";
    .port_info 2 /INPUT 1 "cin";
    .port_info 3 /OUTPUT 4 "S";
    .port_info 4 /OUTPUT 1 "Cout";
    .port_info 5 /OUTPUT 1 "Gg";
    .port_info 6 /OUTPUT 1 "Pg";
L_0000024d71fabaa0 .functor BUFZ 1, L_0000024d71fa5720, C4<0>, C4<0>, C4<0>;
L_0000024d71fac0c0 .functor AND 4, L_0000024d71fa4aa0, L_0000024d71fa4820, C4<1111>, C4<1111>;
L_0000024d71fac600 .functor XOR 4, L_0000024d71fa4aa0, L_0000024d71fa4820, C4<0000>, C4<0000>;
L_0000024d71fabb10 .functor AND 1, L_0000024d71fa5540, L_0000024d71fa5900, C4<1>, C4<1>;
L_0000024d71fabb80 .functor OR 1, L_0000024d71fa57c0, L_0000024d71fabb10, C4<0>, C4<0>;
L_0000024d71fac3d0 .functor AND 1, L_0000024d71fa3880, L_0000024d71fa4960, C4<1>, C4<1>;
L_0000024d71fac440 .functor OR 1, L_0000024d71fa39c0, L_0000024d71fac3d0, C4<0>, C4<0>;
L_0000024d71fac4b0 .functor AND 1, L_0000024d71fa36a0, L_0000024d71fa4780, C4<1>, C4<1>;
L_0000024d71fac520 .functor AND 1, L_0000024d71fac4b0, L_0000024d71fa5040, C4<1>, C4<1>;
L_0000024d71fabe90 .functor OR 1, L_0000024d71fac440, L_0000024d71fac520, C4<0>, C4<0>;
L_0000024d71fac590 .functor AND 1, L_0000024d71fa5860, L_0000024d71fa4320, C4<1>, C4<1>;
L_0000024d71fabc60 .functor OR 1, L_0000024d71fa4280, L_0000024d71fac590, C4<0>, C4<0>;
L_0000024d71fabbf0 .functor AND 1, L_0000024d71fa5400, L_0000024d71fa4500, C4<1>, C4<1>;
L_0000024d71fac130 .functor AND 1, L_0000024d71fabbf0, L_0000024d71fa5180, C4<1>, C4<1>;
L_0000024d71fac1a0 .functor OR 1, L_0000024d71fabc60, L_0000024d71fac130, C4<0>, C4<0>;
L_0000024d71fac280 .functor AND 1, L_0000024d71fa3ba0, L_0000024d71fa4a00, C4<1>, C4<1>;
L_0000024d71bee900 .functor AND 1, L_0000024d71fac280, L_0000024d71fa3380, C4<1>, C4<1>;
L_0000024d71fb13f0 .functor AND 1, L_0000024d71bee900, L_0000024d71fa3a60, C4<1>, C4<1>;
L_0000024d71fb1070 .functor OR 1, L_0000024d71fac1a0, L_0000024d71fb13f0, C4<0>, C4<0>;
L_0000024d71fb11c0 .functor AND 1, L_0000024d71fa41e0, L_0000024d71fa5220, C4<1>, C4<1>;
L_0000024d71fb1230 .functor OR 1, L_0000024d71fa3d80, L_0000024d71fb11c0, C4<0>, C4<0>;
L_0000024d71fb0eb0 .functor AND 1, L_0000024d71fa50e0, L_0000024d71fa48c0, C4<1>, C4<1>;
L_0000024d71fb0f20 .functor AND 1, L_0000024d71fb0eb0, L_0000024d71fa55e0, C4<1>, C4<1>;
L_0000024d71fb12a0 .functor OR 1, L_0000024d71fb1230, L_0000024d71fb0f20, C4<0>, C4<0>;
L_0000024d71fb1700 .functor AND 1, L_0000024d71fa43c0, L_0000024d71fa59a0, C4<1>, C4<1>;
L_0000024d71fb1af0 .functor AND 1, L_0000024d71fb1700, L_0000024d71fa3c40, C4<1>, C4<1>;
L_0000024d71fb10e0 .functor AND 1, L_0000024d71fb1af0, L_0000024d71fa4640, C4<1>, C4<1>;
L_0000024d71fb1690 .functor OR 1, L_0000024d71fb12a0, L_0000024d71fb10e0, C4<0>, C4<0>;
L_0000024d71fb1150 .functor AND 1, L_0000024d71fa3ce0, L_0000024d71fa4fa0, C4<1>, C4<1>;
L_0000024d71fb14d0 .functor AND 1, L_0000024d71fb1150, L_0000024d71fa3e20, C4<1>, C4<1>;
L_0000024d71fb1310 .functor AND 1, L_0000024d71fb14d0, L_0000024d71fa52c0, C4<1>, C4<1>;
L_0000024d71fb1a10 .functor AND 1, L_0000024d71fb1310, L_0000024d71fa34c0, C4<1>, C4<1>;
L_0000024d71fb0dd0 .functor OR 1, L_0000024d71fb1690, L_0000024d71fb1a10, C4<0>, C4<0>;
L_0000024d71fb1620 .functor XOR 4, L_0000024d71fac600, L_0000024d71fa5a40, C4<0000>, C4<0000>;
L_0000024d71fb1b60 .functor AND 1, L_0000024d71fa3ec0, L_0000024d71fa54a0, C4<1>, C4<1>;
L_0000024d71fb1380 .functor OR 1, L_0000024d71fa3560, L_0000024d71fb1b60, C4<0>, C4<0>;
L_0000024d71fb1460 .functor AND 1, L_0000024d71fa5360, L_0000024d71fa5680, C4<1>, C4<1>;
L_0000024d71fb1770 .functor AND 1, L_0000024d71fb1460, L_0000024d71fa4460, C4<1>, C4<1>;
L_0000024d71fb0d60 .functor OR 1, L_0000024d71fb1380, L_0000024d71fb1770, C4<0>, C4<0>;
L_0000024d71fb0f90 .functor AND 1, L_0000024d71fa3f60, L_0000024d71fa46e0, C4<1>, C4<1>;
L_0000024d71fb1540 .functor AND 1, L_0000024d71fb0f90, L_0000024d71fa5ae0, C4<1>, C4<1>;
L_0000024d71fb15b0 .functor AND 1, L_0000024d71fb1540, L_0000024d71fa4140, C4<1>, C4<1>;
L_0000024d71fb17e0 .functor OR 1, L_0000024d71fb0d60, L_0000024d71fb15b0, C4<0>, C4<0>;
L_0000024d71fb1a80 .functor AND 1, L_0000024d71fa3600, L_0000024d71fa3740, C4<1>, C4<1>;
L_0000024d71fb0e40 .functor AND 1, L_0000024d71fb1a80, L_0000024d71fa37e0, C4<1>, C4<1>;
L_0000024d71fb1850 .functor AND 1, L_0000024d71fb0e40, L_0000024d71fa3920, C4<1>, C4<1>;
v0000024d71bf02a0_0 .net "A", 3 0, L_0000024d71fa4aa0;  1 drivers
v0000024d71bf1240_0 .net "B", 3 0, L_0000024d71fa4820;  1 drivers
v0000024d71bf00c0_0 .net "C", 4 0, L_0000024d71fa3b00;  1 drivers
v0000024d71bf0160_0 .net "Cout", 0 0, L_0000024d71fa45a0;  1 drivers
v0000024d71bf1060_0 .net "G", 3 0, L_0000024d71fac0c0;  1 drivers
v0000024d71bf1100_0 .net "Gg", 0 0, L_0000024d71fb17e0;  1 drivers
v0000024d71bf11a0_0 .net "P", 3 0, L_0000024d71fac600;  1 drivers
v0000024d71bf0200_0 .net "Pg", 0 0, L_0000024d71fb1850;  1 drivers
v0000024d71bf0c00_0 .net "S", 3 0, L_0000024d71fb1620;  1 drivers
v0000024d71bf0340_0 .net *"_ivl_100", 0 0, L_0000024d71fa48c0;  1 drivers
v0000024d71bf03e0_0 .net *"_ivl_101", 0 0, L_0000024d71fb0eb0;  1 drivers
v0000024d71bf0480_0 .net *"_ivl_104", 0 0, L_0000024d71fa55e0;  1 drivers
v0000024d71bef3a0_0 .net *"_ivl_105", 0 0, L_0000024d71fb0f20;  1 drivers
v0000024d71bf0520_0 .net *"_ivl_107", 0 0, L_0000024d71fb12a0;  1 drivers
v0000024d71bf0a20_0 .net *"_ivl_11", 0 0, L_0000024d71fa57c0;  1 drivers
v0000024d71bef4e0_0 .net *"_ivl_110", 0 0, L_0000024d71fa43c0;  1 drivers
v0000024d71bf05c0_0 .net *"_ivl_112", 0 0, L_0000024d71fa59a0;  1 drivers
v0000024d71bf0ca0_0 .net *"_ivl_113", 0 0, L_0000024d71fb1700;  1 drivers
v0000024d71bf12e0_0 .net *"_ivl_116", 0 0, L_0000024d71fa3c40;  1 drivers
v0000024d71bef580_0 .net *"_ivl_117", 0 0, L_0000024d71fb1af0;  1 drivers
v0000024d71bef6c0_0 .net *"_ivl_120", 0 0, L_0000024d71fa4640;  1 drivers
v0000024d71bef800_0 .net *"_ivl_121", 0 0, L_0000024d71fb10e0;  1 drivers
v0000024d71bf0660_0 .net *"_ivl_123", 0 0, L_0000024d71fb1690;  1 drivers
v0000024d71bf1f60_0 .net *"_ivl_126", 0 0, L_0000024d71fa3ce0;  1 drivers
v0000024d71bf1ec0_0 .net *"_ivl_128", 0 0, L_0000024d71fa4fa0;  1 drivers
v0000024d71bf1740_0 .net *"_ivl_129", 0 0, L_0000024d71fb1150;  1 drivers
v0000024d71bf28c0_0 .net *"_ivl_13", 0 0, L_0000024d71fa5540;  1 drivers
v0000024d71bf2000_0 .net *"_ivl_132", 0 0, L_0000024d71fa3e20;  1 drivers
v0000024d71bf1ba0_0 .net *"_ivl_133", 0 0, L_0000024d71fb14d0;  1 drivers
v0000024d71bf2780_0 .net *"_ivl_136", 0 0, L_0000024d71fa52c0;  1 drivers
v0000024d71bf2960_0 .net *"_ivl_137", 0 0, L_0000024d71fb1310;  1 drivers
v0000024d71bf16a0_0 .net *"_ivl_140", 0 0, L_0000024d71fa34c0;  1 drivers
v0000024d71bf2500_0 .net *"_ivl_141", 0 0, L_0000024d71fb1a10;  1 drivers
v0000024d71bf2640_0 .net *"_ivl_143", 0 0, L_0000024d71fb0dd0;  1 drivers
v0000024d71bf1880_0 .net *"_ivl_146", 3 0, L_0000024d71fa5a40;  1 drivers
v0000024d71bf2d20_0 .net *"_ivl_15", 0 0, L_0000024d71fa5900;  1 drivers
v0000024d71bf1a60_0 .net *"_ivl_152", 0 0, L_0000024d71fa3560;  1 drivers
v0000024d71bf2be0_0 .net *"_ivl_154", 0 0, L_0000024d71fa3ec0;  1 drivers
v0000024d71bf2a00_0 .net *"_ivl_156", 0 0, L_0000024d71fa54a0;  1 drivers
v0000024d71bf20a0_0 .net *"_ivl_157", 0 0, L_0000024d71fb1b60;  1 drivers
v0000024d71bf1e20_0 .net *"_ivl_159", 0 0, L_0000024d71fb1380;  1 drivers
v0000024d71bf25a0_0 .net *"_ivl_16", 0 0, L_0000024d71fabb10;  1 drivers
v0000024d71bf2aa0_0 .net *"_ivl_162", 0 0, L_0000024d71fa5360;  1 drivers
v0000024d71bf1b00_0 .net *"_ivl_164", 0 0, L_0000024d71fa5680;  1 drivers
v0000024d71bf2c80_0 .net *"_ivl_165", 0 0, L_0000024d71fb1460;  1 drivers
v0000024d71bf2b40_0 .net *"_ivl_168", 0 0, L_0000024d71fa4460;  1 drivers
v0000024d71bf23c0_0 .net *"_ivl_169", 0 0, L_0000024d71fb1770;  1 drivers
v0000024d71bf17e0_0 .net *"_ivl_171", 0 0, L_0000024d71fb0d60;  1 drivers
v0000024d71bf1920_0 .net *"_ivl_174", 0 0, L_0000024d71fa3f60;  1 drivers
v0000024d71bf21e0_0 .net *"_ivl_176", 0 0, L_0000024d71fa46e0;  1 drivers
v0000024d71bf19c0_0 .net *"_ivl_177", 0 0, L_0000024d71fb0f90;  1 drivers
v0000024d71bf2140_0 .net *"_ivl_18", 0 0, L_0000024d71fabb80;  1 drivers
v0000024d71bf1c40_0 .net *"_ivl_180", 0 0, L_0000024d71fa5ae0;  1 drivers
v0000024d71bf2280_0 .net *"_ivl_181", 0 0, L_0000024d71fb1540;  1 drivers
v0000024d71bf2820_0 .net *"_ivl_184", 0 0, L_0000024d71fa4140;  1 drivers
v0000024d71bf1ce0_0 .net *"_ivl_185", 0 0, L_0000024d71fb15b0;  1 drivers
v0000024d71bf1d80_0 .net *"_ivl_190", 0 0, L_0000024d71fa3600;  1 drivers
v0000024d71bf2320_0 .net *"_ivl_192", 0 0, L_0000024d71fa3740;  1 drivers
v0000024d71bf2460_0 .net *"_ivl_193", 0 0, L_0000024d71fb1a80;  1 drivers
v0000024d71bf26e0_0 .net *"_ivl_196", 0 0, L_0000024d71fa37e0;  1 drivers
v0000024d71b93c80_0 .net *"_ivl_197", 0 0, L_0000024d71fb0e40;  1 drivers
v0000024d71b953a0_0 .net *"_ivl_200", 0 0, L_0000024d71fa3920;  1 drivers
v0000024d71b93e60_0 .net *"_ivl_23", 0 0, L_0000024d71fa39c0;  1 drivers
v0000024d71bb3ef0_0 .net *"_ivl_25", 0 0, L_0000024d71fa3880;  1 drivers
v0000024d71bb2cd0_0 .net *"_ivl_27", 0 0, L_0000024d71fa4960;  1 drivers
v0000024d71bb2d70_0 .net *"_ivl_28", 0 0, L_0000024d71fac3d0;  1 drivers
v0000024d71bd10f0_0 .net *"_ivl_3", 0 0, L_0000024d71fabaa0;  1 drivers
v0000024d71bd1230_0 .net *"_ivl_30", 0 0, L_0000024d71fac440;  1 drivers
v0000024d71bd1730_0 .net *"_ivl_33", 0 0, L_0000024d71fa36a0;  1 drivers
v0000024d71c1afb0_0 .net *"_ivl_35", 0 0, L_0000024d71fa4780;  1 drivers
v0000024d71c1aa10_0 .net *"_ivl_36", 0 0, L_0000024d71fac4b0;  1 drivers
v0000024d71c1b0f0_0 .net *"_ivl_39", 0 0, L_0000024d71fa5040;  1 drivers
v0000024d71c19c50_0 .net *"_ivl_40", 0 0, L_0000024d71fac520;  1 drivers
v0000024d71c19d90_0 .net *"_ivl_42", 0 0, L_0000024d71fabe90;  1 drivers
v0000024d71c1b230_0 .net *"_ivl_47", 0 0, L_0000024d71fa4280;  1 drivers
v0000024d71c1b190_0 .net *"_ivl_49", 0 0, L_0000024d71fa5860;  1 drivers
v0000024d71c1a1f0_0 .net *"_ivl_51", 0 0, L_0000024d71fa4320;  1 drivers
v0000024d71c1abf0_0 .net *"_ivl_52", 0 0, L_0000024d71fac590;  1 drivers
v0000024d71c1add0_0 .net *"_ivl_54", 0 0, L_0000024d71fabc60;  1 drivers
v0000024d71c1ad30_0 .net *"_ivl_57", 0 0, L_0000024d71fa5400;  1 drivers
v0000024d71c1a8d0_0 .net *"_ivl_59", 0 0, L_0000024d71fa4500;  1 drivers
v0000024d71c1ac90_0 .net *"_ivl_60", 0 0, L_0000024d71fabbf0;  1 drivers
v0000024d71c19cf0_0 .net *"_ivl_63", 0 0, L_0000024d71fa5180;  1 drivers
v0000024d71c1a790_0 .net *"_ivl_64", 0 0, L_0000024d71fac130;  1 drivers
v0000024d71c1a650_0 .net *"_ivl_66", 0 0, L_0000024d71fac1a0;  1 drivers
v0000024d71c1a3d0_0 .net *"_ivl_69", 0 0, L_0000024d71fa3ba0;  1 drivers
v0000024d71c1a150_0 .net *"_ivl_71", 0 0, L_0000024d71fa4a00;  1 drivers
v0000024d71c1a290_0 .net *"_ivl_72", 0 0, L_0000024d71fac280;  1 drivers
v0000024d71c1a830_0 .net *"_ivl_75", 0 0, L_0000024d71fa3380;  1 drivers
v0000024d71c1af10_0 .net *"_ivl_76", 0 0, L_0000024d71bee900;  1 drivers
v0000024d71c1a6f0_0 .net *"_ivl_79", 0 0, L_0000024d71fa3a60;  1 drivers
v0000024d71c1b050_0 .net *"_ivl_80", 0 0, L_0000024d71fb13f0;  1 drivers
v0000024d71c1ab50_0 .net *"_ivl_82", 0 0, L_0000024d71fb1070;  1 drivers
v0000024d71c19e30_0 .net *"_ivl_88", 0 0, L_0000024d71fa3d80;  1 drivers
v0000024d71c19bb0_0 .net *"_ivl_90", 0 0, L_0000024d71fa41e0;  1 drivers
v0000024d71c19ed0_0 .net *"_ivl_92", 0 0, L_0000024d71fa5220;  1 drivers
v0000024d71c19f70_0 .net *"_ivl_93", 0 0, L_0000024d71fb11c0;  1 drivers
v0000024d71c1ae70_0 .net *"_ivl_95", 0 0, L_0000024d71fb1230;  1 drivers
v0000024d71c1a010_0 .net *"_ivl_98", 0 0, L_0000024d71fa50e0;  1 drivers
v0000024d71c1a0b0_0 .net "cin", 0 0, L_0000024d71fa5720;  1 drivers
L_0000024d71fa57c0 .part L_0000024d71fac0c0, 0, 1;
L_0000024d71fa5540 .part L_0000024d71fac600, 0, 1;
L_0000024d71fa5900 .part L_0000024d71fa3b00, 0, 1;
L_0000024d71fa39c0 .part L_0000024d71fac0c0, 1, 1;
L_0000024d71fa3880 .part L_0000024d71fac600, 1, 1;
L_0000024d71fa4960 .part L_0000024d71fac0c0, 0, 1;
L_0000024d71fa36a0 .part L_0000024d71fac600, 1, 1;
L_0000024d71fa4780 .part L_0000024d71fac600, 0, 1;
L_0000024d71fa5040 .part L_0000024d71fa3b00, 0, 1;
L_0000024d71fa4280 .part L_0000024d71fac0c0, 2, 1;
L_0000024d71fa5860 .part L_0000024d71fac600, 2, 1;
L_0000024d71fa4320 .part L_0000024d71fac0c0, 1, 1;
L_0000024d71fa5400 .part L_0000024d71fac600, 2, 1;
L_0000024d71fa4500 .part L_0000024d71fac600, 1, 1;
L_0000024d71fa5180 .part L_0000024d71fac0c0, 0, 1;
L_0000024d71fa3ba0 .part L_0000024d71fac600, 2, 1;
L_0000024d71fa4a00 .part L_0000024d71fac600, 1, 1;
L_0000024d71fa3380 .part L_0000024d71fac600, 0, 1;
L_0000024d71fa3a60 .part L_0000024d71fa3b00, 0, 1;
LS_0000024d71fa3b00_0_0 .concat8 [ 1 1 1 1], L_0000024d71fabaa0, L_0000024d71fabb80, L_0000024d71fabe90, L_0000024d71fb1070;
LS_0000024d71fa3b00_0_4 .concat8 [ 1 0 0 0], L_0000024d71fb0dd0;
L_0000024d71fa3b00 .concat8 [ 4 1 0 0], LS_0000024d71fa3b00_0_0, LS_0000024d71fa3b00_0_4;
L_0000024d71fa3d80 .part L_0000024d71fac0c0, 3, 1;
L_0000024d71fa41e0 .part L_0000024d71fac600, 3, 1;
L_0000024d71fa5220 .part L_0000024d71fac0c0, 2, 1;
L_0000024d71fa50e0 .part L_0000024d71fac600, 3, 1;
L_0000024d71fa48c0 .part L_0000024d71fac600, 2, 1;
L_0000024d71fa55e0 .part L_0000024d71fac0c0, 1, 1;
L_0000024d71fa43c0 .part L_0000024d71fac600, 3, 1;
L_0000024d71fa59a0 .part L_0000024d71fac600, 2, 1;
L_0000024d71fa3c40 .part L_0000024d71fac600, 1, 1;
L_0000024d71fa4640 .part L_0000024d71fac0c0, 0, 1;
L_0000024d71fa3ce0 .part L_0000024d71fac600, 3, 1;
L_0000024d71fa4fa0 .part L_0000024d71fac600, 2, 1;
L_0000024d71fa3e20 .part L_0000024d71fac600, 1, 1;
L_0000024d71fa52c0 .part L_0000024d71fac600, 0, 1;
L_0000024d71fa34c0 .part L_0000024d71fa3b00, 0, 1;
L_0000024d71fa5a40 .part L_0000024d71fa3b00, 0, 4;
L_0000024d71fa45a0 .part L_0000024d71fa3b00, 4, 1;
L_0000024d71fa3560 .part L_0000024d71fac0c0, 3, 1;
L_0000024d71fa3ec0 .part L_0000024d71fac600, 3, 1;
L_0000024d71fa54a0 .part L_0000024d71fac0c0, 2, 1;
L_0000024d71fa5360 .part L_0000024d71fac600, 3, 1;
L_0000024d71fa5680 .part L_0000024d71fac600, 2, 1;
L_0000024d71fa4460 .part L_0000024d71fac0c0, 1, 1;
L_0000024d71fa3f60 .part L_0000024d71fac600, 3, 1;
L_0000024d71fa46e0 .part L_0000024d71fac600, 2, 1;
L_0000024d71fa5ae0 .part L_0000024d71fac600, 1, 1;
L_0000024d71fa4140 .part L_0000024d71fac0c0, 0, 1;
L_0000024d71fa3600 .part L_0000024d71fac600, 3, 1;
L_0000024d71fa3740 .part L_0000024d71fac600, 2, 1;
L_0000024d71fa37e0 .part L_0000024d71fac600, 1, 1;
L_0000024d71fa3920 .part L_0000024d71fac600, 0, 1;
S_0000024d71b6fef0 .scope module, "block1" "st_4bit_adder" 3 19, 4 1 0, S_0000024d71b6fbd0;
 .timescale -9 -9;
    .port_info 0 /INPUT 4 "A";
    .port_info 1 /INPUT 4 "B";
    .port_info 2 /INPUT 1 "cin";
    .port_info 3 /OUTPUT 4 "S";
    .port_info 4 /OUTPUT 1 "Cout";
    .port_info 5 /OUTPUT 1 "Gg";
    .port_info 6 /OUTPUT 1 "Pg";
L_0000024d71fb0cf0 .functor BUFZ 1, L_0000024d71fb4620, C4<0>, C4<0>, C4<0>;
L_0000024d71fb1000 .functor AND 4, L_0000024d71fb4580, L_0000024d71fb2b40, C4<1111>, C4<1111>;
L_0000024d71fb18c0 .functor XOR 4, L_0000024d71fb4580, L_0000024d71fb2b40, C4<0000>, C4<0000>;
L_0000024d71fb1930 .functor AND 1, L_0000024d71fa4000, L_0000024d71fa40a0, C4<1>, C4<1>;
L_0000024d71fb19a0 .functor OR 1, L_0000024d71fa4b40, L_0000024d71fb1930, C4<0>, C4<0>;
L_0000024d71fb0c80 .functor AND 1, L_0000024d71fa4c80, L_0000024d71fa4d20, C4<1>, C4<1>;
L_0000024d71c1cf40 .functor OR 1, L_0000024d71fa4be0, L_0000024d71fb0c80, C4<0>, C4<0>;
L_0000024d71c1ce60 .functor AND 1, L_0000024d71fa4dc0, L_0000024d71fa4e60, C4<1>, C4<1>;
L_0000024d71c1b420 .functor AND 1, L_0000024d71c1ce60, L_0000024d71fa4f00, C4<1>, C4<1>;
L_0000024d71c1bc70 .functor OR 1, L_0000024d71c1cf40, L_0000024d71c1b420, C4<0>, C4<0>;
L_0000024d71c1b8f0 .functor AND 1, L_0000024d71fb30e0, L_0000024d71fb3ea0, C4<1>, C4<1>;
L_0000024d71c1b570 .functor OR 1, L_0000024d71fb3e00, L_0000024d71c1b8f0, C4<0>, C4<0>;
L_0000024d71c1be30 .functor AND 1, L_0000024d71fb2c80, L_0000024d71fb4c60, C4<1>, C4<1>;
L_0000024d71c1c760 .functor AND 1, L_0000024d71c1be30, L_0000024d71fb2a00, C4<1>, C4<1>;
L_0000024d71c1bea0 .functor OR 1, L_0000024d71c1b570, L_0000024d71c1c760, C4<0>, C4<0>;
L_0000024d71c1c300 .functor AND 1, L_0000024d71fb2f00, L_0000024d71fb3cc0, C4<1>, C4<1>;
L_0000024d71c1b730 .functor AND 1, L_0000024d71c1c300, L_0000024d71fb3d60, C4<1>, C4<1>;
L_0000024d71c1b5e0 .functor AND 1, L_0000024d71c1b730, L_0000024d71fb3a40, C4<1>, C4<1>;
L_0000024d71c1b650 .functor OR 1, L_0000024d71c1bea0, L_0000024d71c1b5e0, C4<0>, C4<0>;
L_0000024d71c1bf10 .functor AND 1, L_0000024d71fb2780, L_0000024d71fb4a80, C4<1>, C4<1>;
L_0000024d71c1bf80 .functor OR 1, L_0000024d71fb4940, L_0000024d71c1bf10, C4<0>, C4<0>;
L_0000024d71c1bff0 .functor AND 1, L_0000024d71fb3fe0, L_0000024d71fb4da0, C4<1>, C4<1>;
L_0000024d71c1cb50 .functor AND 1, L_0000024d71c1bff0, L_0000024d71fb2aa0, C4<1>, C4<1>;
L_0000024d71c1ca70 .functor OR 1, L_0000024d71c1bf80, L_0000024d71c1cb50, C4<0>, C4<0>;
L_0000024d71c1bb90 .functor AND 1, L_0000024d71fb4300, L_0000024d71fb2820, C4<1>, C4<1>;
L_0000024d71c1c610 .functor AND 1, L_0000024d71c1bb90, L_0000024d71fb3f40, C4<1>, C4<1>;
L_0000024d71c1c290 .functor AND 1, L_0000024d71c1c610, L_0000024d71fb35e0, C4<1>, C4<1>;
L_0000024d71c1cae0 .functor OR 1, L_0000024d71c1ca70, L_0000024d71c1c290, C4<0>, C4<0>;
L_0000024d71c1b490 .functor AND 1, L_0000024d71fb41c0, L_0000024d71fb4120, C4<1>, C4<1>;
L_0000024d71c1c7d0 .functor AND 1, L_0000024d71c1b490, L_0000024d71fb43a0, C4<1>, C4<1>;
L_0000024d71c1c060 .functor AND 1, L_0000024d71c1c7d0, L_0000024d71fb4e40, C4<1>, C4<1>;
L_0000024d71c1b6c0 .functor AND 1, L_0000024d71c1c060, L_0000024d71fb4b20, C4<1>, C4<1>;
L_0000024d71c1c0d0 .functor OR 1, L_0000024d71c1cae0, L_0000024d71c1b6c0, C4<0>, C4<0>;
L_0000024d71c1b3b0 .functor XOR 4, L_0000024d71fb18c0, L_0000024d71fb3860, C4<0000>, C4<0000>;
L_0000024d71c1c140 .functor AND 1, L_0000024d71fb4bc0, L_0000024d71fb3900, C4<1>, C4<1>;
L_0000024d71c1c990 .functor OR 1, L_0000024d71fb3220, L_0000024d71c1c140, C4<0>, C4<0>;
L_0000024d71c1c840 .functor AND 1, L_0000024d71fb4080, L_0000024d71fb3680, C4<1>, C4<1>;
L_0000024d71c1c6f0 .functor AND 1, L_0000024d71c1c840, L_0000024d71fb28c0, C4<1>, C4<1>;
L_0000024d71c1cc30 .functor OR 1, L_0000024d71c1c990, L_0000024d71c1c6f0, C4<0>, C4<0>;
L_0000024d71c1ced0 .functor AND 1, L_0000024d71fb4260, L_0000024d71fb2960, C4<1>, C4<1>;
L_0000024d71c1cd10 .functor AND 1, L_0000024d71c1ced0, L_0000024d71fb4440, C4<1>, C4<1>;
L_0000024d71c1b7a0 .functor AND 1, L_0000024d71c1cd10, L_0000024d71fb3720, C4<1>, C4<1>;
L_0000024d71c1b810 .functor OR 1, L_0000024d71c1cc30, L_0000024d71c1b7a0, C4<0>, C4<0>;
L_0000024d71c1bd50 .functor AND 1, L_0000024d71fb37c0, L_0000024d71fb44e0, C4<1>, C4<1>;
L_0000024d71c1b500 .functor AND 1, L_0000024d71c1bd50, L_0000024d71fb2e60, C4<1>, C4<1>;
L_0000024d71c1c5a0 .functor AND 1, L_0000024d71c1b500, L_0000024d71fb4760, C4<1>, C4<1>;
v0000024d71c1a470_0 .net "A", 3 0, L_0000024d71fb4580;  1 drivers
v0000024d71c1a330_0 .net "B", 3 0, L_0000024d71fb2b40;  1 drivers
v0000024d71c1a510_0 .net "C", 4 0, L_0000024d71fb34a0;  1 drivers
v0000024d71c1a5b0_0 .net "Cout", 0 0, L_0000024d71fb48a0;  1 drivers
v0000024d71c1a970_0 .net "G", 3 0, L_0000024d71fb1000;  1 drivers
v0000024d71c1aab0_0 .net "Gg", 0 0, L_0000024d71c1b810;  1 drivers
v0000024d71c18c10_0 .net "P", 3 0, L_0000024d71fb18c0;  1 drivers
v0000024d71c19250_0 .net "Pg", 0 0, L_0000024d71c1c5a0;  1 drivers
v0000024d71c180d0_0 .net "S", 3 0, L_0000024d71c1b3b0;  1 drivers
v0000024d71c194d0_0 .net *"_ivl_100", 0 0, L_0000024d71fb4da0;  1 drivers
v0000024d71c187b0_0 .net *"_ivl_101", 0 0, L_0000024d71c1bff0;  1 drivers
v0000024d71c18b70_0 .net *"_ivl_104", 0 0, L_0000024d71fb2aa0;  1 drivers
v0000024d71c18d50_0 .net *"_ivl_105", 0 0, L_0000024d71c1cb50;  1 drivers
v0000024d71c17e50_0 .net *"_ivl_107", 0 0, L_0000024d71c1ca70;  1 drivers
v0000024d71c183f0_0 .net *"_ivl_11", 0 0, L_0000024d71fa4b40;  1 drivers
v0000024d71c18030_0 .net *"_ivl_110", 0 0, L_0000024d71fb4300;  1 drivers
v0000024d71c18210_0 .net *"_ivl_112", 0 0, L_0000024d71fb2820;  1 drivers
v0000024d71c19750_0 .net *"_ivl_113", 0 0, L_0000024d71c1bb90;  1 drivers
v0000024d71c19a70_0 .net *"_ivl_116", 0 0, L_0000024d71fb3f40;  1 drivers
v0000024d71c182b0_0 .net *"_ivl_117", 0 0, L_0000024d71c1c610;  1 drivers
v0000024d71c18350_0 .net *"_ivl_120", 0 0, L_0000024d71fb35e0;  1 drivers
v0000024d71c19b10_0 .net *"_ivl_121", 0 0, L_0000024d71c1c290;  1 drivers
v0000024d71c179f0_0 .net *"_ivl_123", 0 0, L_0000024d71c1cae0;  1 drivers
v0000024d71c18490_0 .net *"_ivl_126", 0 0, L_0000024d71fb41c0;  1 drivers
v0000024d71c19570_0 .net *"_ivl_128", 0 0, L_0000024d71fb4120;  1 drivers
v0000024d71c18530_0 .net *"_ivl_129", 0 0, L_0000024d71c1b490;  1 drivers
v0000024d71c185d0_0 .net *"_ivl_13", 0 0, L_0000024d71fa4000;  1 drivers
v0000024d71c173b0_0 .net *"_ivl_132", 0 0, L_0000024d71fb43a0;  1 drivers
v0000024d71c176d0_0 .net *"_ivl_133", 0 0, L_0000024d71c1c7d0;  1 drivers
v0000024d71c18fd0_0 .net *"_ivl_136", 0 0, L_0000024d71fb4e40;  1 drivers
v0000024d71c17630_0 .net *"_ivl_137", 0 0, L_0000024d71c1c060;  1 drivers
v0000024d71c18cb0_0 .net *"_ivl_140", 0 0, L_0000024d71fb4b20;  1 drivers
v0000024d71c17bd0_0 .net *"_ivl_141", 0 0, L_0000024d71c1b6c0;  1 drivers
v0000024d71c18670_0 .net *"_ivl_143", 0 0, L_0000024d71c1c0d0;  1 drivers
v0000024d71c197f0_0 .net *"_ivl_146", 3 0, L_0000024d71fb3860;  1 drivers
v0000024d71c19890_0 .net *"_ivl_15", 0 0, L_0000024d71fa40a0;  1 drivers
v0000024d71c18df0_0 .net *"_ivl_152", 0 0, L_0000024d71fb3220;  1 drivers
v0000024d71c17d10_0 .net *"_ivl_154", 0 0, L_0000024d71fb4bc0;  1 drivers
v0000024d71c17770_0 .net *"_ivl_156", 0 0, L_0000024d71fb3900;  1 drivers
v0000024d71c196b0_0 .net *"_ivl_157", 0 0, L_0000024d71c1c140;  1 drivers
v0000024d71c17db0_0 .net *"_ivl_159", 0 0, L_0000024d71c1c990;  1 drivers
v0000024d71c17f90_0 .net *"_ivl_16", 0 0, L_0000024d71fb1930;  1 drivers
v0000024d71c17810_0 .net *"_ivl_162", 0 0, L_0000024d71fb4080;  1 drivers
v0000024d71c18170_0 .net *"_ivl_164", 0 0, L_0000024d71fb3680;  1 drivers
v0000024d71c19610_0 .net *"_ivl_165", 0 0, L_0000024d71c1c840;  1 drivers
v0000024d71c19930_0 .net *"_ivl_168", 0 0, L_0000024d71fb28c0;  1 drivers
v0000024d71c18710_0 .net *"_ivl_169", 0 0, L_0000024d71c1c6f0;  1 drivers
v0000024d71c178b0_0 .net *"_ivl_171", 0 0, L_0000024d71c1cc30;  1 drivers
v0000024d71c19390_0 .net *"_ivl_174", 0 0, L_0000024d71fb4260;  1 drivers
v0000024d71c18ad0_0 .net *"_ivl_176", 0 0, L_0000024d71fb2960;  1 drivers
v0000024d71c17450_0 .net *"_ivl_177", 0 0, L_0000024d71c1ced0;  1 drivers
v0000024d71c18850_0 .net *"_ivl_18", 0 0, L_0000024d71fb19a0;  1 drivers
v0000024d71c17ef0_0 .net *"_ivl_180", 0 0, L_0000024d71fb4440;  1 drivers
v0000024d71c199d0_0 .net *"_ivl_181", 0 0, L_0000024d71c1cd10;  1 drivers
v0000024d71c19430_0 .net *"_ivl_184", 0 0, L_0000024d71fb3720;  1 drivers
v0000024d71c188f0_0 .net *"_ivl_185", 0 0, L_0000024d71c1b7a0;  1 drivers
v0000024d71c18990_0 .net *"_ivl_190", 0 0, L_0000024d71fb37c0;  1 drivers
v0000024d71c174f0_0 .net *"_ivl_192", 0 0, L_0000024d71fb44e0;  1 drivers
v0000024d71c18a30_0 .net *"_ivl_193", 0 0, L_0000024d71c1bd50;  1 drivers
v0000024d71c18e90_0 .net *"_ivl_196", 0 0, L_0000024d71fb2e60;  1 drivers
v0000024d71c18f30_0 .net *"_ivl_197", 0 0, L_0000024d71c1b500;  1 drivers
v0000024d71c19070_0 .net *"_ivl_200", 0 0, L_0000024d71fb4760;  1 drivers
v0000024d71c17590_0 .net *"_ivl_23", 0 0, L_0000024d71fa4be0;  1 drivers
v0000024d71c19110_0 .net *"_ivl_25", 0 0, L_0000024d71fa4c80;  1 drivers
v0000024d71c17950_0 .net *"_ivl_27", 0 0, L_0000024d71fa4d20;  1 drivers
v0000024d71c17a90_0 .net *"_ivl_28", 0 0, L_0000024d71fb0c80;  1 drivers
v0000024d71c17b30_0 .net *"_ivl_3", 0 0, L_0000024d71fb0cf0;  1 drivers
v0000024d71c191b0_0 .net *"_ivl_30", 0 0, L_0000024d71c1cf40;  1 drivers
v0000024d71c192f0_0 .net *"_ivl_33", 0 0, L_0000024d71fa4dc0;  1 drivers
v0000024d71c17c70_0 .net *"_ivl_35", 0 0, L_0000024d71fa4e60;  1 drivers
v0000024d71f9b280_0 .net *"_ivl_36", 0 0, L_0000024d71c1ce60;  1 drivers
v0000024d71f9b000_0 .net *"_ivl_39", 0 0, L_0000024d71fa4f00;  1 drivers
v0000024d71f998e0_0 .net *"_ivl_40", 0 0, L_0000024d71c1b420;  1 drivers
v0000024d71f9b960_0 .net *"_ivl_42", 0 0, L_0000024d71c1bc70;  1 drivers
v0000024d71f9ba00_0 .net *"_ivl_47", 0 0, L_0000024d71fb3e00;  1 drivers
v0000024d71f9baa0_0 .net *"_ivl_49", 0 0, L_0000024d71fb30e0;  1 drivers
v0000024d71f9ace0_0 .net *"_ivl_51", 0 0, L_0000024d71fb3ea0;  1 drivers
v0000024d71f9ac40_0 .net *"_ivl_52", 0 0, L_0000024d71c1b8f0;  1 drivers
v0000024d71f9b0a0_0 .net *"_ivl_54", 0 0, L_0000024d71c1b570;  1 drivers
v0000024d71f9bbe0_0 .net *"_ivl_57", 0 0, L_0000024d71fb2c80;  1 drivers
v0000024d71f995c0_0 .net *"_ivl_59", 0 0, L_0000024d71fb4c60;  1 drivers
v0000024d71f9a9c0_0 .net *"_ivl_60", 0 0, L_0000024d71c1be30;  1 drivers
v0000024d71f9bb40_0 .net *"_ivl_63", 0 0, L_0000024d71fb2a00;  1 drivers
v0000024d71f9aec0_0 .net *"_ivl_64", 0 0, L_0000024d71c1c760;  1 drivers
v0000024d71f99b60_0 .net *"_ivl_66", 0 0, L_0000024d71c1bea0;  1 drivers
v0000024d71f9ad80_0 .net *"_ivl_69", 0 0, L_0000024d71fb2f00;  1 drivers
v0000024d71f9ae20_0 .net *"_ivl_71", 0 0, L_0000024d71fb3cc0;  1 drivers
v0000024d71f9bc80_0 .net *"_ivl_72", 0 0, L_0000024d71c1c300;  1 drivers
v0000024d71f99d40_0 .net *"_ivl_75", 0 0, L_0000024d71fb3d60;  1 drivers
v0000024d71f9af60_0 .net *"_ivl_76", 0 0, L_0000024d71c1b730;  1 drivers
v0000024d71f9b3c0_0 .net *"_ivl_79", 0 0, L_0000024d71fb3a40;  1 drivers
v0000024d71f99520_0 .net *"_ivl_80", 0 0, L_0000024d71c1b5e0;  1 drivers
v0000024d71f9b640_0 .net *"_ivl_82", 0 0, L_0000024d71c1b650;  1 drivers
v0000024d71f9a920_0 .net *"_ivl_88", 0 0, L_0000024d71fb4940;  1 drivers
v0000024d71f9b140_0 .net *"_ivl_90", 0 0, L_0000024d71fb2780;  1 drivers
v0000024d71f9b1e0_0 .net *"_ivl_92", 0 0, L_0000024d71fb4a80;  1 drivers
v0000024d71f99fc0_0 .net *"_ivl_93", 0 0, L_0000024d71c1bf10;  1 drivers
v0000024d71f9a560_0 .net *"_ivl_95", 0 0, L_0000024d71c1bf80;  1 drivers
v0000024d71f99660_0 .net *"_ivl_98", 0 0, L_0000024d71fb3fe0;  1 drivers
v0000024d71f9a4c0_0 .net "cin", 0 0, L_0000024d71fb4620;  1 drivers
L_0000024d71fa4b40 .part L_0000024d71fb1000, 0, 1;
L_0000024d71fa4000 .part L_0000024d71fb18c0, 0, 1;
L_0000024d71fa40a0 .part L_0000024d71fb34a0, 0, 1;
L_0000024d71fa4be0 .part L_0000024d71fb1000, 1, 1;
L_0000024d71fa4c80 .part L_0000024d71fb18c0, 1, 1;
L_0000024d71fa4d20 .part L_0000024d71fb1000, 0, 1;
L_0000024d71fa4dc0 .part L_0000024d71fb18c0, 1, 1;
L_0000024d71fa4e60 .part L_0000024d71fb18c0, 0, 1;
L_0000024d71fa4f00 .part L_0000024d71fb34a0, 0, 1;
L_0000024d71fb3e00 .part L_0000024d71fb1000, 2, 1;
L_0000024d71fb30e0 .part L_0000024d71fb18c0, 2, 1;
L_0000024d71fb3ea0 .part L_0000024d71fb1000, 1, 1;
L_0000024d71fb2c80 .part L_0000024d71fb18c0, 2, 1;
L_0000024d71fb4c60 .part L_0000024d71fb18c0, 1, 1;
L_0000024d71fb2a00 .part L_0000024d71fb1000, 0, 1;
L_0000024d71fb2f00 .part L_0000024d71fb18c0, 2, 1;
L_0000024d71fb3cc0 .part L_0000024d71fb18c0, 1, 1;
L_0000024d71fb3d60 .part L_0000024d71fb18c0, 0, 1;
L_0000024d71fb3a40 .part L_0000024d71fb34a0, 0, 1;
LS_0000024d71fb34a0_0_0 .concat8 [ 1 1 1 1], L_0000024d71fb0cf0, L_0000024d71fb19a0, L_0000024d71c1bc70, L_0000024d71c1b650;
LS_0000024d71fb34a0_0_4 .concat8 [ 1 0 0 0], L_0000024d71c1c0d0;
L_0000024d71fb34a0 .concat8 [ 4 1 0 0], LS_0000024d71fb34a0_0_0, LS_0000024d71fb34a0_0_4;
L_0000024d71fb4940 .part L_0000024d71fb1000, 3, 1;
L_0000024d71fb2780 .part L_0000024d71fb18c0, 3, 1;
L_0000024d71fb4a80 .part L_0000024d71fb1000, 2, 1;
L_0000024d71fb3fe0 .part L_0000024d71fb18c0, 3, 1;
L_0000024d71fb4da0 .part L_0000024d71fb18c0, 2, 1;
L_0000024d71fb2aa0 .part L_0000024d71fb1000, 1, 1;
L_0000024d71fb4300 .part L_0000024d71fb18c0, 3, 1;
L_0000024d71fb2820 .part L_0000024d71fb18c0, 2, 1;
L_0000024d71fb3f40 .part L_0000024d71fb18c0, 1, 1;
L_0000024d71fb35e0 .part L_0000024d71fb1000, 0, 1;
L_0000024d71fb41c0 .part L_0000024d71fb18c0, 3, 1;
L_0000024d71fb4120 .part L_0000024d71fb18c0, 2, 1;
L_0000024d71fb43a0 .part L_0000024d71fb18c0, 1, 1;
L_0000024d71fb4e40 .part L_0000024d71fb18c0, 0, 1;
L_0000024d71fb4b20 .part L_0000024d71fb34a0, 0, 1;
L_0000024d71fb3860 .part L_0000024d71fb34a0, 0, 4;
L_0000024d71fb48a0 .part L_0000024d71fb34a0, 4, 1;
L_0000024d71fb3220 .part L_0000024d71fb1000, 3, 1;
L_0000024d71fb4bc0 .part L_0000024d71fb18c0, 3, 1;
L_0000024d71fb3900 .part L_0000024d71fb1000, 2, 1;
L_0000024d71fb4080 .part L_0000024d71fb18c0, 3, 1;
L_0000024d71fb3680 .part L_0000024d71fb18c0, 2, 1;
L_0000024d71fb28c0 .part L_0000024d71fb1000, 1, 1;
L_0000024d71fb4260 .part L_0000024d71fb18c0, 3, 1;
L_0000024d71fb2960 .part L_0000024d71fb18c0, 2, 1;
L_0000024d71fb4440 .part L_0000024d71fb18c0, 1, 1;
L_0000024d71fb3720 .part L_0000024d71fb1000, 0, 1;
L_0000024d71fb37c0 .part L_0000024d71fb18c0, 3, 1;
L_0000024d71fb44e0 .part L_0000024d71fb18c0, 2, 1;
L_0000024d71fb2e60 .part L_0000024d71fb18c0, 1, 1;
L_0000024d71fb4760 .part L_0000024d71fb18c0, 0, 1;
S_0000024d71b32d00 .scope module, "block2" "st_4bit_adder" 3 20, 4 1 0, S_0000024d71b6fbd0;
 .timescale -9 -9;
    .port_info 0 /INPUT 4 "A";
    .port_info 1 /INPUT 4 "B";
    .port_info 2 /INPUT 1 "cin";
    .port_info 3 /OUTPUT 4 "S";
    .port_info 4 /OUTPUT 1 "Cout";
    .port_info 5 /OUTPUT 1 "Gg";
    .port_info 6 /OUTPUT 1 "Pg";
L_0000024d71c1c8b0 .functor BUFZ 1, L_0000024d71fb71e0, C4<0>, C4<0>, C4<0>;
L_0000024d71c1c920 .functor AND 4, L_0000024d71fb52a0, L_0000024d71fb5d40, C4<1111>, C4<1111>;
L_0000024d71c1b960 .functor XOR 4, L_0000024d71fb52a0, L_0000024d71fb5d40, C4<0000>, C4<0000>;
L_0000024d71c1cca0 .functor AND 1, L_0000024d71fb4d00, L_0000024d71fb3180, C4<1>, C4<1>;
L_0000024d71c1bb20 .functor OR 1, L_0000024d71fb46c0, L_0000024d71c1cca0, C4<0>, C4<0>;
L_0000024d71c1bdc0 .functor AND 1, L_0000024d71fb39a0, L_0000024d71fb3360, C4<1>, C4<1>;
L_0000024d71c1bab0 .functor OR 1, L_0000024d71fb2be0, L_0000024d71c1bdc0, C4<0>, C4<0>;
L_0000024d71c1cd80 .functor AND 1, L_0000024d71fb2fa0, L_0000024d71fb2d20, C4<1>, C4<1>;
L_0000024d71c1c1b0 .functor AND 1, L_0000024d71c1cd80, L_0000024d71fb3c20, C4<1>, C4<1>;
L_0000024d71c1b880 .functor OR 1, L_0000024d71c1bab0, L_0000024d71c1c1b0, C4<0>, C4<0>;
L_0000024d71c1c220 .functor AND 1, L_0000024d71fb4800, L_0000024d71fb3040, C4<1>, C4<1>;
L_0000024d71c1c3e0 .functor OR 1, L_0000024d71fb2dc0, L_0000024d71c1c220, C4<0>, C4<0>;
L_0000024d71c1c370 .functor AND 1, L_0000024d71fb32c0, L_0000024d71fb3400, C4<1>, C4<1>;
L_0000024d71c1c4c0 .functor AND 1, L_0000024d71c1c370, L_0000024d71fb49e0, C4<1>, C4<1>;
L_0000024d71c1bce0 .functor OR 1, L_0000024d71c1c3e0, L_0000024d71c1c4c0, C4<0>, C4<0>;
L_0000024d71c1c450 .functor AND 1, L_0000024d71fb3540, L_0000024d71fb26e0, C4<1>, C4<1>;
L_0000024d71c1cdf0 .functor AND 1, L_0000024d71c1c450, L_0000024d71fb3ae0, C4<1>, C4<1>;
L_0000024d71c1ca00 .functor AND 1, L_0000024d71c1cdf0, L_0000024d71fb3b80, C4<1>, C4<1>;
L_0000024d71c1c530 .functor OR 1, L_0000024d71c1bce0, L_0000024d71c1ca00, C4<0>, C4<0>;
L_0000024d71c1b9d0 .functor AND 1, L_0000024d71fb5ac0, L_0000024d71fb6560, C4<1>, C4<1>;
L_0000024d71c1c680 .functor OR 1, L_0000024d71fb6420, L_0000024d71c1b9d0, C4<0>, C4<0>;
L_0000024d71c1cbc0 .functor AND 1, L_0000024d71fb7500, L_0000024d71fb6f60, C4<1>, C4<1>;
L_0000024d71c1ba40 .functor AND 1, L_0000024d71c1cbc0, L_0000024d71fb6c40, C4<1>, C4<1>;
L_0000024d71c1bc00 .functor OR 1, L_0000024d71c1c680, L_0000024d71c1ba40, C4<0>, C4<0>;
L_0000024d71c1cfb0 .functor AND 1, L_0000024d71fb6ec0, L_0000024d71fb7320, C4<1>, C4<1>;
L_0000024d71c1d020 .functor AND 1, L_0000024d71c1cfb0, L_0000024d71fb7140, C4<1>, C4<1>;
L_0000024d71c1d250 .functor AND 1, L_0000024d71c1d020, L_0000024d71fb4f80, C4<1>, C4<1>;
L_0000024d71c1d090 .functor OR 1, L_0000024d71c1bc00, L_0000024d71c1d250, C4<0>, C4<0>;
L_0000024d71c1d100 .functor AND 1, L_0000024d71fb6600, L_0000024d71fb6ce0, C4<1>, C4<1>;
L_0000024d71c1d170 .functor AND 1, L_0000024d71c1d100, L_0000024d71fb6380, C4<1>, C4<1>;
L_0000024d71c1d1e0 .functor AND 1, L_0000024d71c1d170, L_0000024d71fb6740, C4<1>, C4<1>;
L_0000024d71c1d2c0 .functor AND 1, L_0000024d71c1d1e0, L_0000024d71fb7280, C4<1>, C4<1>;
L_0000024d71fbfe00 .functor OR 1, L_0000024d71c1d090, L_0000024d71c1d2c0, C4<0>, C4<0>;
L_0000024d71fbf690 .functor XOR 4, L_0000024d71c1b960, L_0000024d71fb5b60, C4<0000>, C4<0000>;
L_0000024d71fbfa80 .functor AND 1, L_0000024d71fb5e80, L_0000024d71fb5340, C4<1>, C4<1>;
L_0000024d71fc0030 .functor OR 1, L_0000024d71fb5020, L_0000024d71fbfa80, C4<0>, C4<0>;
L_0000024d71fbf540 .functor AND 1, L_0000024d71fb5a20, L_0000024d71fb66a0, C4<1>, C4<1>;
L_0000024d71fbecf0 .functor AND 1, L_0000024d71fbf540, L_0000024d71fb5480, C4<1>, C4<1>;
L_0000024d71fc02d0 .functor OR 1, L_0000024d71fc0030, L_0000024d71fbecf0, C4<0>, C4<0>;
L_0000024d71fbeb30 .functor AND 1, L_0000024d71fb73c0, L_0000024d71fb53e0, C4<1>, C4<1>;
L_0000024d71fc0110 .functor AND 1, L_0000024d71fbeb30, L_0000024d71fb6b00, C4<1>, C4<1>;
L_0000024d71fbeeb0 .functor AND 1, L_0000024d71fc0110, L_0000024d71fb67e0, C4<1>, C4<1>;
L_0000024d71fbfaf0 .functor OR 1, L_0000024d71fc02d0, L_0000024d71fbeeb0, C4<0>, C4<0>;
L_0000024d71fbf930 .functor AND 1, L_0000024d71fb64c0, L_0000024d71fb5520, C4<1>, C4<1>;
L_0000024d71fbfa10 .functor AND 1, L_0000024d71fbf930, L_0000024d71fb5200, C4<1>, C4<1>;
L_0000024d71fbf380 .functor AND 1, L_0000024d71fbfa10, L_0000024d71fb6880, C4<1>, C4<1>;
v0000024d71f99700_0 .net "A", 3 0, L_0000024d71fb52a0;  1 drivers
v0000024d71f99980_0 .net "B", 3 0, L_0000024d71fb5d40;  1 drivers
v0000024d71f9a380_0 .net "C", 4 0, L_0000024d71fb5de0;  1 drivers
v0000024d71f9a2e0_0 .net "Cout", 0 0, L_0000024d71fb5660;  1 drivers
v0000024d71f997a0_0 .net "G", 3 0, L_0000024d71c1c920;  1 drivers
v0000024d71f9b320_0 .net "Gg", 0 0, L_0000024d71fbfaf0;  1 drivers
v0000024d71f9a420_0 .net "P", 3 0, L_0000024d71c1b960;  1 drivers
v0000024d71f99840_0 .net "Pg", 0 0, L_0000024d71fbf380;  1 drivers
v0000024d71f99ac0_0 .net "S", 3 0, L_0000024d71fbf690;  1 drivers
v0000024d71f9a600_0 .net *"_ivl_100", 0 0, L_0000024d71fb6f60;  1 drivers
v0000024d71f9b6e0_0 .net *"_ivl_101", 0 0, L_0000024d71c1cbc0;  1 drivers
v0000024d71f9a6a0_0 .net *"_ivl_104", 0 0, L_0000024d71fb6c40;  1 drivers
v0000024d71f9a740_0 .net *"_ivl_105", 0 0, L_0000024d71c1ba40;  1 drivers
v0000024d71f99a20_0 .net *"_ivl_107", 0 0, L_0000024d71c1bc00;  1 drivers
v0000024d71f99c00_0 .net *"_ivl_11", 0 0, L_0000024d71fb46c0;  1 drivers
v0000024d71f9b460_0 .net *"_ivl_110", 0 0, L_0000024d71fb6ec0;  1 drivers
v0000024d71f99ca0_0 .net *"_ivl_112", 0 0, L_0000024d71fb7320;  1 drivers
v0000024d71f9b500_0 .net *"_ivl_113", 0 0, L_0000024d71c1cfb0;  1 drivers
v0000024d71f99de0_0 .net *"_ivl_116", 0 0, L_0000024d71fb7140;  1 drivers
v0000024d71f9a7e0_0 .net *"_ivl_117", 0 0, L_0000024d71c1d020;  1 drivers
v0000024d71f99e80_0 .net *"_ivl_120", 0 0, L_0000024d71fb4f80;  1 drivers
v0000024d71f99f20_0 .net *"_ivl_121", 0 0, L_0000024d71c1d250;  1 drivers
v0000024d71f9b5a0_0 .net *"_ivl_123", 0 0, L_0000024d71c1d090;  1 drivers
v0000024d71f9a060_0 .net *"_ivl_126", 0 0, L_0000024d71fb6600;  1 drivers
v0000024d71f9a100_0 .net *"_ivl_128", 0 0, L_0000024d71fb6ce0;  1 drivers
v0000024d71f9b820_0 .net *"_ivl_129", 0 0, L_0000024d71c1d100;  1 drivers
v0000024d71f9a1a0_0 .net *"_ivl_13", 0 0, L_0000024d71fb4d00;  1 drivers
v0000024d71f9a240_0 .net *"_ivl_132", 0 0, L_0000024d71fb6380;  1 drivers
v0000024d71f9a880_0 .net *"_ivl_133", 0 0, L_0000024d71c1d170;  1 drivers
v0000024d71f9aa60_0 .net *"_ivl_136", 0 0, L_0000024d71fb6740;  1 drivers
v0000024d71f9b780_0 .net *"_ivl_137", 0 0, L_0000024d71c1d1e0;  1 drivers
v0000024d71f9b8c0_0 .net *"_ivl_140", 0 0, L_0000024d71fb7280;  1 drivers
v0000024d71f9ab00_0 .net *"_ivl_141", 0 0, L_0000024d71c1d2c0;  1 drivers
v0000024d71f9aba0_0 .net *"_ivl_143", 0 0, L_0000024d71fbfe00;  1 drivers
v0000024d71f9cf40_0 .net *"_ivl_146", 3 0, L_0000024d71fb5b60;  1 drivers
v0000024d71f9ca40_0 .net *"_ivl_15", 0 0, L_0000024d71fb3180;  1 drivers
v0000024d71f9d3a0_0 .net *"_ivl_152", 0 0, L_0000024d71fb5020;  1 drivers
v0000024d71f9c720_0 .net *"_ivl_154", 0 0, L_0000024d71fb5e80;  1 drivers
v0000024d71f9c2c0_0 .net *"_ivl_156", 0 0, L_0000024d71fb5340;  1 drivers
v0000024d71f9d080_0 .net *"_ivl_157", 0 0, L_0000024d71fbfa80;  1 drivers
v0000024d71f9cfe0_0 .net *"_ivl_159", 0 0, L_0000024d71fc0030;  1 drivers
v0000024d71f9c7c0_0 .net *"_ivl_16", 0 0, L_0000024d71c1cca0;  1 drivers
v0000024d71f9c860_0 .net *"_ivl_162", 0 0, L_0000024d71fb5a20;  1 drivers
v0000024d71f9bdc0_0 .net *"_ivl_164", 0 0, L_0000024d71fb66a0;  1 drivers
v0000024d71f9c400_0 .net *"_ivl_165", 0 0, L_0000024d71fbf540;  1 drivers
v0000024d71f9cb80_0 .net *"_ivl_168", 0 0, L_0000024d71fb5480;  1 drivers
v0000024d71f9cc20_0 .net *"_ivl_169", 0 0, L_0000024d71fbecf0;  1 drivers
v0000024d71f9cd60_0 .net *"_ivl_171", 0 0, L_0000024d71fc02d0;  1 drivers
v0000024d71f9be60_0 .net *"_ivl_174", 0 0, L_0000024d71fb73c0;  1 drivers
v0000024d71f9c4a0_0 .net *"_ivl_176", 0 0, L_0000024d71fb53e0;  1 drivers
v0000024d71f9d120_0 .net *"_ivl_177", 0 0, L_0000024d71fbeb30;  1 drivers
v0000024d71f9c040_0 .net *"_ivl_18", 0 0, L_0000024d71c1bb20;  1 drivers
v0000024d71f9d1c0_0 .net *"_ivl_180", 0 0, L_0000024d71fb6b00;  1 drivers
v0000024d71f9c900_0 .net *"_ivl_181", 0 0, L_0000024d71fc0110;  1 drivers
v0000024d71f9ccc0_0 .net *"_ivl_184", 0 0, L_0000024d71fb67e0;  1 drivers
v0000024d71f9c540_0 .net *"_ivl_185", 0 0, L_0000024d71fbeeb0;  1 drivers
v0000024d71f9d260_0 .net *"_ivl_190", 0 0, L_0000024d71fb64c0;  1 drivers
v0000024d71f9bd20_0 .net *"_ivl_192", 0 0, L_0000024d71fb5520;  1 drivers
v0000024d71f9d300_0 .net *"_ivl_193", 0 0, L_0000024d71fbf930;  1 drivers
v0000024d71f9c0e0_0 .net *"_ivl_196", 0 0, L_0000024d71fb5200;  1 drivers
v0000024d71f9c180_0 .net *"_ivl_197", 0 0, L_0000024d71fbfa10;  1 drivers
v0000024d71f9c5e0_0 .net *"_ivl_200", 0 0, L_0000024d71fb6880;  1 drivers
v0000024d71f9c220_0 .net *"_ivl_23", 0 0, L_0000024d71fb2be0;  1 drivers
v0000024d71f9bf00_0 .net *"_ivl_25", 0 0, L_0000024d71fb39a0;  1 drivers
v0000024d71f9cae0_0 .net *"_ivl_27", 0 0, L_0000024d71fb3360;  1 drivers
v0000024d71f9c360_0 .net *"_ivl_28", 0 0, L_0000024d71c1bdc0;  1 drivers
v0000024d71f9bfa0_0 .net *"_ivl_3", 0 0, L_0000024d71c1c8b0;  1 drivers
v0000024d71f9c680_0 .net *"_ivl_30", 0 0, L_0000024d71c1bab0;  1 drivers
v0000024d71f9c9a0_0 .net *"_ivl_33", 0 0, L_0000024d71fb2fa0;  1 drivers
v0000024d71f9ce00_0 .net *"_ivl_35", 0 0, L_0000024d71fb2d20;  1 drivers
v0000024d71f9cea0_0 .net *"_ivl_36", 0 0, L_0000024d71c1cd80;  1 drivers
v0000024d71f9e8e0_0 .net *"_ivl_39", 0 0, L_0000024d71fb3c20;  1 drivers
v0000024d71f9e7a0_0 .net *"_ivl_40", 0 0, L_0000024d71c1c1b0;  1 drivers
v0000024d71f9fe20_0 .net *"_ivl_42", 0 0, L_0000024d71c1b880;  1 drivers
v0000024d71f9e160_0 .net *"_ivl_47", 0 0, L_0000024d71fb2dc0;  1 drivers
v0000024d71f9f1a0_0 .net *"_ivl_49", 0 0, L_0000024d71fb4800;  1 drivers
v0000024d71f9f7e0_0 .net *"_ivl_51", 0 0, L_0000024d71fb3040;  1 drivers
v0000024d71f9d940_0 .net *"_ivl_52", 0 0, L_0000024d71c1c220;  1 drivers
v0000024d71f9fa60_0 .net *"_ivl_54", 0 0, L_0000024d71c1c3e0;  1 drivers
v0000024d71f9ed40_0 .net *"_ivl_57", 0 0, L_0000024d71fb32c0;  1 drivers
v0000024d71f9f100_0 .net *"_ivl_59", 0 0, L_0000024d71fb3400;  1 drivers
v0000024d71f9eac0_0 .net *"_ivl_60", 0 0, L_0000024d71c1c370;  1 drivers
v0000024d71f9d9e0_0 .net *"_ivl_63", 0 0, L_0000024d71fb49e0;  1 drivers
v0000024d71f9e5c0_0 .net *"_ivl_64", 0 0, L_0000024d71c1c4c0;  1 drivers
v0000024d71f9f2e0_0 .net *"_ivl_66", 0 0, L_0000024d71c1bce0;  1 drivers
v0000024d71f9f380_0 .net *"_ivl_69", 0 0, L_0000024d71fb3540;  1 drivers
v0000024d71f9f560_0 .net *"_ivl_71", 0 0, L_0000024d71fb26e0;  1 drivers
v0000024d71f9db20_0 .net *"_ivl_72", 0 0, L_0000024d71c1c450;  1 drivers
v0000024d71f9e520_0 .net *"_ivl_75", 0 0, L_0000024d71fb3ae0;  1 drivers
v0000024d71f9f9c0_0 .net *"_ivl_76", 0 0, L_0000024d71c1cdf0;  1 drivers
v0000024d71f9dee0_0 .net *"_ivl_79", 0 0, L_0000024d71fb3b80;  1 drivers
v0000024d71f9fba0_0 .net *"_ivl_80", 0 0, L_0000024d71c1ca00;  1 drivers
v0000024d71f9eb60_0 .net *"_ivl_82", 0 0, L_0000024d71c1c530;  1 drivers
v0000024d71f9f420_0 .net *"_ivl_88", 0 0, L_0000024d71fb6420;  1 drivers
v0000024d71f9e700_0 .net *"_ivl_90", 0 0, L_0000024d71fb5ac0;  1 drivers
v0000024d71f9fd80_0 .net *"_ivl_92", 0 0, L_0000024d71fb6560;  1 drivers
v0000024d71fa00a0_0 .net *"_ivl_93", 0 0, L_0000024d71c1b9d0;  1 drivers
v0000024d71f9f880_0 .net *"_ivl_95", 0 0, L_0000024d71c1c680;  1 drivers
v0000024d71f9dbc0_0 .net *"_ivl_98", 0 0, L_0000024d71fb7500;  1 drivers
v0000024d71f9dda0_0 .net "cin", 0 0, L_0000024d71fb71e0;  1 drivers
L_0000024d71fb46c0 .part L_0000024d71c1c920, 0, 1;
L_0000024d71fb4d00 .part L_0000024d71c1b960, 0, 1;
L_0000024d71fb3180 .part L_0000024d71fb5de0, 0, 1;
L_0000024d71fb2be0 .part L_0000024d71c1c920, 1, 1;
L_0000024d71fb39a0 .part L_0000024d71c1b960, 1, 1;
L_0000024d71fb3360 .part L_0000024d71c1c920, 0, 1;
L_0000024d71fb2fa0 .part L_0000024d71c1b960, 1, 1;
L_0000024d71fb2d20 .part L_0000024d71c1b960, 0, 1;
L_0000024d71fb3c20 .part L_0000024d71fb5de0, 0, 1;
L_0000024d71fb2dc0 .part L_0000024d71c1c920, 2, 1;
L_0000024d71fb4800 .part L_0000024d71c1b960, 2, 1;
L_0000024d71fb3040 .part L_0000024d71c1c920, 1, 1;
L_0000024d71fb32c0 .part L_0000024d71c1b960, 2, 1;
L_0000024d71fb3400 .part L_0000024d71c1b960, 1, 1;
L_0000024d71fb49e0 .part L_0000024d71c1c920, 0, 1;
L_0000024d71fb3540 .part L_0000024d71c1b960, 2, 1;
L_0000024d71fb26e0 .part L_0000024d71c1b960, 1, 1;
L_0000024d71fb3ae0 .part L_0000024d71c1b960, 0, 1;
L_0000024d71fb3b80 .part L_0000024d71fb5de0, 0, 1;
LS_0000024d71fb5de0_0_0 .concat8 [ 1 1 1 1], L_0000024d71c1c8b0, L_0000024d71c1bb20, L_0000024d71c1b880, L_0000024d71c1c530;
LS_0000024d71fb5de0_0_4 .concat8 [ 1 0 0 0], L_0000024d71fbfe00;
L_0000024d71fb5de0 .concat8 [ 4 1 0 0], LS_0000024d71fb5de0_0_0, LS_0000024d71fb5de0_0_4;
L_0000024d71fb6420 .part L_0000024d71c1c920, 3, 1;
L_0000024d71fb5ac0 .part L_0000024d71c1b960, 3, 1;
L_0000024d71fb6560 .part L_0000024d71c1c920, 2, 1;
L_0000024d71fb7500 .part L_0000024d71c1b960, 3, 1;
L_0000024d71fb6f60 .part L_0000024d71c1b960, 2, 1;
L_0000024d71fb6c40 .part L_0000024d71c1c920, 1, 1;
L_0000024d71fb6ec0 .part L_0000024d71c1b960, 3, 1;
L_0000024d71fb7320 .part L_0000024d71c1b960, 2, 1;
L_0000024d71fb7140 .part L_0000024d71c1b960, 1, 1;
L_0000024d71fb4f80 .part L_0000024d71c1c920, 0, 1;
L_0000024d71fb6600 .part L_0000024d71c1b960, 3, 1;
L_0000024d71fb6ce0 .part L_0000024d71c1b960, 2, 1;
L_0000024d71fb6380 .part L_0000024d71c1b960, 1, 1;
L_0000024d71fb6740 .part L_0000024d71c1b960, 0, 1;
L_0000024d71fb7280 .part L_0000024d71fb5de0, 0, 1;
L_0000024d71fb5b60 .part L_0000024d71fb5de0, 0, 4;
L_0000024d71fb5660 .part L_0000024d71fb5de0, 4, 1;
L_0000024d71fb5020 .part L_0000024d71c1c920, 3, 1;
L_0000024d71fb5e80 .part L_0000024d71c1b960, 3, 1;
L_0000024d71fb5340 .part L_0000024d71c1c920, 2, 1;
L_0000024d71fb5a20 .part L_0000024d71c1b960, 3, 1;
L_0000024d71fb66a0 .part L_0000024d71c1b960, 2, 1;
L_0000024d71fb5480 .part L_0000024d71c1c920, 1, 1;
L_0000024d71fb73c0 .part L_0000024d71c1b960, 3, 1;
L_0000024d71fb53e0 .part L_0000024d71c1b960, 2, 1;
L_0000024d71fb6b00 .part L_0000024d71c1b960, 1, 1;
L_0000024d71fb67e0 .part L_0000024d71c1c920, 0, 1;
L_0000024d71fb64c0 .part L_0000024d71c1b960, 3, 1;
L_0000024d71fb5520 .part L_0000024d71c1b960, 2, 1;
L_0000024d71fb5200 .part L_0000024d71c1b960, 1, 1;
L_0000024d71fb6880 .part L_0000024d71c1b960, 0, 1;
S_0000024d71b32e90 .scope module, "block3" "st_4bit_adder" 3 21, 4 1 0, S_0000024d71b6fbd0;
 .timescale -9 -9;
    .port_info 0 /INPUT 4 "A";
    .port_info 1 /INPUT 4 "B";
    .port_info 2 /INPUT 1 "cin";
    .port_info 3 /OUTPUT 4 "S";
    .port_info 4 /OUTPUT 1 "Cout";
    .port_info 5 /OUTPUT 1 "Gg";
    .port_info 6 /OUTPUT 1 "Pg";
L_0000024d71fbeba0 .functor BUFZ 1, L_0000024d71fb78c0, C4<0>, C4<0>, C4<0>;
L_0000024d71fbfe70 .functor AND 4, L_0000024d71fb9c60, L_0000024d71fb9300, C4<1111>, C4<1111>;
L_0000024d71fc03b0 .functor XOR 4, L_0000024d71fb9c60, L_0000024d71fb9300, C4<0000>, C4<0000>;
L_0000024d71fc0500 .functor AND 1, L_0000024d71fb4ee0, L_0000024d71fb70a0, C4<1>, C4<1>;
L_0000024d71fbf4d0 .functor OR 1, L_0000024d71fb7460, L_0000024d71fc0500, C4<0>, C4<0>;
L_0000024d71fc0340 .functor AND 1, L_0000024d71fb6ba0, L_0000024d71fb75a0, C4<1>, C4<1>;
L_0000024d71fc0570 .functor OR 1, L_0000024d71fb5f20, L_0000024d71fc0340, C4<0>, C4<0>;
L_0000024d71fc0420 .functor AND 1, L_0000024d71fb6060, L_0000024d71fb5980, C4<1>, C4<1>;
L_0000024d71fbfee0 .functor AND 1, L_0000024d71fc0420, L_0000024d71fb6100, C4<1>, C4<1>;
L_0000024d71fc00a0 .functor OR 1, L_0000024d71fc0570, L_0000024d71fbfee0, C4<0>, C4<0>;
L_0000024d71fbfcb0 .functor AND 1, L_0000024d71fb50c0, L_0000024d71fb6920, C4<1>, C4<1>;
L_0000024d71fc05e0 .functor OR 1, L_0000024d71fb6d80, L_0000024d71fbfcb0, C4<0>, C4<0>;
L_0000024d71fc0490 .functor AND 1, L_0000024d71fb5c00, L_0000024d71fb7000, C4<1>, C4<1>;
L_0000024d71fbedd0 .functor AND 1, L_0000024d71fc0490, L_0000024d71fb5fc0, C4<1>, C4<1>;
L_0000024d71fbee40 .functor OR 1, L_0000024d71fc05e0, L_0000024d71fbedd0, C4<0>, C4<0>;
L_0000024d71fbf5b0 .functor AND 1, L_0000024d71fb61a0, L_0000024d71fb69c0, C4<1>, C4<1>;
L_0000024d71fc0650 .functor AND 1, L_0000024d71fbf5b0, L_0000024d71fb5700, C4<1>, C4<1>;
L_0000024d71fbfd20 .functor AND 1, L_0000024d71fc0650, L_0000024d71fb7640, C4<1>, C4<1>;
L_0000024d71fbfd90 .functor OR 1, L_0000024d71fbee40, L_0000024d71fbfd20, C4<0>, C4<0>;
L_0000024d71fbfb60 .functor AND 1, L_0000024d71fb55c0, L_0000024d71fb6a60, C4<1>, C4<1>;
L_0000024d71fc06c0 .functor OR 1, L_0000024d71fb5160, L_0000024d71fbfb60, C4<0>, C4<0>;
L_0000024d71fbef90 .functor AND 1, L_0000024d71fb5ca0, L_0000024d71fb62e0, C4<1>, C4<1>;
L_0000024d71fbec10 .functor AND 1, L_0000024d71fbef90, L_0000024d71fb6e20, C4<1>, C4<1>;
L_0000024d71fbec80 .functor OR 1, L_0000024d71fc06c0, L_0000024d71fbec10, C4<0>, C4<0>;
L_0000024d71fbf620 .functor AND 1, L_0000024d71fb57a0, L_0000024d71fb5840, C4<1>, C4<1>;
L_0000024d71fbf310 .functor AND 1, L_0000024d71fbf620, L_0000024d71fb58e0, C4<1>, C4<1>;
L_0000024d71fbed60 .functor AND 1, L_0000024d71fbf310, L_0000024d71fb7e60, C4<1>, C4<1>;
L_0000024d71fbef20 .functor OR 1, L_0000024d71fbec80, L_0000024d71fbed60, C4<0>, C4<0>;
L_0000024d71fbf000 .functor AND 1, L_0000024d71fb7c80, L_0000024d71fb87c0, C4<1>, C4<1>;
L_0000024d71fbf070 .functor AND 1, L_0000024d71fbf000, L_0000024d71fb7fa0, C4<1>, C4<1>;
L_0000024d71fbf700 .functor AND 1, L_0000024d71fbf070, L_0000024d71fb7d20, C4<1>, C4<1>;
L_0000024d71fbfbd0 .functor AND 1, L_0000024d71fbf700, L_0000024d71fb7f00, C4<1>, C4<1>;
L_0000024d71fbf770 .functor OR 1, L_0000024d71fbef20, L_0000024d71fbfbd0, C4<0>, C4<0>;
L_0000024d71fbf0e0 .functor XOR 4, L_0000024d71fc03b0, L_0000024d71fb8b80, C4<0000>, C4<0000>;
L_0000024d71fbfc40 .functor AND 1, L_0000024d71fb8ae0, L_0000024d71fb80e0, C4<1>, C4<1>;
L_0000024d71fbff50 .functor OR 1, L_0000024d71fb8c20, L_0000024d71fbfc40, C4<0>, C4<0>;
L_0000024d71fbf150 .functor AND 1, L_0000024d71fb7aa0, L_0000024d71fb8a40, C4<1>, C4<1>;
L_0000024d71fbffc0 .functor AND 1, L_0000024d71fbf150, L_0000024d71fb7b40, C4<1>, C4<1>;
L_0000024d71fbf1c0 .functor OR 1, L_0000024d71fbff50, L_0000024d71fbffc0, C4<0>, C4<0>;
L_0000024d71fbf230 .functor AND 1, L_0000024d71fb8d60, L_0000024d71fb93a0, C4<1>, C4<1>;
L_0000024d71fbf460 .functor AND 1, L_0000024d71fbf230, L_0000024d71fb98a0, C4<1>, C4<1>;
L_0000024d71fbf7e0 .functor AND 1, L_0000024d71fbf460, L_0000024d71fb8e00, C4<1>, C4<1>;
L_0000024d71fbf2a0 .functor OR 1, L_0000024d71fbf1c0, L_0000024d71fbf7e0, C4<0>, C4<0>;
L_0000024d71fbf3f0 .functor AND 1, L_0000024d71fb9940, L_0000024d71fb8220, C4<1>, C4<1>;
L_0000024d71fc0180 .functor AND 1, L_0000024d71fbf3f0, L_0000024d71fb8860, C4<1>, C4<1>;
L_0000024d71fc01f0 .functor AND 1, L_0000024d71fc0180, L_0000024d71fb94e0, C4<1>, C4<1>;
v0000024d71f9ec00_0 .net "A", 3 0, L_0000024d71fb9c60;  1 drivers
v0000024d71f9da80_0 .net "B", 3 0, L_0000024d71fb9300;  1 drivers
v0000024d71f9fb00_0 .net "C", 4 0, L_0000024d71fb6240;  1 drivers
v0000024d71f9ff60_0 .net "Cout", 0 0, L_0000024d71fb7a00;  1 drivers
v0000024d71f9e3e0_0 .net "G", 3 0, L_0000024d71fbfe70;  1 drivers
v0000024d71f9df80_0 .net "Gg", 0 0, L_0000024d71fbf2a0;  1 drivers
v0000024d71f9fec0_0 .net "P", 3 0, L_0000024d71fc03b0;  1 drivers
v0000024d71f9f4c0_0 .net "Pg", 0 0, L_0000024d71fc01f0;  1 drivers
v0000024d71f9ea20_0 .net "S", 3 0, L_0000024d71fbf0e0;  1 drivers
v0000024d71f9fc40_0 .net *"_ivl_100", 0 0, L_0000024d71fb62e0;  1 drivers
v0000024d71f9efc0_0 .net *"_ivl_101", 0 0, L_0000024d71fbef90;  1 drivers
v0000024d71f9f240_0 .net *"_ivl_104", 0 0, L_0000024d71fb6e20;  1 drivers
v0000024d71f9e660_0 .net *"_ivl_105", 0 0, L_0000024d71fbec10;  1 drivers
v0000024d71f9e840_0 .net *"_ivl_107", 0 0, L_0000024d71fbec80;  1 drivers
v0000024d71f9f600_0 .net *"_ivl_11", 0 0, L_0000024d71fb7460;  1 drivers
v0000024d71fa0000_0 .net *"_ivl_110", 0 0, L_0000024d71fb57a0;  1 drivers
v0000024d71f9dc60_0 .net *"_ivl_112", 0 0, L_0000024d71fb5840;  1 drivers
v0000024d71f9e980_0 .net *"_ivl_113", 0 0, L_0000024d71fbf620;  1 drivers
v0000024d71f9fce0_0 .net *"_ivl_116", 0 0, L_0000024d71fb58e0;  1 drivers
v0000024d71f9e0c0_0 .net *"_ivl_117", 0 0, L_0000024d71fbf310;  1 drivers
v0000024d71f9dd00_0 .net *"_ivl_120", 0 0, L_0000024d71fb7e60;  1 drivers
v0000024d71f9de40_0 .net *"_ivl_121", 0 0, L_0000024d71fbed60;  1 drivers
v0000024d71f9e020_0 .net *"_ivl_123", 0 0, L_0000024d71fbef20;  1 drivers
v0000024d71f9f740_0 .net *"_ivl_126", 0 0, L_0000024d71fb7c80;  1 drivers
v0000024d71f9eca0_0 .net *"_ivl_128", 0 0, L_0000024d71fb87c0;  1 drivers
v0000024d71f9e480_0 .net *"_ivl_129", 0 0, L_0000024d71fbf000;  1 drivers
v0000024d71f9f6a0_0 .net *"_ivl_13", 0 0, L_0000024d71fb4ee0;  1 drivers
v0000024d71f9f920_0 .net *"_ivl_132", 0 0, L_0000024d71fb7fa0;  1 drivers
v0000024d71f9e200_0 .net *"_ivl_133", 0 0, L_0000024d71fbf070;  1 drivers
v0000024d71f9e2a0_0 .net *"_ivl_136", 0 0, L_0000024d71fb7d20;  1 drivers
v0000024d71f9e340_0 .net *"_ivl_137", 0 0, L_0000024d71fbf700;  1 drivers
v0000024d71f9ee80_0 .net *"_ivl_140", 0 0, L_0000024d71fb7f00;  1 drivers
v0000024d71f9ede0_0 .net *"_ivl_141", 0 0, L_0000024d71fbfbd0;  1 drivers
v0000024d71f9ef20_0 .net *"_ivl_143", 0 0, L_0000024d71fbf770;  1 drivers
v0000024d71f9f060_0 .net *"_ivl_146", 3 0, L_0000024d71fb8b80;  1 drivers
v0000024d71fa1180_0 .net *"_ivl_15", 0 0, L_0000024d71fb70a0;  1 drivers
v0000024d71fa0460_0 .net *"_ivl_152", 0 0, L_0000024d71fb8c20;  1 drivers
v0000024d71fa0500_0 .net *"_ivl_154", 0 0, L_0000024d71fb8ae0;  1 drivers
v0000024d71fa03c0_0 .net *"_ivl_156", 0 0, L_0000024d71fb80e0;  1 drivers
v0000024d71fa0dc0_0 .net *"_ivl_157", 0 0, L_0000024d71fbfc40;  1 drivers
v0000024d71fa06e0_0 .net *"_ivl_159", 0 0, L_0000024d71fbff50;  1 drivers
v0000024d71fa05a0_0 .net *"_ivl_16", 0 0, L_0000024d71fc0500;  1 drivers
v0000024d71fa08c0_0 .net *"_ivl_162", 0 0, L_0000024d71fb7aa0;  1 drivers
v0000024d71fa0320_0 .net *"_ivl_164", 0 0, L_0000024d71fb8a40;  1 drivers
v0000024d71fa1220_0 .net *"_ivl_165", 0 0, L_0000024d71fbf150;  1 drivers
v0000024d71fa0d20_0 .net *"_ivl_168", 0 0, L_0000024d71fb7b40;  1 drivers
v0000024d71fa0280_0 .net *"_ivl_169", 0 0, L_0000024d71fbffc0;  1 drivers
v0000024d71fa0e60_0 .net *"_ivl_171", 0 0, L_0000024d71fbf1c0;  1 drivers
v0000024d71fa1720_0 .net *"_ivl_174", 0 0, L_0000024d71fb8d60;  1 drivers
v0000024d71fa0640_0 .net *"_ivl_176", 0 0, L_0000024d71fb93a0;  1 drivers
v0000024d71fa0f00_0 .net *"_ivl_177", 0 0, L_0000024d71fbf230;  1 drivers
v0000024d71fa0140_0 .net *"_ivl_18", 0 0, L_0000024d71fbf4d0;  1 drivers
v0000024d71fa0780_0 .net *"_ivl_180", 0 0, L_0000024d71fb98a0;  1 drivers
v0000024d71fa1540_0 .net *"_ivl_181", 0 0, L_0000024d71fbf460;  1 drivers
v0000024d71fa0a00_0 .net *"_ivl_184", 0 0, L_0000024d71fb8e00;  1 drivers
v0000024d71fa17c0_0 .net *"_ivl_185", 0 0, L_0000024d71fbf7e0;  1 drivers
v0000024d71fa0aa0_0 .net *"_ivl_190", 0 0, L_0000024d71fb9940;  1 drivers
v0000024d71fa0be0_0 .net *"_ivl_192", 0 0, L_0000024d71fb8220;  1 drivers
v0000024d71fa01e0_0 .net *"_ivl_193", 0 0, L_0000024d71fbf3f0;  1 drivers
v0000024d71fa0820_0 .net *"_ivl_196", 0 0, L_0000024d71fb8860;  1 drivers
v0000024d71fa0fa0_0 .net *"_ivl_197", 0 0, L_0000024d71fc0180;  1 drivers
v0000024d71fa0960_0 .net *"_ivl_200", 0 0, L_0000024d71fb94e0;  1 drivers
v0000024d71fa15e0_0 .net *"_ivl_23", 0 0, L_0000024d71fb5f20;  1 drivers
v0000024d71fa0b40_0 .net *"_ivl_25", 0 0, L_0000024d71fb6ba0;  1 drivers
v0000024d71fa0c80_0 .net *"_ivl_27", 0 0, L_0000024d71fb75a0;  1 drivers
v0000024d71fa1040_0 .net *"_ivl_28", 0 0, L_0000024d71fc0340;  1 drivers
v0000024d71fa12c0_0 .net *"_ivl_3", 0 0, L_0000024d71fbeba0;  1 drivers
v0000024d71fa10e0_0 .net *"_ivl_30", 0 0, L_0000024d71fc0570;  1 drivers
v0000024d71fa1360_0 .net *"_ivl_33", 0 0, L_0000024d71fb6060;  1 drivers
v0000024d71fa1400_0 .net *"_ivl_35", 0 0, L_0000024d71fb5980;  1 drivers
v0000024d71fa14a0_0 .net *"_ivl_36", 0 0, L_0000024d71fc0420;  1 drivers
v0000024d71fa1680_0 .net *"_ivl_39", 0 0, L_0000024d71fb6100;  1 drivers
v0000024d71fa6300_0 .net *"_ivl_40", 0 0, L_0000024d71fbfee0;  1 drivers
v0000024d71fa7fc0_0 .net *"_ivl_42", 0 0, L_0000024d71fc00a0;  1 drivers
v0000024d71fa82e0_0 .net *"_ivl_47", 0 0, L_0000024d71fb6d80;  1 drivers
v0000024d71fa5f40_0 .net *"_ivl_49", 0 0, L_0000024d71fb50c0;  1 drivers
v0000024d71fa77a0_0 .net *"_ivl_51", 0 0, L_0000024d71fb6920;  1 drivers
v0000024d71fa7d40_0 .net *"_ivl_52", 0 0, L_0000024d71fbfcb0;  1 drivers
v0000024d71fa6f80_0 .net *"_ivl_54", 0 0, L_0000024d71fc05e0;  1 drivers
v0000024d71fa61c0_0 .net *"_ivl_57", 0 0, L_0000024d71fb5c00;  1 drivers
v0000024d71fa5e00_0 .net *"_ivl_59", 0 0, L_0000024d71fb7000;  1 drivers
v0000024d71fa7980_0 .net *"_ivl_60", 0 0, L_0000024d71fc0490;  1 drivers
v0000024d71fa6bc0_0 .net *"_ivl_63", 0 0, L_0000024d71fb5fc0;  1 drivers
v0000024d71fa7520_0 .net *"_ivl_64", 0 0, L_0000024d71fbedd0;  1 drivers
v0000024d71fa5c20_0 .net *"_ivl_66", 0 0, L_0000024d71fbee40;  1 drivers
v0000024d71fa6ee0_0 .net *"_ivl_69", 0 0, L_0000024d71fb61a0;  1 drivers
v0000024d71fa6580_0 .net *"_ivl_71", 0 0, L_0000024d71fb69c0;  1 drivers
v0000024d71fa63a0_0 .net *"_ivl_72", 0 0, L_0000024d71fbf5b0;  1 drivers
v0000024d71fa6940_0 .net *"_ivl_75", 0 0, L_0000024d71fb5700;  1 drivers
v0000024d71fa6620_0 .net *"_ivl_76", 0 0, L_0000024d71fc0650;  1 drivers
v0000024d71fa7340_0 .net *"_ivl_79", 0 0, L_0000024d71fb7640;  1 drivers
v0000024d71fa6440_0 .net *"_ivl_80", 0 0, L_0000024d71fbfd20;  1 drivers
v0000024d71fa70c0_0 .net *"_ivl_82", 0 0, L_0000024d71fbfd90;  1 drivers
v0000024d71fa5ea0_0 .net *"_ivl_88", 0 0, L_0000024d71fb5160;  1 drivers
v0000024d71fa8100_0 .net *"_ivl_90", 0 0, L_0000024d71fb55c0;  1 drivers
v0000024d71fa6120_0 .net *"_ivl_92", 0 0, L_0000024d71fb6a60;  1 drivers
v0000024d71fa81a0_0 .net *"_ivl_93", 0 0, L_0000024d71fbfb60;  1 drivers
v0000024d71fa6080_0 .net *"_ivl_95", 0 0, L_0000024d71fc06c0;  1 drivers
v0000024d71fa64e0_0 .net *"_ivl_98", 0 0, L_0000024d71fb5ca0;  1 drivers
v0000024d71fa8060_0 .net "cin", 0 0, L_0000024d71fb78c0;  1 drivers
L_0000024d71fb7460 .part L_0000024d71fbfe70, 0, 1;
L_0000024d71fb4ee0 .part L_0000024d71fc03b0, 0, 1;
L_0000024d71fb70a0 .part L_0000024d71fb6240, 0, 1;
L_0000024d71fb5f20 .part L_0000024d71fbfe70, 1, 1;
L_0000024d71fb6ba0 .part L_0000024d71fc03b0, 1, 1;
L_0000024d71fb75a0 .part L_0000024d71fbfe70, 0, 1;
L_0000024d71fb6060 .part L_0000024d71fc03b0, 1, 1;
L_0000024d71fb5980 .part L_0000024d71fc03b0, 0, 1;
L_0000024d71fb6100 .part L_0000024d71fb6240, 0, 1;
L_0000024d71fb6d80 .part L_0000024d71fbfe70, 2, 1;
L_0000024d71fb50c0 .part L_0000024d71fc03b0, 2, 1;
L_0000024d71fb6920 .part L_0000024d71fbfe70, 1, 1;
L_0000024d71fb5c00 .part L_0000024d71fc03b0, 2, 1;
L_0000024d71fb7000 .part L_0000024d71fc03b0, 1, 1;
L_0000024d71fb5fc0 .part L_0000024d71fbfe70, 0, 1;
L_0000024d71fb61a0 .part L_0000024d71fc03b0, 2, 1;
L_0000024d71fb69c0 .part L_0000024d71fc03b0, 1, 1;
L_0000024d71fb5700 .part L_0000024d71fc03b0, 0, 1;
L_0000024d71fb7640 .part L_0000024d71fb6240, 0, 1;
LS_0000024d71fb6240_0_0 .concat8 [ 1 1 1 1], L_0000024d71fbeba0, L_0000024d71fbf4d0, L_0000024d71fc00a0, L_0000024d71fbfd90;
LS_0000024d71fb6240_0_4 .concat8 [ 1 0 0 0], L_0000024d71fbf770;
L_0000024d71fb6240 .concat8 [ 4 1 0 0], LS_0000024d71fb6240_0_0, LS_0000024d71fb6240_0_4;
L_0000024d71fb5160 .part L_0000024d71fbfe70, 3, 1;
L_0000024d71fb55c0 .part L_0000024d71fc03b0, 3, 1;
L_0000024d71fb6a60 .part L_0000024d71fbfe70, 2, 1;
L_0000024d71fb5ca0 .part L_0000024d71fc03b0, 3, 1;
L_0000024d71fb62e0 .part L_0000024d71fc03b0, 2, 1;
L_0000024d71fb6e20 .part L_0000024d71fbfe70, 1, 1;
L_0000024d71fb57a0 .part L_0000024d71fc03b0, 3, 1;
L_0000024d71fb5840 .part L_0000024d71fc03b0, 2, 1;
L_0000024d71fb58e0 .part L_0000024d71fc03b0, 1, 1;
L_0000024d71fb7e60 .part L_0000024d71fbfe70, 0, 1;
L_0000024d71fb7c80 .part L_0000024d71fc03b0, 3, 1;
L_0000024d71fb87c0 .part L_0000024d71fc03b0, 2, 1;
L_0000024d71fb7fa0 .part L_0000024d71fc03b0, 1, 1;
L_0000024d71fb7d20 .part L_0000024d71fc03b0, 0, 1;
L_0000024d71fb7f00 .part L_0000024d71fb6240, 0, 1;
L_0000024d71fb8b80 .part L_0000024d71fb6240, 0, 4;
L_0000024d71fb7a00 .part L_0000024d71fb6240, 4, 1;
L_0000024d71fb8c20 .part L_0000024d71fbfe70, 3, 1;
L_0000024d71fb8ae0 .part L_0000024d71fc03b0, 3, 1;
L_0000024d71fb80e0 .part L_0000024d71fbfe70, 2, 1;
L_0000024d71fb7aa0 .part L_0000024d71fc03b0, 3, 1;
L_0000024d71fb8a40 .part L_0000024d71fc03b0, 2, 1;
L_0000024d71fb7b40 .part L_0000024d71fbfe70, 1, 1;
L_0000024d71fb8d60 .part L_0000024d71fc03b0, 3, 1;
L_0000024d71fb93a0 .part L_0000024d71fc03b0, 2, 1;
L_0000024d71fb98a0 .part L_0000024d71fc03b0, 1, 1;
L_0000024d71fb8e00 .part L_0000024d71fbfe70, 0, 1;
L_0000024d71fb9940 .part L_0000024d71fc03b0, 3, 1;
L_0000024d71fb8220 .part L_0000024d71fc03b0, 2, 1;
L_0000024d71fb8860 .part L_0000024d71fc03b0, 1, 1;
L_0000024d71fb94e0 .part L_0000024d71fc03b0, 0, 1;
    .scope S_0000024d71bf6210;
T_0 ;
    %vpi_call 2 12 "$dumpfile", "tb_st_16bit_adder.vcd" {0 0 0};
    %vpi_call 2 13 "$dumpvars", 32'sb00000000000000000000000000000000, S_0000024d71bf6210 {0 0 0};
    %delay 10, 0;
    %pushi/vec4 0, 0, 16;
    %store/vec4 v0000024d71fa8ec0_0, 0, 16;
    %pushi/vec4 0, 0, 16;
    %store/vec4 v0000024d71fa9be0_0, 0, 16;
    %pushi/vec4 1, 0, 1;
    %store/vec4 v0000024d71faa900_0, 0, 1;
    %delay 10, 0;
    %pushi/vec4 1, 0, 16;
    %store/vec4 v0000024d71fa8ec0_0, 0, 16;
    %pushi/vec4 1, 0, 16;
    %store/vec4 v0000024d71fa9be0_0, 0, 16;
    %delay 10, 0;
    %vpi_call 2 22 "$finish" {0 0 0};
    %end;
    .thread T_0;
# The file index is used to find the file name in the following table.
:file_names 5;
    "N/A";
    "<interactive>";
    "tb_st_16bit_adder.v";
    "st_16bit_adder.v";
    "st_4bit_adder.v";
