#! /c/Source/iverilog-install/bin/vvp
:ivl_version "12.0 (devel)" "(s20150603-1110-g18392a46)";
:ivl_delay_selection "TYPICAL";
:vpi_time_precision - 9;
:vpi_module "C:\iverilog\lib\ivl\system.vpi";
:vpi_module "C:\iverilog\lib\ivl\vhdl_sys.vpi";
:vpi_module "C:\iverilog\lib\ivl\vhdl_textio.vpi";
:vpi_module "C:\iverilog\lib\ivl\v2005_math.vpi";
:vpi_module "C:\iverilog\lib\ivl\va_math.vpi";
S_00000227b3ed6ab0 .scope module, "tb_st_half_adder" "tb_st_half_adder" 2 2;
 .timescale -9 -9;
v00000227b3ed6e70_0 .var "A", 0 0;
v00000227b3e1b8e0_0 .var "B", 0 0;
v00000227b3e1b980_0 .net "C", 0 0, L_00000227b3ea3540;  1 drivers
v00000227b3e1ba20_0 .net "S", 0 0, L_00000227b3ed6f10;  1 drivers
v00000227b3e1bac0_0 .var "i", 2 0;
S_00000227b3ed6c40 .scope module, "uut" "st_half_adder" 2 5, 3 1 0, S_00000227b3ed6ab0;
 .timescale -9 -9;
    .port_info 0 /INPUT 1 "A";
    .port_info 1 /INPUT 1 "B";
    .port_info 2 /OUTPUT 1 "S";
    .port_info 3 /OUTPUT 1 "C";
L_00000227b3ed6f10 .functor XOR 1, v00000227b3ed6e70_0, v00000227b3e1b8e0_0, C4<0>, C4<0>;
L_00000227b3ea3540 .functor AND 1, v00000227b3ed6e70_0, v00000227b3e1b8e0_0, C4<1>, C4<1>;
v00000227b3ea33a0_0 .net "A", 0 0, v00000227b3ed6e70_0;  1 drivers
v00000227b3e18500_0 .net "B", 0 0, v00000227b3e1b8e0_0;  1 drivers
v00000227b3ea3110_0 .net "C", 0 0, L_00000227b3ea3540;  alias, 1 drivers
v00000227b3ed6dd0_0 .net "S", 0 0, L_00000227b3ed6f10;  alias, 1 drivers
    .scope S_00000227b3ed6ab0;
T_0 ;
    %vpi_call 2 8 "$dumpfile", "tb_st_half_adder.vcd" {0 0 0};
    %vpi_call 2 9 "$dumpvars", 32'sb00000000000000000000000000000000, S_00000227b3ed6ab0 {0 0 0};
    %pushi/vec4 1, 0, 1;
    %store/vec4 v00000227b3ed6e70_0, 0, 1;
    %pushi/vec4 1, 0, 1;
    %store/vec4 v00000227b3e1b8e0_0, 0, 1;
    %delay 10, 0;
    %load/vec4 v00000227b3ed6e70_0;
    %load/vec4 v00000227b3e1b8e0_0;
    %concat/vec4; draw_concat_vec4
    %pad/u 3;
    %store/vec4 v00000227b3e1bac0_0, 0, 3;
    %delay 10, 0;
    %vpi_call 2 18 "$finish" {0 0 0};
    %end;
    .thread T_0;
# The file index is used to find the file name in the following table.
:file_names 4;
    "N/A";
    "<interactive>";
    "tb_st_half_adder.v";
    "st_half_adder.v";
